[+] Game: single player
[<] NP_version
[>] NP_version
[<] NP_startConn
[>] NP_startConn
[<] NP_userName
[>] NP_userName
[<] NP_newPiece shape=2
[>] NP_newPiece shape=2
[<] NP_boardDump size=40 dump=00000000000000000000000000000000000000000000000000000000000000000000000000000000
[>] NP_boardDump size=40 dump=00000000000000000000000000000000000000000000000000000000000000000000000000000000
[>] NP_down
[>] NP_down
[>] NP_down
[>] NP_down
[>] NP_down
[>] NP_down
[>] NP_down
[>] NP_right
[>] NP_down
[>] NP_right
[>] NP_right
[>] NP_down
[>] NP_right
[>] NP_down
[>] NP_drop
[>] NP_newPiece shape=2
[<] NP_boardDump size=40 dump=00c000c0000000000000000000000000000000000000000000000000000000000000000000000000
[>] NP_rotate
[>] NP_down
[>] NP_right
[>] NP_down
[>] NP_right
[>] NP_down
[>] NP_drop
[>] NP_newPiece shape=17
[<] NP_boardDump size=40 dump=03c003c0000000000000000000000000000000000000000000000000000000000000000000000000
[>] NP_left
[>] NP_down
[>] NP_rotate
[>] NP_down
[>] NP_right
[>] NP_right
[>] NP_down
[>] NP_left
[>] NP_down
[>] NP_drop
[>] NP_newPiece shape=7
[<] NP_boardDump size=40 dump=0bc00fc0040000000000000000000000000000000000000000000000000000000000000000000000
[>] NP_left
[>] NP_down
[>] NP_rotate
[>] NP_left
[>] NP_rotate
[>] NP_down
[>] NP_left
[>] NP_down
[>] NP_left
[>] NP_down
[>] NP_right
[>] NP_drop
[>] NP_newPiece shape=15
[<] NP_boardDump size=40 dump=7bc04fc0040000000000000000000000000000000000000000000000000000000000000000000000
[>] NP_down
[>] NP_left
[>] NP_left
[>] NP_down
[>] NP_down
[>] NP_left
[>] NP_down
[>] NP_right
[>] NP_drop
[>] NP_newPiece shape=0
[<] NP_boardDump size=40 dump=7bc07fc01c0000000000000000000000000000000000000000000000000000000000000000000000
[>] NP_down
[>] NP_rotate
[>] NP_right
[>] NP_down
[>] NP_rotate
[>] NP_right
[>] NP_down
[>] NP_drop
[>] NP_newPiece shape=0
[<] NP_boardDump size=40 dump=7bc07fc01fc000000000000000000000000000000000000000000000000000000000000000000000
[>] NP_down
[>] NP_rotate
[>] NP_left
[>] NP_down
[>] NP_left
[>] NP_left
[>] NP_down
[>] NP_left
[>] NP_down
[>] NP_drop
[>] NP_newPiece shape=17
[<] NP_boardDump size=40 dump=7bc07fc05fc040004000400000000000000000000000000000000000000000000000000000000000
[>] NP_down
[>] NP_rotate
[>] NP_left
[>] NP_left
[>] NP_down
[>] NP_down
[>] NP_drop
[>] NP_newPiece shape=0
[<] NP_boardDump size=40 dump=7bc07fc07fc070005000400000000000000000000000000000000000000000000000000000000000
[>] NP_rotate
[>] NP_down
[>] NP_right
[>] NP_rotate
[>] NP_down
[>] NP_down
[>] NP_left
[>] NP_down
[>] NP_drop
[>] NP_newPiece shape=15
[<] NP_boardDump size=40 dump=7bc07fc07fc07f005000400000000000000000000000000000000000000000000000000000000000
[>] NP_right
[>] NP_rotate
[>] NP_down
[>] NP_right
[>] NP_down
[>] NP_rotate
[>] NP_right
[>] NP_down
[>] NP_left
[>] NP_left
[>] NP_down
[>] NP_rotate
[>] NP_left
[>] NP_down
[>] NP_left
[>] NP_left
[>] NP_down
[>] NP_drop
[>] NP_newPiece shape=11
[<] NP_boardDump size=40 dump=7bc07fc07fc07f005800580010000000000000000000000000000000000000000000000000000000
[>] NP_right
[>] NP_rotate
[>] NP_down
[>] NP_rotate
[>] NP_down
[>] NP_rotate
[>] NP_down
[>] NP_rotate
[>] NP_down
[>] NP_rotate
[>] NP_rotate
[>] NP_down
[>] NP_right
[>] NP_down
[>] NP_rotate
[>] NP_down
[>] NP_right
[>] NP_right
[>] NP_down
[>] NP_down
[>] NP_left
[>] NP_down
[>] NP_rotate
[>] NP_down
[>] NP_left
[>] NP_rotate
[>] NP_down
[>] NP_rotate
[>] NP_rotate
[>] NP_down
[>] NP_rotate
[>] NP_down
[>] NP_rotate
[>] NP_down
[>] NP_rotate
[>] NP_left
[>] NP_down
[>] NP_newPiece shape=7
[<] NP_boardDump size=40 dump=7bc07fc07fc07f005f005a0010000000000000000000000000000000000000000000000000000000
[>] NP_down
[>] NP_down
[>] NP_rotate
[>] NP_down
[>] NP_left
[>] NP_left
[>] NP_down
[>] NP_down
[>] NP_right
[>] NP_down
[>] NP_rotate
[>] NP_rotate
[>] NP_down
[>] NP_right
[>] NP_down
[>] NP_right
[>] NP_down
[>] NP_right
[>] NP_down
[>] NP_right
[>] NP_right
[>] NP_down
[>] NP_down
[>] NP_drop
[>] NP_newPiece shape=2
[<] NP_boardDump size=40 dump=7bc07fc07fc07fc05f405a4010000000000000000000000000000000000000000000000000000000
[>] NP_down
[>] NP_down
[>] NP_down
[>] NP_down
[>] NP_down
[>] NP_right
[>] NP_down
[>] NP_right
[>] NP_right
[>] NP_down
[>] NP_right
[>] NP_down
[>] NP_left
[>] NP_down
[>] NP_drop
[>] NP_newPiece shape=3
[<] NP_boardDump size=40 dump=7bc07fc07fc07fc05f405bc011800000000000000000000000000000000000000000000000000000
[>] NP_down
[>] NP_down
[>] NP_rotate
[>] NP_down
[>] NP_rotate
[>] NP_down
[>] NP_left
[>] NP_rotate
[>] NP_down
[>] NP_left
[>] NP_left
[>] NP_down
[>] NP_left
[>] NP_down
[>] NP_right
[>] NP_drop
[>] NP_newPiece shape=7
[<] NP_boardDump size=40 dump=7bc07fc07fc07fc07f407bc071800000000000000000000000000000000000000000000000000000
[>] NP_down
[>] NP_down
[>] NP_left
[>] NP_rotate
[>] NP_down
[>] NP_rotate
[>] NP_down
[>] NP_rotate
[>] NP_down
[>] NP_rotate
[>] NP_down
[>] NP_right
[>] NP_right
[>] NP_down
[>] NP_right
[>] NP_right
[>] NP_down
[>] NP_drop
[>] NP_newPiece shape=0
[<] NP_boardDump size=40 dump=7bc07fc07fc07fc07f407bc071c001c0000000000000000000000000000000000000000000000000
[>] NP_down
[>] NP_rotate
[>] NP_left
[>] NP_down
[>] NP_left
[>] NP_left
[>] NP_down
[>] NP_left
[>] NP_left
[>] NP_down
[>] NP_drop
[>] NP_clear
[<] NP_points points=3
[>] NP_giveJunk count=2
[>] NP_newPiece shape=17
[<] NP_boardDump size=40 dump=fbc07f407bc071c001c0000000000000000000000000000000000000000000000000000000000000
[>] NP_down
[>] NP_down
[>] NP_down
[>] NP_right
[>] NP_rotate
[>] NP_down
[>] NP_down
[>] NP_drop
[>] NP_newPiece shape=3
[<] NP_boardDump size=40 dump=fbc07f407fc077c003c0000000000000000000000000000000000000000000000000000000000000
[>] NP_down
[>] NP_down
[>] NP_down
[>] NP_rotate
[>] NP_rotate
[>] NP_down
[>] NP_right
[>] NP_down
[>] NP_right
[>] NP_right
[>] NP_down
[>] NP_drop
[>] NP_newPiece shape=3
[<] NP_boardDump size=40 dump=fbc07f407fc077c003c001c000400000000000000000000000000000000000000000000000000000
[>] NP_down
[>] NP_rotate
[>] NP_down
[>] NP_rotate
[>] NP_down
[>] NP_left
[>] NP_left
[>] NP_down
[>] NP_left
[>] NP_down
[>] NP_drop
[>] NP_newPiece shape=3
[<] NP_boardDump size=40 dump=fbc07f407fc077c073c011c000400000000000000000000000000000000000000000000000000000
[>] NP_down
[>] NP_rotate
[>] NP_down
[>] NP_down
[>] NP_left
[>] NP_left
[>] NP_down
[>] NP_left
[>] NP_left
[>] NP_down
[>] NP_down
[>] NP_drop
[>] NP_newPiece shape=7
[<] NP_boardDump size=40 dump=fbc07f407fc077c073c071c040404000000000000000000000000000000000000000000000000000
[>] NP_down
[>] NP_down
[>] NP_rotate
[>] NP_down
[>] NP_rotate
[>] NP_down
[>] NP_left
[>] NP_rotate
[>] NP_left
[>] NP_down
[>] NP_down
[>] NP_drop
[>] NP_newPiece shape=3
[<] NP_boardDump size=40 dump=fbc07f407fc077c073c071c070405000100000000000000000000000000000000000000000000000
[>] NP_down
[>] NP_down
[>] NP_left
[>] NP_rotate
[>] NP_down
[>] NP_rotate
[>] NP_down
[>] NP_rotate
[>] NP_right
[>] NP_rotate
[>] NP_down
[>] NP_right
[>] NP_down
[>] NP_rotate
[>] NP_right
[>] NP_down
[>] NP_drop
[>] NP_newPiece shape=17
[<] NP_boardDump size=40 dump=fbc07f407fc077c073c071c071c05100110000000000000000000000000000000000000000000000
[>] NP_down
[>] NP_rotate
[>] NP_down
[>] NP_left
[>] NP_right
[>] NP_down
[>] NP_drop
[>] NP_newPiece shape=15
[<] NP_boardDump size=40 dump=fbc07f407fc07fc07fc075c071c05100110000000000000000000000000000000000000000000000
[>] NP_down
[>] NP_down
[>] NP_rotate
[>] NP_down
[>] NP_drop
[>] NP_newPiece shape=2
[<] NP_boardDump size=40 dump=fbc07f407fc07fc07fc077c077c05500110000000000000000000000000000000000000000000000
[>] NP_down
[>] NP_down
[>] NP_right
[>] NP_down
[>] NP_right
[>] NP_right
[>] NP_down
[>] NP_right
[>] NP_down
[>] NP_drop
[>] NP_newPiece shape=3
[<] NP_boardDump size=40 dump=fbc07f407fc07fc07fc077c077c055c011c000000000000000000000000000000000000000000000
[>] NP_down
[>] NP_down
[>] NP_rotate
[>] NP_down
[>] NP_down
[>] NP_rotate
[>] NP_down
[>] NP_right
[>] NP_rotate
[>] NP_down
[>] NP_rotate
[>] NP_down
[>] NP_rotate
[>] NP_rotate
[>] NP_down
[>] NP_rotate
[>] NP_down
[>] NP_rotate
[>] NP_rotate
[>] NP_down
[>] NP_rotate
[>] NP_right
[>] NP_down
[>] NP_right
[>] NP_newPiece shape=2
[<] NP_boardDump size=40 dump=fbc07f407fc07fc07fc077c077c055c011c001c00040000000000000000000000000000000000000
[>] NP_down
[>] NP_down
[>] NP_right
[>] NP_right
[>] NP_down
[>] NP_right
[>] NP_down
[>] NP_drop
[>] NP_newPiece shape=0
[<] NP_boardDump size=40 dump=fbc07f407fc07fc07fc077c077c055c011c001c001c0018000000000000000000000000000000000
[>] NP_down
[>] NP_rotate
[>] NP_down
[>] NP_left
[>] NP_left
[>] NP_down
[>] NP_left
[>] NP_left
[>] NP_down
[>] NP_left
[>] NP_drop
[>] NP_clear
[<] NP_points points=3
[>] NP_giveJunk count=2
[>] NP_newPiece shape=7
[<] NP_boardDump size=40 dump=fbc0ff4077c077c055c011c001c001c0018000000000000000000000000000000000000000000000
[>] NP_down
[>] NP_down
[>] NP_down
[>] NP_left
[>] NP_down
[>] NP_down
[>] NP_rotate
[>] NP_down
[>] NP_rotate
[>] NP_down
[>] NP_down
[>] NP_down
[>] NP_left
[>] NP_down
[>] NP_rotate
[>] NP_down
[>] NP_right
[>] NP_down
[>] NP_right
[>] NP_right
[>] NP_down
[>] NP_drop
[>] NP_newPiece shape=0
[<] NP_boardDump size=40 dump=fbc0ff4077c077c055c017c003c003c0018000000000000000000000000000000000000000000000
[>] NP_down
[>] NP_rotate
[>] NP_left
[>] NP_down
[>] NP_down
[>] NP_drop
[>] NP_newPiece shape=15
[<] NP_boardDump size=40 dump=fbc0ff407fc07fc05dc01fc003c003c0018000000000000000000000000000000000000000000000
[>] NP_down
[>] NP_down
[>] NP_rotate
[>] NP_left
[>] NP_down
[>] NP_left
[>] NP_left
[>] NP_down
[>] NP_left
[>] NP_down
[>] NP_down
[>] NP_down
[>] NP_drop
[>] NP_newPiece shape=7
[<] NP_boardDump size=40 dump=fbc0ff407fc07fc07dc07fc043c003c0018000000000000000000000000000000000000000000000
[>] NP_down
[>] NP_rotate
[>] NP_left
[>] NP_down
[>] NP_rotate
[>] NP_down
[>] NP_down
[>] NP_drop
[>] NP_newPiece shape=3
[<] NP_boardDump size=40 dump=fbc0ff407fc07fc07dc07fc05fc013c0018000000000000000000000000000000000000000000000
[>] NP_down
[>] NP_rotate
[>] NP_down
[>] NP_down
[>] NP_left
[>] NP_drop
[>] NP_newPiece shape=7
[<] NP_boardDump size=40 dump=fbc0ff407fc07fc07dc07fc05fc01fc0098008000000000000000000000000000000000000000000
[>] NP_down
[>] NP_rotate
[>] NP_down
[>] NP_down
[>] NP_rotate
[>] NP_down
[>] NP_rotate
[>] NP_right
[>] NP_down
[>] NP_down
[>] NP_down
[>] NP_drop
[>] NP_newPiece shape=0
[<] NP_boardDump size=40 dump=fbc0ff407fc07fc07dc07fc05fc01fc00f800a000200000000000000000000000000000000000000
[>] NP_down
[>] NP_left
[>] NP_rotate
[>] NP_down
[>] NP_left
[>] NP_down
[>] NP_left
[>] NP_left
[>] NP_down
[>] NP_left
[>] NP_down
[>] NP_drop
[>] NP_clear
[<] NP_points points=3
[>] NP_giveJunk count=2
[>] NP_newPiece shape=15
[<] NP_boardDump size=40 dump=fbc0ff40fdc05fc01fc00f800a000200000000000000000000000000000000000000000000000000
[>] NP_down
[>] NP_down
[>] NP_rotate
[>] NP_down
[>] NP_left
[>] NP_left
[>] NP_down
[>] NP_left
[>] NP_down
[>] NP_left
[>] NP_down
[>] NP_drop
[>] NP_newPiece shape=2
[<] NP_boardDump size=40 dump=fbc0ff40fdc07fc07fc04f800a000200000000000000000000000000000000000000000000000000
[>] NP_down
[>] NP_down
[>] NP_left
[>] NP_left
[>] NP_down
[>] NP_drop
[>] NP_newPiece shape=2
[<] NP_boardDump size=40 dump=fbc0ff40fdc07fc07fc07f803a000200000000000000000000000000000000000000000000000000
[>] NP_down
[>] NP_right
[>] NP_down
[>] NP_right
[>] NP_down
[>] NP_right
[>] NP_down
[>] NP_drop
[>] NP_newPiece shape=0
[<] NP_boardDump size=40 dump=fbc0ff40fdc07fc07fc07f803b800380000000000000000000000000000000000000000000000000
[>] NP_down
[>] NP_rotate
[>] NP_down
[>] NP_right
[>] NP_right
[>] NP_down
[>] NP_right
[>] NP_right
[>] NP_down
[>] NP_drop
[>] NP_newPiece shape=11
[<] NP_boardDump size=40 dump=fbc0ff40fdc07fc07fc07fc03bc003c0004000000000000000000000000000000000000000000000
[>] NP_down
[>] NP_left
[>] NP_down
[>] NP_rotate
[>] NP_rotate
[>] NP_down
[>] NP_rotate
[>] NP_down
[>] NP_rotate
[>] NP_right
[>] NP_down
[>] NP_rotate
[>] NP_rotate
[>] NP_down
[>] NP_down
[>] NP_rotate
[>] NP_right
[>] NP_down
[>] NP_left
[>] NP_down
[>] NP_drop
[>] NP_newPiece shape=7
[<] NP_boardDump size=40 dump=fbc0ff40fdc07fc07fc07fc03fc00fc0044000000000000000000000000000000000000000000000
[>] NP_down
[>] NP_left
[>] NP_down
[>] NP_rotate
[>] NP_down
[>] NP_rotate
[>] NP_right
[>] NP_down
[>] NP_right
[>] NP_right
[>] NP_down
[>] NP_drop
[>] NP_newPiece shape=7
[<] NP_boardDump size=40 dump=fbc0ff40fdc07fc07fc07fc03fc00fc007c002000000000000000000000000000000000000000000
[>] NP_down
[>] NP_rotate
[>] NP_down
[>] NP_left
[>] NP_left
[>] NP_down
[>] NP_left
[>] NP_left
[>] NP_down
[>] NP_left
[>] NP_down
[>] NP_drop
[>] NP_clear
[<] NP_points points=3
[>] NP_giveJunk count=2
[>] NP_newPiece shape=15
[<] NP_boardDump size=40 dump=fbc0ff40fdc07fc00fc007c002000000000000000000000000000000000000000000000000000000
[>] NP_down
[>] NP_down
[>] NP_left
[>] NP_down
[>] NP_left
[>] NP_down
[>] NP_drop
[>] NP_newPiece shape=11
[<] NP_boardDump size=40 dump=fbc0ff40fdc07fc03fc01fc002000000000000000000000000000000000000000000000000000000
[>] NP_down
[>] NP_down
[>] NP_rotate
[>] NP_left
[>] NP_left
[>] NP_down
[>] NP_left
[>] NP_left
[>] NP_down
[>] NP_left
[>] NP_down
[>] NP_drop
[>] NP_clear
[<] NP_points points=2
[>] NP_giveJunk count=1
[>] NP_newPiece shape=3
[<] NP_boardDump size=40 dump=fbc0ff40fdc09fc00200000000000000000000000000000000000000000000000000000000000000
[>] NP_down
[>] NP_rotate
[>] NP_left
[>] NP_down
[>] NP_left
[>] NP_left
[>] NP_down
[>] NP_left
[>] NP_down
[>] NP_left
[>] NP_down
[>] NP_right
[>] NP_down
[>] NP_left
[>] NP_down
[>] NP_right
[>] NP_down
[>] NP_down
[>] NP_drop
[>] NP_clear
[<] NP_points points=1
[>] NP_newPiece shape=3
[<] NP_boardDump size=40 dump=fbc0ff40fdc042004000000000000000000000000000000000000000000000000000000000000000
[>] NP_down
[>] NP_rotate
[>] NP_down
[>] NP_left
[>] NP_rotate
[>] NP_down
[>] NP_left
[>] NP_down
[>] NP_down
[>] NP_drop
[>] NP_newPiece shape=2
[<] NP_boardDump size=40 dump=fbc0ff40fdc07a004800000000000000000000000000000000000000000000000000000000000000
[>] NP_down
[>] NP_rotate
[>] NP_right
[>] NP_down
[>] NP_right
[>] NP_right
[>] NP_down
[>] NP_right
[>] NP_down
[>] NP_drop
[>] NP_newPiece shape=3
[<] NP_boardDump size=40 dump=fbc0ff40fdc07ac048c0000000000000000000000000000000000000000000000000000000000000
[>] NP_down
[>] NP_down
[>] NP_rotate
[>] NP_down
[>] NP_rotate
[>] NP_down
[>] NP_rotate
[>] NP_down
[>] NP_rotate
[>] NP_down
[>] NP_rotate
[>] NP_down
[>] NP_rotate
[>] NP_down
[>] NP_rotate
[>] NP_rotate
[>] NP_down
[>] NP_rotate
[>] NP_right
[>] NP_down
[>] NP_right
[>] NP_down
[>] NP_right
[>] NP_drop
[>] NP_newPiece shape=11
[<] NP_boardDump size=40 dump=fbc0ff40fdc07ac048c000c000800080000000000000000000000000000000000000000000000000
[>] NP_down
[>] NP_rotate
[>] NP_down
[>] NP_rotate
[>] NP_down
[>] NP_left
[>] NP_down
[>] NP_rotate
[>] NP_down
[>] NP_rotate
[>] NP_rotate
[>] NP_down
[>] NP_rotate
[>] NP_down
[>] NP_right
[>] NP_right
[>] NP_down
[>] NP_rotate
[>] NP_right
[>] NP_down
[>] NP_drop
[>] NP_newPiece shape=11
[<] NP_boardDump size=40 dump=fbc0ff40fdc07bc04bc001c000800080000000000000000000000000000000000000000000000000
[>] NP_down
[>] NP_rotate
[>] NP_down
[>] NP_left
[>] NP_down
[>] NP_down
[>] NP_down
[>] NP_left
[>] NP_down
[>] NP_down
[>] NP_down
[>] NP_down
[>] NP_down
[>] NP_drop
[>] NP_newPiece shape=17
[<] NP_boardDump size=40 dump=fbc0ff40fdc07bc05bc019c010800080000000000000000000000000000000000000000000000000
[>] NP_down
[>] NP_down
[>] NP_left
[>] NP_down
[>] NP_right
[>] NP_down
[>] NP_rotate
[>] NP_right
[>] NP_down
[>] NP_right
[>] NP_down
[>] NP_drop
[>] NP_newPiece shape=7
[<] NP_boardDump size=40 dump=fbc0ff40fdc07bc05bc01bc013800180000000000000000000000000000000000000000000000000
[>] NP_down
[>] NP_down
[>] NP_left
[>] NP_down
[>] NP_rotate
[>] NP_left
[>] NP_down
[>] NP_left
[>] NP_left
[>] NP_down
[>] NP_left
[>] NP_drop
[>] NP_newPiece shape=3
[<] NP_boardDump size=40 dump=fbc0ff40fdc0fbc0dbc0dbc013800180000000000000000000000000000000000000000000000000
[>] NP_down
[>] NP_down
[>] NP_down
[>] NP_rotate
[>] NP_down
[>] NP_rotate
[>] NP_rotate
[>] NP_down
[>] NP_right
[>] NP_right
[>] NP_down
[>] NP_right
[>] NP_right
[>] NP_down
[>] NP_drop
[>] NP_newPiece shape=17
[<] NP_boardDump size=40 dump=fbc0ff40fdc0fbc0dbc0dbc013c001c000c000000000000000000000000000000000000000000000
[>] NP_down
[>] NP_down
[>] NP_rotate
[>] NP_right
[>] NP_down
[>] NP_right
[>] NP_down
[>] NP_drop
[>] NP_newPiece shape=0
[<] NP_boardDump size=40 dump=fbc0ff40fdc0fbc0dbc0dbc013c003c003c001000000000000000000000000000000000000000000
[>] NP_down
[>] NP_rotate
[>] NP_down
[>] NP_drop
[>] NP_clear
[<] NP_points points=1
[>] NP_newPiece shape=15
[<] NP_boardDump size=40 dump=fbc0ff40fdc0dfc0dfc017c003c003c0010000000000000000000000000000000000000000000000
[>] NP_down
[>] NP_down
[>] NP_left
[>] NP_rotate
[>] NP_down
[>] NP_down
[>] NP_left
[>] NP_down
[>] NP_drop
[>] NP_newPiece shape=0
[<] NP_boardDump size=40 dump=fbc0ff40fdc0dfc0dfc01fc01bc013c0010000000000000000000000000000000000000000000000
[>] NP_down
[>] NP_rotate
[>] NP_left
[>] NP_down
[>] NP_left
[>] NP_left
[>] NP_down
[>] NP_drop
[>] NP_clear
[<] NP_points points=2
[>] NP_giveJunk count=1
[>] NP_newPiece shape=15
[<] NP_boardDump size=40 dump=fbc0ff40fdc03fc03bc013c001000000000000000000000000000000000000000000000000000000
[>] NP_down
[>] NP_down
[>] NP_rotate
[>] NP_down
[>] NP_left
[>] NP_down
[>] NP_left
[>] NP_down
[>] NP_down
[>] NP_right
[>] NP_down
[>] NP_drop
[>] NP_newPiece shape=7
[<] NP_boardDump size=40 dump=fbc0ff40fdc03fc03fc01fc009000000000000000000000000000000000000000000000000000000
[>] NP_down
[>] NP_rotate
[>] NP_down
[>] NP_left
[>] NP_rotate
[>] NP_down
[>] NP_left
[>] NP_left
[>] NP_down
[>] NP_rotate
[>] NP_left
[>] NP_down
[>] NP_drop
[>] NP_clear
[<] NP_points points=1
[>] NP_newPiece shape=11
[<] NP_boardDump size=40 dump=fbc0ff40fdc07fc05fc0090000000000000000000000000000000000000000000000000000000000
[>] NP_down
[>] NP_rotate
[>] NP_down
[>] NP_left
[>] NP_rotate
[>] NP_down
[>] NP_rotate
[>] NP_down
[>] NP_left
[>] NP_rotate
[>] NP_down
[>] NP_down
[>] NP_left
[>] NP_drop
[>] NP_newPiece shape=2
[<] NP_boardDump size=40 dump=fbc0ff40fdc07fc07fc0790000000000000000000000000000000000000000000000000000000000
[>] NP_down
[>] NP_right
[>] NP_down
[>] NP_down
[>] NP_drop
[>] NP_newPiece shape=3
[<] NP_boardDump size=40 dump=fbc0ff40fdc07fc07fc07f0006000000000000000000000000000000000000000000000000000000
[>] NP_down
[>] NP_rotate
[>] NP_down
[>] NP_rotate
[>] NP_down
[>] NP_rotate
[>] NP_down
[>] NP_rotate
[>] NP_rotate
[>] NP_down
[>] NP_right
[>] NP_right
[>] NP_down
[>] NP_right
[>] NP_down
[>] NP_drop
[>] NP_newPiece shape=0
[<] NP_boardDump size=40 dump=fbc0ff40fdc07fc07fc07fc006800080000000000000000000000000000000000000000000000000
[>] NP_down
[>] NP_rotate
[>] NP_left
[>] NP_down
[>] NP_left
[>] NP_left
[>] NP_down
[>] NP_left
[>] NP_left
[>] NP_down
[>] NP_drop
[>] NP_clear
[<] NP_points points=3
[>] NP_giveJunk count=2
[>] NP_newPiece shape=3
[<] NP_boardDump size=40 dump=fbc0ff40fdc086800080000000000000000000000000000000000000000000000000000000000000
[>] NP_down
[>] NP_rotate
[>] NP_down
[>] NP_left
[>] NP_rotate
[>] NP_down
[>] NP_left
[>] NP_down
[>] NP_right
[>] NP_rotate
[>] NP_down
[>] NP_right
[>] NP_down
[>] NP_right
[>] NP_right
[>] NP_right
[>] NP_down
[>] NP_right
[>] NP_down
[>] NP_drop
[>] NP_newPiece shape=2
[<] NP_boardDump size=40 dump=fbc0ff40fdc086c000c000c000000000000000000000000000000000000000000000000000000000
[>] NP_down
[>] NP_left
[>] NP_left
[>] NP_down
[>] NP_down
[>] NP_left
[>] NP_down
[>] NP_drop
[>] NP_newPiece shape=15
[<] NP_boardDump size=40 dump=fbc0ff40fdc0e6c060c000c000000000000000000000000000000000000000000000000000000000
[>] NP_down
[>] NP_left
[>] NP_down
[>] NP_down
[>] NP_drop
[>] NP_newPiece shape=2
[<] NP_boardDump size=40 dump=fbc0ff40fdc0fec06cc000c000000000000000000000000000000000000000000000000000000000
[>] NP_down
[>] NP_left
[>] NP_down
[>] NP_left
[>] NP_left
[>] NP_down
[>] NP_right
[>] NP_down
[>] NP_right
[>] NP_right
[>] NP_down
[>] NP_right
[>] NP_right
[>] NP_down
[>] NP_right
[>] NP_right
[>] NP_down
[>] NP_drop
[>] NP_newPiece shape=11
[<] NP_boardDump size=40 dump=fbc0ff40fdc0fec06cc000c000c000c0000000000000000000000000000000000000000000000000
[>] NP_down
[>] NP_rotate
[>] NP_down
[>] NP_rotate
[>] NP_rotate
[>] NP_down
[>] NP_right
[>] NP_down
[>] NP_down
[>] NP_right
[>] NP_down
[>] NP_down
[>] NP_down
[>] NP_right
[>] NP_left
[>] NP_down
[>] NP_drop
[>] NP_clear
[<] NP_points points=1
[>] NP_newPiece shape=15
[<] NP_boardDump size=40 dump=fbc0ff40fdc06fc001c000c000c00000000000000000000000000000000000000000000000000000
[>] NP_down
[>] NP_left
[>] NP_down
[>] NP_rotate
[>] NP_left
[>] NP_left
[>] NP_down
[>] NP_drop
[>] NP_newPiece shape=15
[<] NP_boardDump size=40 dump=fbc0ff40fdc07fc031c020c000c00000000000000000000000000000000000000000000000000000
[>] NP_down
[>] NP_rotate
[>] NP_left
[>] NP_down
[>] NP_down
[>] NP_left
[>] NP_down
[>] NP_down
[>] NP_drop
[>] NP_newPiece shape=2
[<] NP_boardDump size=40 dump=fbc0ff40fdc07fc039c038c010c00000000000000000000000000000000000000000000000000000
[>] NP_down
[>] NP_down
[>] NP_right
[>] NP_down
[>] NP_right
[>] NP_down
[>] NP_down
[>] NP_left
[>] NP_down
[>] NP_drop
[>] NP_newPiece shape=3
[<] NP_boardDump size=40 dump=fbc0ff40fdc07fc03fc03ec010c00000000000000000000000000000000000000000000000000000
[>] NP_down
[>] NP_rotate
[>] NP_down
[>] NP_rotate
[>] NP_down
[>] NP_rotate
[>] NP_down
[>] NP_rotate
[>] NP_down
[>] NP_rotate
[>] NP_down
[>] NP_rotate
[>] NP_down
[>] NP_down
[>] NP_down
[>] NP_down
[>] NP_drop
[>] NP_newPiece shape=15
[<] NP_boardDump size=40 dump=fbc0ff40fdc07fc03fc03ec01ec00200000000000000000000000000000000000000000000000000
[>] NP_down
[>] NP_rotate
[>] NP_left
[>] NP_down
[>] NP_left
[>] NP_left
[>] NP_down
[>] NP_rotate
[>] NP_down
[>] NP_right
[>] NP_right
[>] NP_down
[>] NP_right
[>] NP_down
[>] NP_down
[>] NP_drop
[>] NP_newPiece shape=2
[<] NP_boardDump size=40 dump=fbc0ff40fdc07fc03fc03ec01ec00e00060000000000000000000000000000000000000000000000
[>] NP_down
[>] NP_rotate
[>] NP_down
[>] NP_right
[>] NP_down
[>] NP_right
[>] NP_right
[>] NP_down
[>] NP_right
[>] NP_drop
[>] NP_newPiece shape=2
[<] NP_boardDump size=40 dump=fbc0ff40fdc07fc03fc03ec01ec00ec006c000000000000000000000000000000000000000000000
[>] NP_down
[>] NP_down
[>] NP_right
[>] NP_right
[>] NP_down
[>] NP_right
[>] NP_right
[>] NP_down
[>] NP_drop
[>] NP_newPiece shape=17
[<] NP_boardDump size=40 dump=fbc0ff40fdc07fc03fc03ec01ec00ec006c000c000c0000000000000000000000000000000000000
[>] NP_down
[>] NP_rotate
[>] NP_down
[>] NP_left
[>] NP_left
[>] NP_down
[>] NP_left
[>] NP_down
[>] NP_left
[>] NP_down
[>] NP_drop
[>] NP_clear
[<] NP_points points=2
[>] NP_giveJunk count=1
[>] NP_newPiece shape=0
[<] NP_boardDump size=40 dump=fbc0ff40fdc07ec01ec00ec006c000c000c000000000000000000000000000000000000000000000
[>] NP_down
[>] NP_rotate
[>] NP_down
[>] NP_right
[>] NP_right
[>] NP_down
[>] NP_drop
[>] NP_newPiece shape=17
[<] NP_boardDump size=40 dump=fbc0ff40fdc07fc01fc00fc007c000c000c000000000000000000000000000000000000000000000
[>] NP_down
[>] NP_down
[>] NP_rotate
[>] NP_left
[>] NP_left
[>] NP_down
[>] NP_left
[>] NP_left
[>] NP_down
[>] NP_drop
[>] NP_clear
[<] NP_points points=1
[>] NP_newPiece shape=11
[<] NP_boardDump size=40 dump=fbc0ff40fdc0dfc04fc007c000c000c0000000000000000000000000000000000000000000000000
[>] NP_down
[>] NP_rotate
[>] NP_down
[>] NP_left
[>] NP_left
[>] NP_down
[>] NP_left
[>] NP_down
[>] NP_left
[>] NP_down
[>] NP_right
[>] NP_down
[>] NP_down
[>] NP_drop
[>] NP_clear
[<] NP_points points=1
[>] NP_newPiece shape=15
[<] NP_boardDump size=40 dump=fbc0ff40fdc07fc027c000c000c00000000000000000000000000000000000000000000000000000
[>] NP_down
[>] NP_rotate
[>] NP_left
[>] NP_down
[>] NP_left
[>] NP_right
[>] NP_down
[>] NP_rotate
[>] NP_down
[>] NP_left
[>] NP_down
[>] NP_down
[>] NP_right
[>] NP_down
[>] NP_drop
[>] NP_newPiece shape=7
[<] NP_boardDump size=40 dump=fbc0ff40fdc07fc03fc00cc000c00000000000000000000000000000000000000000000000000000
[>] NP_down
[>] NP_rotate
[>] NP_down
[>] NP_rotate
[>] NP_down
[>] NP_rotate
[>] NP_left
[>] NP_down
[>] NP_left
[>] NP_down
[>] NP_down
[>] NP_drop
[>] NP_newPiece shape=11
[<] NP_boardDump size=40 dump=fbc0ff40fdc07fc03fc03cc010c01000000000000000000000000000000000000000000000000000
[>] NP_down
[>] NP_rotate
[>] NP_left
[>] NP_down
[>] NP_left
[>] NP_left
[>] NP_down
[>] NP_left
[>] NP_left
[>] NP_down
[>] NP_drop
[>] NP_clear
[<] NP_points points=2
[>] NP_giveJunk count=1
[>] NP_newPiece shape=11
[<] NP_boardDump size=40 dump=fbc0ff40fdc0bcc010c0100000000000000000000000000000000000000000000000000000000000
[>] NP_down
[>] NP_rotate
[>] NP_down
[>] NP_right
[>] NP_down
[>] NP_right
[>] NP_left
[>] NP_down
[>] NP_drop
[>] NP_clear
[<] NP_points points=1
[>] NP_newPiece shape=17
[<] NP_boardDump size=40 dump=fbc0ff40bfc012c01000000000000000000000000000000000000000000000000000000000000000
[>] NP_down
[>] NP_left
[>] NP_rotate
[>] NP_down
[>] NP_left
[>] NP_left
[>] NP_down
[>] NP_left
[>] NP_down
[>] NP_right
[>] NP_down
[>] NP_drop
[>] NP_clear
[<] NP_points points=1
[>] NP_newPiece shape=7
[<] NP_boardDump size=40 dump=fbc0ff4072c030000000000000000000000000000000000000000000000000000000000000000000
[>] NP_down
[>] NP_down
[>] NP_rotate
[>] NP_down
[>] NP_rotate
[>] NP_rotate
[>] NP_down
[>] NP_down
[>] NP_drop
[>] NP_newPiece shape=7
[<] NP_boardDump size=40 dump=fbc0ff407ec034000400000000000000000000000000000000000000000000000000000000000000
[>] NP_down
[>] NP_down
[>] NP_right
[>] NP_down
[>] NP_rotate
[>] NP_down
[>] NP_rotate
[>] NP_down
[>] NP_rotate
[>] NP_down
[>] NP_right
[>] NP_right
[>] NP_down
[>] NP_right
[>] NP_drop
[>] NP_newPiece shape=2
[<] NP_boardDump size=40 dump=fbc0ff407ec034c00440004000000000000000000000000000000000000000000000000000000000
[>] NP_down
[>] NP_rotate
[>] NP_down
[>] NP_right
[>] NP_right
[>] NP_down
[>] NP_right
[>] NP_left
[>] NP_down
[>] NP_left
[>] NP_down
[>] NP_left
[>] NP_left
[>] NP_down
[>] NP_left
[>] NP_down
[>] NP_drop
[>] NP_newPiece shape=0
[<] NP_boardDump size=40 dump=fbc0ff407ec034c03440304000000000000000000000000000000000000000000000000000000000
[>] NP_down
[>] NP_rotate
[>] NP_down
[>] NP_left
[>] NP_left
[>] NP_down
[>] NP_left
[>] NP_left
[>] NP_down
[>] NP_left
[>] NP_down
[>] NP_drop
[>] NP_newPiece shape=7
[<] NP_boardDump size=40 dump=fbc0ff40fec0b4c0b440b04000000000000000000000000000000000000000000000000000000000
[>] NP_down
[>] NP_down
[>] NP_rotate
[>] NP_down
[>] NP_right
[>] NP_down
[>] NP_left
[>] NP_left
[>] NP_down
[>] NP_drop
[>] NP_newPiece shape=11
[<] NP_boardDump size=40 dump=fbc0ff40fec0bcc0bc40bc4000000000000000000000000000000000000000000000000000000000
[>] NP_down
[>] NP_rotate
[>] NP_down
[>] NP_rotate
[>] NP_down
[>] NP_rotate
[>] NP_right
[>] NP_down
[>] NP_right
[>] NP_down
[>] NP_drop
[>] NP_clear
[<] NP_points points=1
[>] NP_newPiece shape=0
[<] NP_boardDump size=40 dump=fbc0ff40bfc0bd40bc40000000000000000000000000000000000000000000000000000000000000
[>] NP_down
[>] NP_rotate
[>] NP_left
[>] NP_down
[>] NP_left
[>] NP_left
[>] NP_down
[>] NP_left
[>] NP_down
[>] NP_drop
[>] NP_clear
[<] NP_points points=1
[>] NP_newPiece shape=3
[<] NP_boardDump size=40 dump=fbc0ff40fd40fc404000000000000000000000000000000000000000000000000000000000000000
[>] NP_down
[>] NP_rotate
[>] NP_down
[>] NP_rotate
[>] NP_down
[>] NP_rotate
[>] NP_right
[>] NP_down
[>] NP_right
[>] NP_right
[>] NP_down
[>] NP_drop
[>] NP_clear
[<] NP_points points=1
[>] NP_newPiece shape=11
[<] NP_boardDump size=40 dump=fbc0fdc0fdc040000000000000000000000000000000000000000000000000000000000000000000
[>] NP_down
[>] NP_down
[>] NP_rotate
[>] NP_down
[>] NP_rotate
[>] NP_down
[>] NP_right
[>] NP_down
[>] NP_right
[>] NP_right
[>] NP_down
[>] NP_drop
[>] NP_newPiece shape=11
[<] NP_boardDump size=40 dump=fbc0fdc0fdc041c00080000000000000000000000000000000000000000000000000000000000000
[>] NP_down
[>] NP_rotate
[>] NP_down
[>] NP_left
[>] NP_rotate
[>] NP_down
[>] NP_left
[>] NP_down
[>] NP_down
[>] NP_drop
[>] NP_newPiece shape=0
[<] NP_boardDump size=40 dump=fbc0fdc0fdc079c01080000000000000000000000000000000000000000000000000000000000000
[>] NP_down
[>] NP_rotate
[>] NP_right
[>] NP_down
[>] NP_drop
[>] NP_clear
[<] NP_points points=2
[>] NP_giveJunk count=1
[>] NP_newPiece shape=0
[<] NP_boardDump size=40 dump=fbc07bc0128000000000000000000000000000000000000000000000000000000000000000000000
[>] NP_down
[>] NP_rotate
[>] NP_left
[>] NP_down
[>] NP_right
[>] NP_down
[>] NP_drop
[>] NP_clear
[<] NP_points points=1
[>] NP_newPiece shape=3
[<] NP_boardDump size=40 dump=7fc01680040000000000000000000000000000000000000000000000000000000000000000000000
[>] NP_down
[>] NP_rotate
[>] NP_down
[>] NP_rotate
[>] NP_rotate
[>] NP_down
[>] NP_left
[>] NP_down
[>] NP_rotate
[>] NP_left
[>] NP_down
[>] NP_left
[>] NP_left
[>] NP_down
[>] NP_drop
[>] NP_clear
[<] NP_points points=1
[>] NP_newPiece shape=11
[<] NP_boardDump size=40 dump=f6800400000000000000000000000000000000000000000000000000000000000000000000000000
[>] NP_down
[>] NP_rotate
[>] NP_down
[>] NP_rotate
[>] NP_left
[>] NP_down
[>] NP_rotate
[>] NP_down
[>] NP_down
[>] NP_drop
[>] NP_newPiece shape=2
[<] NP_boardDump size=40 dump=fe801c00080000000000000000000000000000000000000000000000000000000000000000000000
[>] NP_down
[>] NP_left
[>] NP_left
[>] NP_down
[>] NP_left
[>] NP_down
[>] NP_drop
[>] NP_newPiece shape=0
[<] NP_boardDump size=40 dump=fe807c00680000000000000000000000000000000000000000000000000000000000000000000000
[>] NP_down
[>] NP_rotate
[>] NP_right
[>] NP_down
[>] NP_left
[>] NP_left
[>] NP_down
[>] NP_left
[>] NP_left
[>] NP_down
[>] NP_left
[>] NP_left
[>] NP_down
[>] NP_drop
[>] NP_newPiece shape=11
[<] NP_boardDump size=40 dump=fe80fc00e80080008000000000000000000000000000000000000000000000000000000000000000
[>] NP_down
[>] NP_rotate
[>] NP_rotate
[>] NP_down
[>] NP_rotate
[>] NP_rotate
[>] NP_down
[>] NP_right
[>] NP_right
[>] NP_down
[>] NP_down
[>] NP_drop
[>] NP_newPiece shape=7
[<] NP_boardDump size=40 dump=ff80ff80e80080008000000000000000000000000000000000000000000000000000000000000000
[>] NP_down
[>] NP_rotate
[>] NP_down
[>] NP_rotate
[>] NP_rotate
[>] NP_down
[>] NP_right
[>] NP_down
[>] NP_rotate
[>] NP_rotate
[>] NP_down
[>] NP_rotate
[>] NP_down
[>] NP_drop
[>] NP_newPiece shape=0
[<] NP_boardDump size=40 dump=ff80ff80ef0084008000000000000000000000000000000000000000000000000000000000000000
[>] NP_down
[>] NP_rotate
[>] NP_right
[>] NP_down
[>] NP_right
[>] NP_right
[>] NP_down
[>] NP_right
[>] NP_down
[>] NP_drop
[>] NP_clear
[<] NP_points points=2
[>] NP_giveJunk count=1
[>] NP_newPiece shape=3
[<] NP_boardDump size=40 dump=ef408440800000000000000000000000000000000000000000000000000000000000000000000000
[>] NP_down
[>] NP_rotate
[>] NP_rotate
[>] NP_down
[>] NP_down
[>] NP_rotate
[>] NP_down
[>] NP_rotate
[>] NP_rotate
[>] NP_down
[>] NP_left
[>] NP_left
[>] NP_down
[>] NP_left
[>] NP_left
[>] NP_down
[>] NP_drop
[>] NP_newPiece shape=0
[<] NP_boardDump size=40 dump=ef40e440c00040000000000000000000000000000000000000000000000000000000000000000000
[>] NP_down
[>] NP_rotate
[>] NP_down
[>] NP_right
[>] NP_right
[>] NP_down
[>] NP_right
[>] NP_down
[>] NP_drop
[>] NP_newPiece shape=3
[<] NP_boardDump size=40 dump=efc0e4c0c08040800000000000000000000000000000000000000000000000000000000000000000
[>] NP_down
[>] NP_rotate
[>] NP_down
[>] NP_rotate
[>] NP_down
[>] NP_rotate
[>] NP_left
[>] NP_down
[>] NP_left
[>] NP_down
[>] NP_drop
[>] NP_clear
[<] NP_points points=1
[>] NP_newPiece shape=15
[<] NP_boardDump size=40 dump=f4c0f080408000000000000000000000000000000000000000000000000000000000000000000000
[>] NP_down
[>] NP_rotate
[>] NP_down
[>] NP_down
[>] NP_left
[>] NP_left
[>] NP_down
[>] NP_left
[>] NP_down
[>] NP_left
[>] NP_down
[>] NP_drop
[>] NP_newPiece shape=11
[<] NP_boardDump size=40 dump=f4c0f080608060004000000000000000000000000000000000000000000000000000000000000000
[>] NP_down
[>] NP_rotate
[>] NP_rotate
[>] NP_down
[>] NP_down
[>] NP_rotate
[>] NP_down
[>] NP_rotate
[>] NP_rotate
[>] NP_down
[>] NP_left
[>] NP_down
[>] NP_drop
[>] NP_newPiece shape=7
[<] NP_boardDump size=40 dump=fcc0fc80688060004000000000000000000000000000000000000000000000000000000000000000
[>] NP_down
[>] NP_rotate
[>] NP_down
[>] NP_rotate
[>] NP_rotate
[>] NP_down
[>] NP_right
[>] NP_right
[>] NP_down
[>] NP_drop
[>] NP_clear
[<] NP_points points=1
[>] NP_newPiece shape=3
[<] NP_boardDump size=40 dump=fd806980600040000000000000000000000000000000000000000000000000000000000000000000
[>] NP_down
[>] NP_rotate
[>] NP_rotate
[>] NP_down
[>] NP_rotate
[>] NP_down
[>] NP_right
[>] NP_right
[>] NP_down
[>] NP_right
[>] NP_right
[>] NP_down
[>] NP_drop
[>] NP_newPiece shape=17
[<] NP_boardDump size=40 dump=fdc069c060c040000000000000000000000000000000000000000000000000000000000000000000
[>] NP_down
[>] NP_rotate
[>] NP_down
[>] NP_left
[>] NP_down
[>] NP_down
[>] NP_drop
[>] NP_newPiece shape=7
[<] NP_boardDump size=40 dump=fdc079c078c048000000000000000000000000000000000000000000000000000000000000000000
[>] NP_down
[>] NP_down
[>] NP_rotate
[>] NP_rotate
[>] NP_down
[>] NP_down
[>] NP_rotate
[>] NP_right
[>] NP_down
[>] NP_right
[>] NP_right
[>] NP_down
[>] NP_right
[>] NP_drop
[>] NP_newPiece shape=3
[<] NP_boardDump size=40 dump=fdc079c078c048c00040004000000000000000000000000000000000000000000000000000000000
[>] NP_down
[>] NP_rotate
[>] NP_down
[>] NP_rotate
[>] NP_down
[>] NP_rotate
[>] NP_down
[>] NP_rotate
[>] NP_down
[>] NP_rotate
[>] NP_down
[>] NP_left
[>] NP_left
[>] NP_down
[>] NP_left
[>] NP_down
[>] NP_drop
[>] NP_newPiece shape=17
[<] NP_boardDump size=40 dump=fdc079c078c078c02040204000000000000000000000000000000000000000000000000000000000
[>] NP_down
[>] NP_rotate
[>] NP_down
[>] NP_right
[>] NP_down
[>] NP_right
[>] NP_right
[>] NP_down
[>] NP_left
[>] NP_down
[>] NP_left
[>] NP_left
[>] NP_down
[>] NP_right
[>] NP_right
[>] NP_down
[>] NP_down
[>] NP_down
[>] NP_down
[>] NP_left
[>] NP_down
[>] NP_drop
[>] NP_newPiece shape=7
[<] NP_boardDump size=40 dump=fdc07dc07ec07ac02040204000000000000000000000000000000000000000000000000000000000
[>] NP_down
[>] NP_rotate
[>] NP_down
[>] NP_rotate
[>] NP_rotate
[>] NP_down
[>] NP_rotate
[>] NP_rotate
[>] NP_down
[>] NP_rotate
[>] NP_right
[>] NP_down
[>] NP_rotate
[>] NP_down
[>] NP_rotate
[>] NP_rotate
[>] NP_down
[>] NP_right
[>] NP_down
[>] NP_drop
[>] NP_newPiece shape=7
[<] NP_boardDump size=40 dump=fdc07dc07fc07bc021c0204000000000000000000000000000000000000000000000000000000000
[>] NP_down
[>] NP_left
[>] NP_down
[>] NP_down
[>] NP_drop
[>] NP_newPiece shape=2
[<] NP_boardDump size=40 dump=fdc07dc07fc07fc03dc0204000000000000000000000000000000000000000000000000000000000
[>] NP_down
[>] NP_down
[>] NP_left
[>] NP_down
[>] NP_drop
[>] NP_newPiece shape=7
[<] NP_boardDump size=40 dump=fdc07dc07fc07fc03dc0384018000000000000000000000000000000000000000000000000000000
[>] NP_down
[>] NP_rotate
[>] NP_left
[>] NP_down
[>] NP_left
[>] NP_left
[>] NP_down
[>] NP_left
[>] NP_left
[>] NP_down
[>] NP_drop
[>] NP_clear
[<] NP_points points=2
[>] NP_giveJunk count=1
[>] NP_newPiece shape=2
[<] NP_boardDump size=40 dump=fdc07dc0fdc038401800000000000000000000000000000000000000000000000000000000000000
[>] NP_down
[>] NP_left
[>] NP_down
[>] NP_left
[>] NP_left
[>] NP_down
[>] NP_right
[>] NP_down
[>] NP_right
[>] NP_right
[>] NP_down
[>] NP_right
[>] NP_right
[>] NP_down
[>] NP_right
[>] NP_down
[>] NP_drop
[>] NP_newPiece shape=15
[<] NP_boardDump size=40 dump=fdc07dc0fdc039c01980000000000000000000000000000000000000000000000000000000000000
[>] NP_down
[>] NP_rotate
[>] NP_down
[>] NP_left
[>] NP_down
[>] NP_rotate
[>] NP_left
[>] NP_down
[>] NP_left
[>] NP_left
[>] NP_down
[>] NP_down
[>] NP_drop
[>] NP_newPiece shape=15
[<] NP_boardDump size=40 dump=fdc07dc0fdc0f9c07980000000000000000000000000000000000000000000000000000000000000
[>] NP_down
[>] NP_rotate
[>] NP_down
[>] NP_left
[>] NP_down
[>] NP_right
[>] NP_right
[>] NP_down
[>] NP_right
[>] NP_right
[>] NP_down
[>] NP_drop
[>] NP_newPiece shape=2
[<] NP_boardDump size=40 dump=fdc07dc0fdc0f9c079c000c000800000000000000000000000000000000000000000000000000000
[>] NP_down
[>] NP_left
[>] NP_down
[>] NP_left
[>] NP_down
[>] NP_right
[>] NP_right
[>] NP_down
[>] NP_down
[>] NP_right
[>] NP_down
[>] NP_down
[>] NP_left
[>] NP_left
[>] NP_down
[>] NP_down
[>] NP_left
[>] NP_down
[>] NP_drop
[>] NP_newPiece shape=11
[<] NP_boardDump size=40 dump=fdc07dc0fdc0f9c079c030c030800000000000000000000000000000000000000000000000000000
[>] NP_down
[>] NP_down
[>] NP_rotate
[>] NP_rotate
[>] NP_down
[>] NP_rotate
[>] NP_down
[>] NP_rotate
[>] NP_right
[>] NP_down
[>] NP_rotate
[>] NP_rotate
[>] NP_down
[>] NP_rotate
[>] NP_down
[>] NP_drop
[>] NP_clear
[<] NP_points points=2
[>] NP_giveJunk count=1
[>] NP_newPiece shape=3
[<] NP_boardDump size=40 dump=fdc07dc07bc030c03080000000000000000000000000000000000000000000000000000000000000
[>] NP_down
[>] NP_down
[>] NP_right
[>] NP_down
[>] NP_drop
[>] NP_newPiece shape=15
[<] NP_boardDump size=40 dump=fdc07dc07fc037c03080000000000000000000000000000000000000000000000000000000000000
[>] NP_down
[>] NP_rotate
[>] NP_down
[>] NP_down
[>] NP_right
[>] NP_down
[>] NP_right
[>] NP_right
[>] NP_down
[>] NP_drop
[>] NP_newPiece shape=11
[<] NP_boardDump size=40 dump=fdc07dc07fc037c030c000c000800000000000000000000000000000000000000000000000000000
[>] NP_down
[>] NP_rotate
[>] NP_down
[>] NP_left
[>] NP_down
[>] NP_drop
[>] NP_newPiece shape=3
[<] NP_boardDump size=40 dump=fdc07dc07fc03fc03cc008c000800000000000000000000000000000000000000000000000000000
[>] NP_down
[>] NP_rotate
[>] NP_down
[>] NP_down
[>] NP_rotate
[>] NP_rotate
[>] NP_down
[>] NP_rotate
[>] NP_down
[>] NP_right
[>] NP_down
[>] NP_rotate
[>] NP_down
[>] NP_right
[>] NP_down
[>] NP_left
[>] NP_down
[>] NP_drop
[>] NP_newPiece shape=3
[<] NP_boardDump size=40 dump=fdc07dc07fc03fc03fc00ac002800000000000000000000000000000000000000000000000000000
[>] NP_down
[>] NP_rotate
[>] NP_down
[>] NP_rotate
[>] NP_down
[>] NP_rotate
[>] NP_right
[>] NP_down
[>] NP_right
[>] NP_down
[>] NP_drop
[>] NP_newPiece shape=0
[<] NP_boardDump size=40 dump=fdc07dc07fc03fc03fc00bc003800300000000000000000000000000000000000000000000000000
[>] NP_down
[>] NP_rotate
[>] NP_left
[>] NP_down
[>] NP_left
[>] NP_left
[>] NP_down
[>] NP_left
[>] NP_left
[>] NP_down
[>] NP_drop
[>] NP_clear
[<] NP_points points=1
[>] NP_newPiece shape=0
[<] NP_boardDump size=40 dump=fdc0fdc0bfc0bfc00bc0038003000000000000000000000000000000000000000000000000000000
[>] NP_down
[>] NP_rotate
[>] NP_left
[>] NP_left
[>] NP_down
[>] NP_left
[>] NP_left
[>] NP_down
[>] NP_left
[>] NP_down
[>] NP_right
[>] NP_drop
[>] NP_clear
[<] NP_points points=2
[>] NP_giveJunk count=1
[>] NP_newPiece shape=2
[<] NP_boardDump size=40 dump=fdc0fdc04bc043800300000000000000000000000000000000000000000000000000000000000000
[>] NP_down
[>] NP_left
[>] NP_left
[>] NP_down
[>] NP_down
[>] NP_drop
[>] NP_newPiece shape=11
[<] NP_boardDump size=40 dump=fdc0fdc07bc073800300000000000000000000000000000000000000000000000000000000000000
[>] NP_down
[>] NP_rotate
[>] NP_down
[>] NP_rotate
[>] NP_left
[>] NP_down
[>] NP_rotate
[>] NP_down
[>] NP_down
[>] NP_right
[>] NP_down
[>] NP_drop
[>] NP_newPiece shape=7
[<] NP_boardDump size=40 dump=fdc0fdc07fc07f800700000000000000000000000000000000000000000000000000000000000000
[>] NP_down
[>] NP_rotate
[>] NP_down
[>] NP_left
[>] NP_left
[>] NP_down
[>] NP_left
[>] NP_left
[>] NP_down
[>] NP_left
[>] NP_drop
[>] NP_clear
[<] NP_points points=1
[>] NP_newPiece shape=3
[<] NP_boardDump size=40 dump=fdc0fdc0ff80c7000000000000000000000000000000000000000000000000000000000000000000
[>] NP_down
[>] NP_down
[>] NP_left
[>] NP_rotate
[>] NP_down
[>] NP_left
[>] NP_rotate
[>] NP_down
[>] NP_down
[>] NP_drop
[>] NP_newPiece shape=3
[<] NP_boardDump size=40 dump=fdc0fdc0ff80ff000800000000000000000000000000000000000000000000000000000000000000
[>] NP_rotate
[>] NP_down
[>] NP_down
[>] NP_rotate
[>] NP_left
[>] NP_down
[>] NP_left
[>] NP_left
[>] NP_left
[>] NP_down
[>] NP_drop
[>] NP_newPiece shape=17
[<] NP_boardDump size=40 dump=fdc0fdc0ff80ff00e800200000000000000000000000000000000000000000000000000000000000
[>] NP_down
[>] NP_rotate
[>] NP_down
[>] NP_right
[>] NP_down
[>] NP_left
[>] NP_down
[>] NP_left
[>] NP_down
[>] NP_drop
[>] NP_newPiece shape=17
[<] NP_boardDump size=40 dump=fdc0fdc0ff80ff00f800380008000000000000000000000000000000000000000000000000000000
[>] NP_down
[>] NP_down
[>] NP_rotate
[>] NP_left
[>] NP_down
[>] NP_left
[>] NP_down
[>] NP_down
[>] NP_left
[>] NP_down
[>] NP_drop
[>] NP_newPiece shape=17
[<] NP_boardDump size=40 dump=fdc0fdc0ff80ff00f800780068002000000000000000000000000000000000000000000000000000
[>] NP_down
[>] NP_rotate
[>] NP_down
[>] NP_down
[>] NP_right
[>] NP_right
[>] NP_rotate
[>] NP_down
[>] NP_right
[>] NP_down
[>] NP_drop
[>] NP_clear
[<] NP_points points=1
[>] NP_newPiece shape=11
[<] NP_boardDump size=40 dump=fdc0fdc0ff80f9807800680020000000000000000000000000000000000000000000000000000000
[>] NP_down
[>] NP_down
[>] NP_rotate
[>] NP_down
[>] NP_down
[>] NP_left
[>] NP_down
[>] NP_left
[>] NP_down
[>] NP_drop
[>] NP_newPiece shape=2
[<] NP_boardDump size=40 dump=fdc0fdc0ff80f9807800780038001000000000000000000000000000000000000000000000000000
[>] NP_down
[>] NP_right
[>] NP_down
[>] NP_right
[>] NP_down
[>] NP_left
[>] NP_down
[>] NP_drop
[>] NP_newPiece shape=15
[<] NP_boardDump size=40 dump=fdc0fdc0ff80ff807e00780038001000000000000000000000000000000000000000000000000000
[>] NP_down
[>] NP_down
[>] NP_down
[>] NP_rotate
[>] NP_down
[>] NP_left
[>] NP_right
[>] NP_down
[>] NP_right
[>] NP_down
[>] NP_drop
[>] NP_newPiece shape=11
[<] NP_boardDump size=40 dump=fdc0fdc0ff80ff807f007b003a001000000000000000000000000000000000000000000000000000
[>] NP_down
[>] NP_down
[>] NP_rotate
[>] NP_rotate
[>] NP_down
[>] NP_rotate
[>] NP_down
[>] NP_right
[>] NP_right
[>] NP_down
[>] NP_right
[>] NP_right
[>] NP_down
[>] NP_drop
[>] NP_clear
[<] NP_points points=1
[>] NP_newPiece shape=17
[<] NP_boardDump size=40 dump=fdc0fdc0ff807fc07b403a0010000000000000000000000000000000000000000000000000000000
[>] NP_down
[>] NP_down
[>] NP_rotate
[>] NP_right
[>] NP_down
[>] NP_right
[>] NP_right
[>] NP_right
[>] NP_down
[>] NP_drop
[>] NP_newPiece shape=2
[<] NP_boardDump size=40 dump=fdc0fdc0ff807fc07bc03ac010400000000000000000000000000000000000000000000000000000
[>] NP_down
[>] NP_down
[>] NP_right
[>] NP_right
[>] NP_down
[>] NP_left
[>] NP_down
[>] NP_left
[>] NP_left
[>] NP_down
[>] NP_left
[>] NP_left
[>] NP_down
[>] NP_left
[>] NP_down
[>] NP_drop
[>] NP_newPiece shape=7
[<] NP_boardDump size=40 dump=fdc0fdc0ff807fc07bc0fac0d0400000000000000000000000000000000000000000000000000000
[>] NP_down
[>] NP_rotate
[>] NP_down
[>] NP_left
[>] NP_down
[>] NP_down
[>] NP_right
[>] NP_down
[>] NP_drop
[>] NP_newPiece shape=15
[<] NP_boardDump size=40 dump=fdc0fdc0ff807fc07fc0fec0d6400000000000000000000000000000000000000000000000000000
[>] NP_down
[>] NP_rotate
[>] NP_down
[>] NP_left
[>] NP_down
[>] NP_left
[>] NP_down
[>] NP_drop
[>] NP_newPiece shape=3
[<] NP_boardDump size=40 dump=fdc0fdc0ff807fc07fc0fec0de401800100000000000000000000000000000000000000000000000
[>] NP_down
[>] NP_rotate
[>] NP_down
[>] NP_down
[>] NP_left
[>] NP_down
[>] NP_rotate
[>] NP_down
[>] NP_rotate
[>] NP_down
[>] NP_rotate
[>] NP_down
[>] NP_left
[>] NP_rotate
[>] NP_down
[>] NP_left
[>] NP_left
[>] NP_down
[>] NP_left
[>] NP_drop
[>] NP_newPiece shape=7
[<] NP_boardDump size=40 dump=fdc0fdc0ff807fc07fc0fec0de40d800900080000000000000000000000000000000000000000000
[>] NP_down
[>] NP_rotate
[>] NP_down
[>] NP_rotate
[>] NP_down
[>] NP_down
[>] NP_rotate
[>] NP_right
[>] NP_down
[>] NP_right
[>] NP_down
[>] NP_right
[>] NP_down
[>] NP_drop
[>] NP_newPiece shape=11
[<] NP_boardDump size=40 dump=fdc0fdc0ff807fc07fc0fec0dfc0d880908080000000000000000000000000000000000000000000
[>] NP_down
[>] NP_down
[>] NP_right
[>] NP_down
[>] NP_rotate
[>] NP_down
[>] NP_rotate
[>] NP_down
[>] NP_right
[>] NP_down
[>] NP_left
[>] NP_down
[>] NP_drop
[>] NP_newPiece shape=17
[<] NP_boardDump size=40 dump=fdc0fdc0ff807fc07fc0fec0dfc0df80928080000000000000000000000000000000000000000000
[>] NP_down
[>] NP_down
[>] NP_left
[>] NP_down
[>] NP_drop
[>] NP_newPiece shape=2
[<] NP_boardDump size=40 dump=fdc0fdc0ff807fc07fc0fec0dfc0df809e8098000000000000000000000000000000000000000000
[>] NP_down
[>] NP_down
[>] NP_left
[>] NP_left
[>] NP_down
[>] NP_right
[>] NP_right
[>] NP_down
[>] NP_right
[>] NP_down
[>] NP_drop
[>] NP_newPiece shape=2
[<] NP_boardDump size=40 dump=fdc0fdc0ff807fc07fc0fec0dfc0df809e809e000600000000000000000000000000000000000000
[>] NP_down
[>] NP_down
[>] NP_right
[>] NP_right
[>] NP_down
[>] NP_left
[>] NP_down
[>] NP_left
[>] NP_left
[>] NP_down
[>] NP_left
[>] NP_left
[>] NP_down
[>] NP_drop
[>] NP_newPiece shape=17
[<] NP_boardDump size=40 dump=fdc0fdc0ff807fc07fc0fec0dfc0df80fe80fe000600000000000000000000000000000000000000
[>] NP_right
[>] NP_down
[>] NP_rotate
[>] NP_right
[>] NP_down
[>] NP_right
[>] NP_down
[>] NP_drop
[>] NP_newPiece shape=7
[<] NP_boardDump size=40 dump=fdc0fdc0ff807fc07fc0fec0dfc0df80ff80ff800680000000000000000000000000000000000000
[>] NP_down
[>] NP_rotate
[>] NP_down
[>] NP_rotate
[>] NP_down
[>] NP_left
[>] NP_left
[>] NP_down
[>] NP_drop
[>] NP_newPiece shape=15
[<] NP_boardDump size=40 dump=fdc0fdc0ff807fc07fc0fec0dfc0df80ff80ff803e80200000000000000000000000000000000000
[>] NP_down
[>] NP_down
[>] NP_left
[>] NP_down
[>] NP_rotate
[>] NP_left
[>] NP_down
[>] NP_left
[>] NP_right
[>] NP_down
[>] NP_right
[>] NP_right
[>] NP_down
[>] NP_right
[>] NP_down
[>] NP_down
[>] NP_newPiece shape=0
[<] NP_boardDump size=40 dump=fdc0fdc0ff807fc07fc0fec0dfc0df80ff80ff803f80230002000000000000000000000000000000
[>] NP_down
[>] NP_right
[>] NP_rotate
[>] NP_down
[>] NP_right
[>] NP_right
[>] NP_down
[>] NP_right
[>] NP_down
[>] NP_drop
[>] NP_clear
[<] NP_points points=2
[>] NP_giveJunk count=1
[>] NP_newPiece shape=0
[<] NP_boardDump size=40 dump=fdc0fdc0ff807fc07fc0fec0dfc0dfc03fc023000200000000000000000000000000000000000000
[>] NP_down
[>] NP_rotate
[>] NP_down
[>] NP_right
[>] NP_right
[>] NP_down
[>] NP_right
[>] NP_right
[>] NP_down
[>] NP_drop
[>] NP_newPiece shape=17
[<] NP_boardDump size=40 dump=fdc0fdc0ff807fc07fc0fec0dfc0dfc03fc023400240004000400000000000000000000000000000
[>] NP_down
[>] NP_rotate
[>] NP_down
[>] NP_rotate
[>] NP_down
[>] NP_left
[>] NP_left
[>] NP_down
[>] NP_down
[>] NP_drop
[>] NP_newPiece shape=0
[<] NP_boardDump size=40 dump=fdc0fdc0ff807fc07fc0fec0dfc0dfc03fc03b403240004000400000000000000000000000000000
[>] NP_down
[>] NP_rotate
[>] NP_left
[>] NP_down
[>] NP_left
[>] NP_left
[>] NP_down
[>] NP_left
[>] NP_down
[>] NP_left
[>] NP_down
[>] NP_drop
[>] NP_newPiece shape=15
[<] NP_boardDump size=40 dump=fdc0fdc0ff807fc07fc0fec0dfc0dfc0bfc0bb40b240804000400000000000000000000000000000
[>] NP_down
[>] NP_rotate
[>] NP_down
[>] NP_left
[>] NP_down
[>] NP_drop
[>] NP_newPiece shape=11
[<] NP_boardDump size=40 dump=fdc0fdc0ff807fc07fc0fec0dfc0dfc0bfc0bf40be40884000400000000000000000000000000000
[>] NP_down
[>] NP_rotate
[>] NP_down
[>] NP_rotate
[>] NP_down
[>] NP_right
[>] NP_rotate
[>] NP_down
[>] NP_right
[>] NP_down
[>] NP_right
[>] NP_down
[>] NP_drop
[>] NP_newPiece shape=7
[<] NP_boardDump size=40 dump=fdc0fdc0ff807fc07fc0fec0dfc0dfc0bfc0bfc0bfc088c000400000000000000000000000000000
[>] NP_down
[>] NP_rotate
[>] NP_down
[>] NP_left
[>] NP_left
[>] NP_down
[>] NP_left
[>] NP_left
[>] NP_down
[>] NP_drop
[>] NP_clear
[<] NP_points points=2
[>] NP_giveJunk count=1
[>] NP_newPiece shape=2
[<] NP_boardDump size=40 dump=fdc0fdc0ff807fc07fc0fec0dfc0dfc0bfc0e8c00040000000000000000000000000000000000000
[>] NP_down
[>] NP_right
[>] NP_down
[>] NP_right
[>] NP_down
[>] NP_drop
[>] NP_newPiece shape=3
[<] NP_boardDump size=40 dump=fdc0fdc0ff807fc07fc0fec0dfc0dfc0bfc0ebc00340000000000000000000000000000000000000
[>] NP_down
[>] NP_rotate
[>] NP_down
[>] NP_rotate
[>] NP_down
[>] NP_right
[>] NP_down
[>] NP_rotate
[>] NP_down
[>] NP_rotate
[>] NP_rotate
[>] NP_down
[>] NP_down
[>] NP_down
[>] NP_newPiece shape=7
[<] NP_boardDump size=40 dump=fdc0fdc0ff807fc07fc0fec0dfc0dfc0bfc0ebc00340030002000200000000000000000000000000
[>] NP_down
[>] NP_left
[>] NP_down
[>] NP_left
[>] NP_left
[>] NP_down
[>] NP_drop
[>] NP_newPiece shape=0
[<] NP_boardDump size=40 dump=fdc0fdc0ff807fc07fc0fec0dfc0dfc0bfc0fbc07340030002000200000000000000000000000000
[>] NP_down
[>] NP_rotate
[>] NP_down
[>] NP_drop
[>] NP_clear
[<] NP_points points=1
[>] NP_newPiece shape=17
[<] NP_boardDump size=40 dump=fdc0fdc0ff807fc07fc0fec0dfc0dfc0bfc077400700060002000000000000000000000000000000
[>] NP_down
[>] NP_rotate
[>] NP_down
[>] NP_right
[>] NP_down
[>] NP_right
[>] NP_right
[>] NP_down
[>] NP_right
[>] NP_drop
[>] NP_newPiece shape=3
[<] NP_boardDump size=40 dump=fdc0fdc0ff807fc07fc0fec0dfc0dfc0bfc077c007c0064002000000000000000000000000000000
[>] NP_down
[>] NP_left
[>] NP_down
[>] NP_left
[>] NP_left
[>] NP_down
[>] NP_left
[>] NP_drop
[>] NP_newPiece shape=3
[<] NP_boardDump size=40 dump=fdc0fdc0ff807fc07fc0fec0dfc0dfc0bfc0f7c0e7c0064002000000000000000000000000000000
[>] NP_down
[>] NP_rotate
[>] NP_down
[>] NP_down
[>] NP_right
[>] NP_right
[>] NP_down
[>] NP_drop
[>] NP_newPiece shape=3
[<] NP_boardDump size=40 dump=fdc0fdc0ff807fc07fc0fec0dfc0dfc0bfc0f7c0e7c007c003000100000000000000000000000000
[>] NP_down
[>] NP_left
[>] NP_down
[>] NP_left
[>] NP_rotate
[>] NP_down
[>] NP_rotate
[>] NP_left
[>] NP_down
[>] NP_left
[>] NP_down
[>] NP_drop
[>] NP_newPiece shape=7
[<] NP_boardDump size=40 dump=fdc0fdc0ff807fc07fc0fec0dfc0dfc0bfc0f7c0e7c0e7c023000100000000000000000000000000
[>] NP_down
[>] NP_rotate
[>] NP_down
[>] NP_rotate
[>] NP_down
[>] NP_down
[>] NP_rotate
[>] NP_down
[>] NP_left
[>] NP_down
[>] NP_drop
[>] NP_clear
[<] NP_points points=1
[>] NP_newPiece shape=3
[<] NP_boardDump size=40 dump=fdc0fdc0ff807fc07fc0fec0dfc0dfc0bfc0f7c0efc02b0001000000000000000000000000000000
[>] NP_down
[>] NP_right
[>] NP_down
[>] NP_rotate
[>] NP_rotate
[>] NP_down
[>] NP_left
[>] NP_rotate
[>] NP_down
[>] NP_left
[>] NP_left
[>] NP_down
[>] NP_drop
[>] NP_clear
[<] NP_points points=1
[>] NP_newPiece shape=17
[<] NP_boardDump size=40 dump=fdc0fdc0ff807fc07fc0fec0dfc0dfc0bfc0f7c03b00310000000000000000000000000000000000
[>] NP_down
[>] NP_rotate
[>] NP_down
[>] NP_right
[>] NP_down
[>] NP_right
[>] NP_down
[>] NP_left
[>] NP_down
[>] NP_drop
[>] NP_newPiece shape=15
[<] NP_boardDump size=40 dump=fdc0fdc0ff807fc07fc0fec0dfc0dfc0bfc0f7c03f00370002000000000000000000000000000000
[>] NP_down
[>] NP_left
[>] NP_down
[>] NP_rotate
[>] NP_down
[>] NP_left
[>] NP_down
[>] NP_right
[>] NP_down
[>] NP_left
[>] NP_down
[>] NP_down
[>] NP_newPiece shape=2
[<] NP_boardDump size=40 dump=fdc0fdc0ff807fc07fc0fec0dfc0dfc0bfc0f7c03f003f001a001000000000000000000000000000
[>] NP_down
[>] NP_right
[>] NP_down
[>] NP_right
[>] NP_right
[>] NP_down
[>] NP_right
[>] NP_down
[>] NP_drop
[>] NP_newPiece shape=3
[<] NP_boardDump size=40 dump=fdc0fdc0ff807fc07fc0fec0dfc0dfc0bfc0f7c03fc03fc01a001000000000000000000000000000
[>] NP_down
[>] NP_rotate
[>] NP_left
[>] NP_down
[>] NP_left
[>] NP_left
[>] NP_down
[>] NP_left
[>] NP_left
[>] NP_down
[>] NP_drop
[>] NP_clear
[<] NP_points points=1
[>] NP_newPiece shape=2
[<] NP_boardDump size=40 dump=fdc0fdc0ff807fc07fc0fec0dfc0dfc0bfc0f7c0bfc09a0010000000000000000000000000000000
[>] NP_down
[>] NP_right
[>] NP_down
[>] NP_right
[>] NP_right
[>] NP_down
[>] NP_right
[>] NP_drop
[>] NP_newPiece shape=0
[<] NP_boardDump size=40 dump=fdc0fdc0ff807fc07fc0fec0dfc0dfc0bfc0f7c0bfc09ac010c00000000000000000000000000000
[>] NP_down
[>] NP_rotate
[>] NP_down
[>] NP_left
[>] NP_left
[>] NP_down
[>] NP_left
[>] NP_left
[>] NP_down
[>] NP_drop
[>] NP_clear
[<] NP_points points=1
[>] NP_newPiece shape=7
[<] NP_boardDump size=40 dump=fdc0fdc0ff807fc07fc0fec0dfc0dfc0bfc0f7c0dac050c040000000000000000000000000000000
[>] NP_down
[>] NP_rotate
[>] NP_down
[>] NP_left
[>] NP_left
[>] NP_down
[>] NP_left
[>] NP_down
[>] NP_drop
[>] NP_newPiece shape=0
[<] NP_boardDump size=40 dump=fdc0fdc0ff807fc07fc0fec0dfc0dfc0bfc0f7c0fac070c070000000000000000000000000000000
[>] NP_down
[>] NP_right
[>] NP_down
[>] NP_rotate
[>] NP_right
[>] NP_down
[>] NP_drop
[>] NP_newPiece shape=15
[<] NP_boardDump size=40 dump=fdc0fdc0ff807fc07fc0fec0dfc0dfc0bfc0f7c0fbc071c071000100000000000000000000000000
[>] NP_down
[>] NP_right
[>] NP_rotate
[>] NP_down
[>] NP_left
[>] NP_down
[>] NP_left
[>] NP_drop
[>] NP_clear
[<] NP_points points=1
[>] NP_newPiece shape=7
[<] NP_boardDump size=40 dump=fdc0fdc0ff807fc07fc0fec0dfc0dfc0bfc0f7c07dc0790001000000000000000000000000000000
[>] NP_down
[>] NP_right
[>] NP_down
[>] NP_rotate
[>] NP_rotate
[>] NP_down
[>] NP_rotate
[>] NP_down
[>] NP_right
[>] NP_right
[>] NP_down
[>] NP_right
[>] NP_down
[>] NP_drop
[>] NP_newPiece shape=3
[<] NP_boardDump size=40 dump=fdc0fdc0ff807fc07fc0fec0dfc0dfc0bfc0f7c07dc079c001400040000000000000000000000000
[>] NP_down
[>] NP_rotate
[>] NP_down
[>] NP_left
[>] NP_down
[>] NP_rotate
[>] NP_down
[>] NP_left
[>] NP_down
[>] NP_left
[>] NP_down
[>] NP_down
[>] NP_drop
[>] NP_newPiece shape=7
[<] NP_boardDump size=40 dump=fdc0fdc0ff807fc07fc0fec0dfc0dfc0bfc0f7c07dc079c071401040000000000000000000000000
[>] NP_down
[>] NP_rotate
[>] NP_down
[>] NP_right
[>] NP_right
[>] NP_down
[>] NP_right
[>] NP_drop
[>] NP_newPiece shape=0
[<] NP_boardDump size=40 dump=fdc0fdc0ff807fc07fc0fec0dfc0dfc0bfc0f7c07dc079c071c010c000c000000000000000000000
[>] NP_down
[>] NP_rotate
[>] NP_right
[>] NP_down
[>] NP_right
[>] NP_down
[>] NP_left
[>] NP_down
[>] NP_drop
[>] NP_newPiece shape=15
[<] NP_boardDump size=40 dump=fdc0fdc0ff807fc07fc0fec0dfc0dfc0bfc0f7c07fc07bc073c012c000c000000000000000000000
[>] NP_down
[>] NP_rotate
[>] NP_down
[>] NP_left
[>] NP_down
[>] NP_drop
[>] NP_newPiece shape=2
[<] NP_boardDump size=40 dump=fdc0fdc0ff807fc07fc0fec0dfc0dfc0bfc0f7c07fc07fc07fc01ac000c000000000000000000000
[>] NP_down
[>] NP_rotate
[>] NP_left
[>] NP_down
[>] NP_left
[>] NP_down
[>] NP_left
[>] NP_right
[>] NP_down
[>] NP_left
[>] NP_down
[>] NP_left
[>] NP_right
[>] NP_down
[>] NP_newPiece shape=2
[<] NP_boardDump size=40 dump=fdc0fdc0ff807fc07fc0fec0dfc0dfc0bfc0f7c07fc07fc07fc07ac060c000000000000000000000
[>] NP_down
[>] NP_left
[>] NP_down
[>] NP_right
[>] NP_down
[>] NP_left
[>] NP_down
[>] NP_down
[>] NP_newPiece shape=0
[<] NP_boardDump size=40 dump=fdc0fdc0ff807fc07fc0fec0dfc0dfc0bfc0f7c07fc07fc07fc07ac078c018000000000000000000
[>] NP_down
[>] NP_rotate
[>] NP_left
[>] NP_left
[>] NP_newPiece shape=11
[<] NP_boardDump size=40 dump=fdc0fdc0ff807fc07fc0fec0dfc0dfc0bfc0f7c07fc07fc07fc07ac078c018001000100010001000
[>] NP_left
[<] NP_endConn
