[+] Game: two player
[<] NP_version
[>] NP_version
[<] NP_startConn
[>] NP_startConn
[<] NP_userName
[>] NP_userName
[<] NP_newPiece shape=17
[>] NP_newPiece shape=17
[<] NP_boardDump size=40 dump=00000000000000000000000000000000000000000000000000000000000000000000000000000000
[<] NP_down
[>] NP_down
[<] NP_rotate
[<] NP_down
[>] NP_down
[<] NP_rotate
[<] NP_right
[<] NP_down
[>] NP_down
[<] NP_right
[<] NP_down
[>] NP_down
[<] NP_right
[<] NP_down
[>] NP_down
[<] NP_drop
[>] NP_down
[<] NP_newPiece shape=7
[>] NP_left
[<] NP_rotate
[>] NP_left
[>] NP_down
[<] NP_down
[<] NP_rotate
[>] NP_left
[<] NP_down
[>] NP_down
[>] NP_left
[<] NP_rotate
[<] NP_rotate
[>] NP_right
[>] NP_down
[<] NP_down
[>] NP_right
[<] NP_rotate
[>] NP_right
[>] NP_down
[<] NP_down
[<] NP_left
[>] NP_right
[<] NP_rotate
[<] NP_down
[>] NP_right
[>] NP_down
[>] NP_right
[>] NP_down
[>] NP_right
[<] NP_down
[<] NP_drop
[<] NP_right
[>] NP_down
[<] NP_newPiece shape=15
[>] NP_drop
[<] NP_right
[<] NP_down
[>] NP_newPiece shape=7
[<] NP_boardDump size=40 dump=00c00180000000000000000000000000000000000000000000000000000000000000000000000000
[<] NP_rotate
[<] NP_down
[>] NP_down
[<] NP_rotate
[<] NP_left
[<] NP_down
[>] NP_down
[<] NP_right
[<] NP_drop
[>] NP_down
[<] NP_newPiece shape=2
[>] NP_rotate
[>] NP_down
[>] NP_rotate
[<] NP_rotate
[<] NP_down
[>] NP_down
[<] NP_left
[<] NP_left
[<] NP_down
[>] NP_down
[<] NP_drop
[>] NP_down
[<] NP_newPiece shape=17
[<] NP_rotate
[>] NP_down
[<] NP_left
[<] NP_down
[<] NP_left
[<] NP_right
[>] NP_down
[<] NP_down
[<] NP_rotate
[<] NP_right
[>] NP_down
[<] NP_down
[>] NP_down
[>] NP_drop
[<] NP_down
[<] NP_rotate
[>] NP_right
[>] NP_newPiece shape=15
[<] NP_boardDump size=40 dump=07c00580000000000000000000000000000000000000000000000000000000000000000000000000
[<] NP_down
[<] NP_right
[<] NP_drop
[>] NP_down
[<] NP_newPiece shape=7
[>] NP_down
[<] NP_rotate
[>] NP_right
[<] NP_down
[>] NP_down
[<] NP_rotate
[>] NP_rotate
[<] NP_down
[>] NP_down
[<] NP_rotate
[>] NP_right
[<] NP_down
[>] NP_down
[>] NP_right
[<] NP_rotate
[<] NP_down
[>] NP_down
[<] NP_left
[>] NP_drop
[<] NP_down
[<] NP_rotate
[<] NP_rotate
[>] NP_newPiece shape=2
[<] NP_boardDump size=40 dump=07c005c000c000800000000000000000000000000000000000000000000000000000000000000000
[<] NP_down
[<] NP_left
[<] NP_rotate
[>] NP_down
[<] NP_down
[>] NP_right
[<] NP_right
[<] NP_drop
[>] NP_down
[<] NP_newPiece shape=11
[>] NP_left
[>] NP_down
[<] NP_down
[>] NP_left
[<] NP_rotate
[>] NP_down
[<] NP_rotate
[>] NP_drop
[<] NP_down
[<] NP_rotate
[<] NP_right
[<] NP_down
[>] NP_newPiece shape=17
[<] NP_boardDump size=40 dump=1fc01dc000c000800000000000000000000000000000000000000000000000000000000000000000
[<] NP_right
[<] NP_right
[>] NP_down
[<] NP_down
[<] NP_right
[<] NP_down
[>] NP_down
[>] NP_down
[<] NP_down
[>] NP_rotate
[<] NP_drop
[<] NP_newPiece shape=11
[>] NP_down
[>] NP_right
[<] NP_rotate
[>] NP_right
[>] NP_down
[<] NP_down
[<] NP_rotate
[>] NP_drop
[<] NP_down
[<] NP_right
[>] NP_newPiece shape=7
[<] NP_boardDump size=40 dump=1fc01fc003c001800000000000000000000000000000000000000000000000000000000000000000
[<] NP_down
[<] NP_rotate
[>] NP_down
[<] NP_rotate
[<] NP_down
[>] NP_left
[<] NP_rotate
[>] NP_left
[>] NP_down
[<] NP_down
[>] NP_left
[<] NP_left
[<] NP_rotate
[>] NP_down
[<] NP_down
[>] NP_rotate
[<] NP_rotate
[>] NP_rotate
[<] NP_rotate
[>] NP_down
[<] NP_down
[<] NP_right
[>] NP_left
[<] NP_drop
[>] NP_down
[<] NP_left
[<] NP_down
[>] NP_down
[>] NP_drop
[<] NP_newPiece shape=0
[>] NP_clear
[<] NP_points points=1
[>] NP_newPiece shape=11
[<] NP_boardDump size=40 dump=9fc003c0018000000000000000000000000000000000000000000000000000000000000000000000
[<] NP_down
[<] NP_rotate
[>] NP_down
[<] NP_left
[>] NP_left
[<] NP_down
[<] NP_left
[>] NP_down
[>] NP_left
[<] NP_left
[<] NP_down
[<] NP_left
[>] NP_down
[<] NP_drop
[>] NP_down
[<] NP_newPiece shape=7
[>] NP_rotate
[<] NP_right
[<] NP_rotate
[>] NP_down
[<] NP_down
[>] NP_left
[<] NP_rotate
[>] NP_down
[<] NP_down
[<] NP_rotate
[<] NP_down
[>] NP_down
[<] NP_rotate
[<] NP_rotate
[>] NP_down
[<] NP_down
[>] NP_rotate
[<] NP_right
[<] NP_rotate
[>] NP_rotate
[>] NP_down
[<] NP_down
[<] NP_rotate
[>] NP_left
[<] NP_right
[>] NP_down
[<] NP_down
[<] NP_drop
[>] NP_drop
[<] NP_newPiece shape=11
[>] NP_newPiece shape=11
[<] NP_boardDump size=40 dump=dfc0c3c0418000000000000000000000000000000000000000000000000000000000000000000000
[<] NP_down
[>] NP_down
[<] NP_rotate
[>] NP_left
[<] NP_down
[<] NP_left
[>] NP_down
[<] NP_rotate
[<] NP_down
[>] NP_rotate
[>] NP_down
[<] NP_left
[<] NP_down
[<] NP_rotate
[>] NP_down
[>] NP_rotate
[<] NP_rotate
[<] NP_down
[>] NP_left
[>] NP_down
[<] NP_rotate
[<] NP_left
[<] NP_down
[>] NP_down
[<] NP_drop
[>] NP_rotate
[>] NP_down
[<] NP_newPiece shape=2
[>] NP_rotate
[>] NP_down
[<] NP_down
[<] NP_left
[>] NP_down
[<] NP_down
[>] NP_rotate
[<] NP_right
[>] NP_down
[<] NP_drop
[>] NP_left
[>] NP_down
[<] NP_newPiece shape=7
[>] NP_drop
[<] NP_down
[>] NP_clear
[<] NP_points points=1
[>] NP_newPiece shape=0
[<] NP_boardDump size=40 dump=f3c06180000000000000000000000000000000000000000000000000000000000000000000000000
[<] NP_rotate
[<] NP_down
[<] NP_rotate
[>] NP_down
[<] NP_rotate
[<] NP_down
[<] NP_right
[>] NP_down
[<] NP_down
[<] NP_right
[>] NP_down
[<] NP_right
[<] NP_rotate
[<] NP_down
[>] NP_rotate
[>] NP_down
[<] NP_down
[<] NP_left
[>] NP_left
[>] NP_down
[<] NP_left
[<] NP_down
[>] NP_down
[<] NP_right
[<] NP_rotate
[<] NP_down
[>] NP_left
[>] NP_down
[<] NP_rotate
[<] NP_down
[<] NP_rotate
[>] NP_down
[<] NP_rotate
[<] NP_down
[>] NP_left
[<] NP_rotate
[>] NP_left
[>] NP_down
[>] NP_left
[<] NP_down
[<] NP_drop
[>] NP_down
[>] NP_drop
[<] NP_newPiece shape=0
[>] NP_newPiece shape=7
[<] NP_boardDump size=40 dump=f3c0e180800080008000000000000000000000000000000000000000000000000000000000000000
[<] NP_down
[>] NP_down
[<] NP_rotate
[>] NP_down
[<] NP_down
[<] NP_left
[>] NP_rotate
[<] NP_left
[>] NP_down
[<] NP_down
[<] NP_left
[<] NP_left
[<] NP_down
[>] NP_down
[>] NP_left
[<] NP_drop
[<] NP_newPiece shape=11
[>] NP_down
[>] NP_rotate
[>] NP_rotate
[>] NP_down
[<] NP_down
[>] NP_down
[<] NP_down
[<] NP_rotate
[<] NP_rotate
[>] NP_right
[>] NP_down
[<] NP_down
[<] NP_left
[>] NP_drop
[<] NP_rotate
[<] NP_down
[>] NP_clear
[<] NP_points points=1
[<] NP_left
[>] NP_newPiece shape=11
[<] NP_boardDump size=40 dump=e5808400800080000000000000000000000000000000000000000000000000000000000000000000
[<] NP_down
[<] NP_drop
[>] NP_down
[<] NP_newPiece shape=2
[>] NP_down
[>] NP_right
[>] NP_right
[<] NP_down
[>] NP_down
[>] NP_rotate
[<] NP_down
[<] NP_left
[>] NP_down
[>] NP_right
[<] NP_right
[<] NP_down
[>] NP_down
[>] NP_rotate
[<] NP_drop
[>] NP_rotate
[>] NP_down
[>] NP_right
[<] NP_newPiece shape=2
[>] NP_down
[<] NP_down
[>] NP_drop
[<] NP_down
[<] NP_right
[>] NP_newPiece shape=2
[<] NP_boardDump size=40 dump=e5c084c0804080000000000000000000000000000000000000000000000000000000000000000000
[<] NP_left
[<] NP_down
[>] NP_down
[<] NP_drop
[<] NP_newPiece shape=11
[>] NP_left
[>] NP_down
[<] NP_down
[>] NP_down
[>] NP_drop
[<] NP_right
[<] NP_rotate
[<] NP_down
[>] NP_newPiece shape=7
[<] NP_boardDump size=40 dump=fdc09cc0804080000000000000000000000000000000000000000000000000000000000000000000
[<] NP_down
[>] NP_down
[<] NP_drop
[>] NP_down
[<] NP_newPiece shape=11
[>] NP_down
[>] NP_rotate
[<] NP_down
[>] NP_down
[<] NP_left
[<] NP_rotate
[>] NP_left
[<] NP_down
[<] NP_left
[>] NP_down
[>] NP_left
[>] NP_rotate
[<] NP_down
[<] NP_left
[>] NP_rotate
[>] NP_down
[<] NP_drop
[>] NP_left
[>] NP_down
[<] NP_newPiece shape=17
[>] NP_down
[<] NP_down
[>] NP_drop
[<] NP_down
[<] NP_rotate
[>] NP_newPiece shape=0
[<] NP_boardDump size=40 dump=fdc0fcc0a040a0000000000000000000000000000000000000000000000000000000000000000000
[<] NP_right
[<] NP_down
[<] NP_right
[>] NP_down
[<] NP_rotate
[>] NP_right
[<] NP_down
[<] NP_right
[>] NP_rotate
[>] NP_down
[<] NP_down
[<] NP_drop
[>] NP_down
[>] NP_drop
[<] NP_newPiece shape=11
[>] NP_clear
[<] NP_points points=1
[>] NP_newPiece shape=11
[<] NP_boardDump size=40 dump=fec0a240a20000000000000000000000000000000000000000000000000000000000000000000000
[<] NP_down
[<] NP_rotate
[>] NP_down
[<] NP_down
[<] NP_left
[>] NP_right
[>] NP_down
[<] NP_rotate
[<] NP_down
[>] NP_rotate
[<] NP_left
[>] NP_down
[>] NP_rotate
[<] NP_rotate
[<] NP_down
[<] NP_drop
[>] NP_down
[>] NP_right
[>] NP_rotate
[<] NP_newPiece shape=3
[>] NP_down
[>] NP_rotate
[<] NP_down
[>] NP_down
[>] NP_rotate
[<] NP_down
[<] NP_rotate
[>] NP_down
[>] NP_right
[<] NP_right
[<] NP_down
[>] NP_down
[<] NP_rotate
[<] NP_down
[>] NP_down
[>] NP_left
[<] NP_right
[<] NP_down
[>] NP_drop
[<] NP_down
[>] NP_clear
[<] NP_points points=1
[>] NP_newPiece shape=2
[<] NP_boardDump size=40 dump=a3c0a300000000000000000000000000000000000000000000000000000000000000000000000000
[<] NP_rotate
[<] NP_rotate
[<] NP_down
[>] NP_down
[<] NP_rotate
[>] NP_left
[<] NP_down
[>] NP_down
[<] NP_left
[<] NP_drop
[>] NP_down
[<] NP_newPiece shape=3
[>] NP_down
[<] NP_down
[>] NP_drop
[<] NP_down
[>] NP_newPiece shape=2
[<] NP_boardDump size=40 dump=bbc0bb00000000000000000000000000000000000000000000000000000000000000000000000000
[<] NP_rotate
[<] NP_left
[<] NP_down
[>] NP_down
[<] NP_rotate
[<] NP_down
[>] NP_down
[<] NP_right
[>] NP_right
[<] NP_down
[>] NP_down
[<] NP_rotate
[>] NP_right
[<] NP_right
[>] NP_right
[<] NP_down
[>] NP_down
[>] NP_right
[<] NP_right
[<] NP_drop
[>] NP_down
[>] NP_drop
[<] NP_newPiece shape=11
[>] NP_newPiece shape=11
[<] NP_boardDump size=40 dump=bbc0bbc000c000000000000000000000000000000000000000000000000000000000000000000000
[<] NP_down
[<] NP_left
[>] NP_down
[<] NP_down
[<] NP_rotate
[<] NP_left
[>] NP_down
[<] NP_down
[>] NP_down
[<] NP_left
[<] NP_down
[<] NP_drop
[>] NP_down
[<] NP_newPiece shape=15
[>] NP_right
[>] NP_down
[<] NP_down
[>] NP_right
[>] NP_down
[>] NP_rotate
[<] NP_down
[>] NP_down
[<] NP_down
[>] NP_down
[<] NP_drop
[>] NP_down
[<] NP_newPiece shape=0
[>] NP_drop
[<] NP_down
[>] NP_newPiece shape=11
[<] NP_boardDump size=40 dump=bbc0bbc001c001800100000000000000000000000000000000000000000000000000000000000000
[<] NP_left
[<] NP_down
[>] NP_down
[<] NP_left
[<] NP_rotate
[>] NP_left
[<] NP_down
[<] NP_left
[>] NP_down
[<] NP_left
[<] NP_down
[>] NP_down
[<] NP_left
[<] NP_down
[>] NP_down
[<] NP_drop
[>] NP_right
[>] NP_down
[<] NP_clear
[<] NP_giveJunk count=2
[<] NP_newPiece shape=11
[>] NP_insertJunk count=2, column=9
[<] NP_down
[>] NP_right
[>] NP_down
[>] NP_rotate
[>] NP_down
[<] NP_down
[>] NP_right
[>] NP_down
[<] NP_down
[>] NP_right
[<] NP_left
[>] NP_rotate
[>] NP_down
[<] NP_down
[>] NP_rotate
[<] NP_left
[<] NP_rotate
[>] NP_down
[>] NP_right
[<] NP_down
[<] NP_rotate
[<] NP_rotate
[>] NP_down
[<] NP_down
[>] NP_drop
[<] NP_right
[<] NP_down
[<] NP_right
[>] NP_newPiece shape=11
[<] NP_boardDump size=40 dump=ff80ff80bbc0bbc001c001c001c00040000000000000000000000000000000000000000000000000
[<] NP_right
[<] NP_down
[<] NP_right
[>] NP_down
[<] NP_right
[<] NP_down
[>] NP_left
[<] NP_right
[>] NP_down
[<] NP_drop
[>] NP_down
[<] NP_newPiece shape=7
[>] NP_rotate
[>] NP_down
[<] NP_down
[>] NP_rotate
[>] NP_down
[<] NP_down
[>] NP_down
[<] NP_rotate
[<] NP_left
[<] NP_down
[>] NP_rotate
[<] NP_left
[>] NP_down
[>] NP_rotate
[<] NP_left
[<] NP_down
[<] NP_left
[>] NP_right
[>] NP_down
[<] NP_left
[<] NP_down
[<] NP_drop
[>] NP_down
[>] NP_drop
[<] NP_clear
[<] NP_giveJunk count=1
[<] NP_newPiece shape=11
[>] NP_insertJunk count=1, column=0
[>] NP_newPiece shape=3
[<] NP_boardDump size=40 dump=7fc0ff80ff80bbc0bfc00fc001c001c0004000000000000000000000000000000000000000000000
[<] NP_down
[>] NP_down
[>] NP_left
[<] NP_down
[<] NP_rotate
[<] NP_left
[>] NP_down
[>] NP_left
[<] NP_down
[<] NP_rotate
[>] NP_rotate
[>] NP_down
[<] NP_rotate
[<] NP_down
[>] NP_left
[>] NP_left
[>] NP_down
[<] NP_down
[>] NP_rotate
[>] NP_down
[<] NP_rotate
[>] NP_rotate
[<] NP_down
[>] NP_down
[<] NP_left
[<] NP_down
[<] NP_right
[>] NP_down
[>] NP_drop
[<] NP_rotate
[<] NP_down
[<] NP_right
[<] NP_right
[>] NP_clear
[<] NP_points points=1
[>] NP_newPiece shape=11
[<] NP_boardDump size=40 dump=7fc0ff80ff80fbc0cfc001c001c00040000000000000000000000000000000000000000000000000
[<] NP_down
[<] NP_right
[>] NP_down
[<] NP_right
[<] NP_down
[>] NP_left
[<] NP_drop
[>] NP_down
[<] NP_newPiece shape=0
[>] NP_rotate
[>] NP_rotate
[>] NP_down
[<] NP_down
[>] NP_left
[>] NP_down
[<] NP_rotate
[<] NP_left
[<] NP_down
[>] NP_down
[<] NP_left
[>] NP_left
[<] NP_left
[<] NP_down
[<] NP_left
[>] NP_down
[>] NP_rotate
[<] NP_drop
[>] NP_down
[<] NP_newPiece shape=17
[>] NP_down
[>] NP_drop
[<] NP_down
[<] NP_rotate
[<] NP_left
[>] NP_newPiece shape=15
[<] NP_boardDump size=40 dump=7fc0ff80ff80fbc0efc061c021c00040000000000000000000000000000000000000000000000000
[<] NP_down
[<] NP_rotate
[>] NP_down
[<] NP_down
[>] NP_rotate
[<] NP_rotate
[>] NP_down
[<] NP_down
[>] NP_left
[<] NP_drop
[>] NP_down
[<] NP_newPiece shape=0
[>] NP_down
[>] NP_left
[<] NP_down
[>] NP_down
[>] NP_rotate
[<] NP_rotate
[<] NP_left
[>] NP_right
[<] NP_down
[>] NP_down
[<] NP_left
[<] NP_left
[<] NP_down
[<] NP_left
[>] NP_rotate
[>] NP_down
[<] NP_left
[<] NP_drop
[>] NP_down
[>] NP_right
[<] NP_clear
[<] NP_giveJunk count=2
[<] NP_newPiece shape=0
[>] NP_insertJunk count=2, column=1
[>] NP_down
[>] NP_rotate
[<] NP_down
[>] NP_down
[<] NP_rotate
[>] NP_right
[<] NP_down
[>] NP_down
[<] NP_right
[>] NP_right
[<] NP_right
[<] NP_down
[>] NP_right
[>] NP_down
[<] NP_right
[<] NP_right
[<] NP_down
[>] NP_newPiece shape=11
[<] NP_boardDump size=40 dump=bfc0bfc07fc0ff80ff80fbc0efc061c021c001c000c0000000000000000000000000000000000000
[<] NP_drop
[>] NP_down
[<] NP_clear
[<] NP_giveJunk count=1
[<] NP_newPiece shape=11
[>] NP_insertJunk count=1, column=5
[>] NP_down
[<] NP_down
[>] NP_rotate
[>] NP_down
[<] NP_down
[<] NP_rotate
[<] NP_rotate
[>] NP_down
[<] NP_down
[>] NP_left
[<] NP_right
[>] NP_down
[>] NP_left
[<] NP_down
[<] NP_right
[<] NP_right
[>] NP_down
[<] NP_down
[>] NP_drop
[<] NP_drop
[>] NP_clear
[<] NP_points points=1
[>] NP_newPiece shape=11
[<] NP_boardDump size=40 dump=fbc0bfc0bfc07fc0ff80ff80fbc079c031c001c000c0000000000000000000000000000000000000
[<] NP_newPiece shape=7
[>] NP_down
[<] NP_down
[<] NP_rotate
[>] NP_left
[>] NP_down
[<] NP_rotate
[<] NP_down
[>] NP_right
[>] NP_down
[<] NP_rotate
[<] NP_down
[>] NP_rotate
[<] NP_rotate
[>] NP_down
[<] NP_rotate
[>] NP_rotate
[<] NP_down
[<] NP_left
[>] NP_down
[>] NP_rotate
[<] NP_left
[<] NP_down
[<] NP_left
[>] NP_down
[<] NP_left
[>] NP_right
[<] NP_down
[>] NP_down
[<] NP_down
[<] NP_left
[>] NP_down
[<] NP_down
[>] NP_rotate
[>] NP_down
[<] NP_drop
[>] NP_left
[>] NP_down
[<] NP_clear
[<] NP_giveJunk count=1
[<] NP_newPiece shape=11
[>] NP_insertJunk count=1, column=1
[>] NP_rotate
[<] NP_down
[>] NP_down
[<] NP_rotate
[<] NP_left
[>] NP_down
[<] NP_left
[<] NP_down
[>] NP_drop
[<] NP_rotate
[<] NP_down
[<] NP_rotate
[>] NP_clear
[<] NP_points points=1
[>] NP_newPiece shape=17
[<] NP_boardDump size=40 dump=bfc0fbc0bfc0bfc07fc0ff80ff807fc035c001c000c0000000000000000000000000000000000000
[>] NP_left
[<] NP_rotate
[<] NP_down
[>] NP_left
[>] NP_down
[>] NP_left
[<] NP_down
[>] NP_rotate
[>] NP_down
[>] NP_left
[<] NP_drop
[>] NP_down
[<] NP_newPiece shape=17
[>] NP_drop
[<] NP_left
[<] NP_down
[>] NP_clear
[<] NP_points points=1
[>] NP_newPiece shape=0
[<] NP_boardDump size=40 dump=bfc0fbc0bfc0bfc07fc0ff80ff80f5c041c000c00000000000000000000000000000000000000000
[<] NP_right
[<] NP_down
[>] NP_down
[<] NP_rotate
[>] NP_rotate
[<] NP_down
[>] NP_drop
[<] NP_right
[<] NP_right
[>] NP_newPiece shape=0
[<] NP_boardDump size=40 dump=bfc0fbc0bfc0bfc07fc0ff80ff80f5c045c004c00400040000000000000000000000000000000000
[<] NP_down
[>] NP_right
[<] NP_left
[<] NP_left
[>] NP_down
[<] NP_down
[<] NP_right
[>] NP_drop
[<] NP_down
[<] NP_right
[>] NP_newPiece shape=11
[<] NP_boardDump size=40 dump=bfc0fbc0bfc0bfc07fc0ff80ff80f5c045c004c00400040007800000000000000000000000000000
[<] NP_right
[<] NP_down
[<] NP_drop
[>] NP_down
[>] NP_left
[<] NP_newPiece shape=2
[>] NP_down
[>] NP_rotate
[<] NP_down
[>] NP_down
[>] NP_rotate
[<] NP_right
[<] NP_down
[>] NP_down
[>] NP_rotate
[<] NP_drop
[>] NP_down
[<] NP_newPiece shape=2
[>] NP_drop
[<] NP_down
[>] NP_newPiece shape=7
[<] NP_boardDump size=40 dump=bfc0fbc0bfc0bfc07fc0ff80ff80fdc05dc00cc00400040007800000000000000000000000000000
[<] NP_left
[<] NP_down
[<] NP_left
[>] NP_down
[<] NP_left
[>] NP_right
[<] NP_down
[<] NP_left
[>] NP_right
[>] NP_down
[<] NP_drop
[>] NP_right
[>] NP_down
[>] NP_rotate
[<] NP_newPiece shape=2
[<] NP_right
[>] NP_down
[<] NP_down
[<] NP_rotate
[>] NP_down
[<] NP_right
[<] NP_down
[>] NP_rotate
[>] NP_rotate
[<] NP_drop
[>] NP_down
[<] NP_newPiece shape=17
[>] NP_right
[>] NP_newPiece shape=11
[<] NP_boardDump size=40 dump=bfc0fbc0bfc0bfc07fc0ff80ff80fdc05dc00cc004000400078000c0004000400000000000000000
[<] NP_rotate
[<] NP_down
[>] NP_down
[>] NP_right
[<] NP_down
[>] NP_down
[<] NP_rotate
[>] NP_drop
[<] NP_down
[>] NP_newPiece shape=17
[<] NP_boardDump size=40 dump=bfc0fbc0bfc0bfc07fc0ff80ff80fdc05dc00cc004000400078002c0074000400000000000000000
[>] NP_drop
[<] NP_rotate
[<] NP_down
[>] NP_newPiece shape=2
[<] NP_boardDump size=40 dump=bfc0fbc0bfc0bfc07fc0ff80ff80fdc05dc00cc004000400078002c0074006400c00000000000000
[>] NP_drop
[<] NP_down
[<] NP_rotate
[<] NP_left
[<] NP_down
[>] NP_newPiece shape=2
[<] NP_boardDump size=40 dump=bfc0fbc0bfc0bfc07fc0ff80ff80fdc05dc00cc004000400078002c0074006400c000c000c000000
[<] NP_drop
[<] NP_newPiece shape=17
[<] NP_endConn
