[+] Game: single player
[<] NP_version
[>] NP_version
[<] NP_startConn
[>] NP_startConn
[<] NP_userName
[>] NP_userName
[>] NP_newPiece shape=17
[<] NP_boardDump size=40 dump=00000000000000000000000000000000000000000000000000000000000000000000000000000000
[>] NP_down
[>] NP_down
[>] NP_down
[>] NP_down
[>] NP_right
[>] NP_right
[>] NP_down
[>] NP_right
[>] NP_down
[>] NP_drop
[>] NP_newPiece shape=3
[<] NP_boardDump size=40 dump=00c00180000000000000000000000000000000000000000000000000000000000000000000000000
[>] NP_rotate
[>] NP_down
[>] NP_rotate
[>] NP_down
[>] NP_rotate
[>] NP_down
[>] NP_rotate
[>] NP_rotate
[>] NP_down
[>] NP_down
[>] NP_drop
[>] NP_right
[>] NP_newPiece shape=7
[<] NP_boardDump size=40 dump=03c00380020000000000000000000000000000000000000000000000000000000000000000000000
[>] NP_down
[>] NP_left
[>] NP_left
[>] NP_down
[>] NP_rotate
[>] NP_rotate
[>] NP_down
[>] NP_right
[>] NP_down
[>] NP_drop
[>] NP_newPiece shape=15
[<] NP_boardDump size=40 dump=1fc01380020000000000000000000000000000000000000000000000000000000000000000000000
[>] NP_left
[>] NP_down
[>] NP_left
[>] NP_left
[>] NP_down
[>] NP_right
[>] NP_down
[>] NP_rotate
[>] NP_right
[>] NP_down
[>] NP_right
[>] NP_right
[>] NP_down
[>] NP_right
[>] NP_drop
[>] NP_newPiece shape=17
[<] NP_boardDump size=40 dump=1fc01380028001800100000000000000000000000000000000000000000000000000000000000000
[>] NP_right
[>] NP_down
[>] NP_rotate
[>] NP_down
[>] NP_left
[>] NP_left
[>] NP_rotate
[>] NP_down
[>] NP_left
[>] NP_down
[>] NP_drop
[>] NP_right
[>] NP_down
[>] NP_newPiece shape=17
[<] NP_boardDump size=40 dump=1fc01f801a8001800100000000000000000000000000000000000000000000000000000000000000
[>] NP_left
[>] NP_left
[>] NP_down
[>] NP_rotate
[>] NP_down
[>] NP_right
[>] NP_down
[>] NP_right
[>] NP_right
[>] NP_down
[>] NP_drop
[>] NP_newPiece shape=15
[<] NP_boardDump size=40 dump=1fc01f801e8007800300000000000000000000000000000000000000000000000000000000000000
[>] NP_left
[>] NP_down
[>] NP_down
[>] NP_right
[>] NP_down
[>] NP_left
[>] NP_down
[>] NP_rotate
[>] NP_down
[>] NP_rotate
[>] NP_down
[>] NP_left
[>] NP_down
[>] NP_right
[>] NP_drop
[>] NP_newPiece shape=2
[<] NP_boardDump size=40 dump=1fc01f801e801f800f00000000000000000000000000000000000000000000000000000000000000
[>] NP_down
[>] NP_rotate
[>] NP_left
[>] NP_down
[>] NP_left
[>] NP_down
[>] NP_left
[>] NP_drop
[>] NP_newPiece shape=7
[<] NP_boardDump size=40 dump=7fc07f801e801f800f00000000000000000000000000000000000000000000000000000000000000
[>] NP_down
[>] NP_rotate
[>] NP_down
[>] NP_rotate
[>] NP_down
[>] NP_rotate
[>] NP_down
[>] NP_rotate
[>] NP_rotate
[>] NP_down
[>] NP_rotate
[>] NP_down
[>] NP_left
[>] NP_left
[>] NP_down
[>] NP_rotate
[>] NP_rotate
[>] NP_down
[>] NP_rotate
[>] NP_left
[>] NP_down
[>] NP_left
[>] NP_left
[>] NP_down
[>] NP_drop
[>] NP_clear
[<] NP_points points=1
[>] NP_newPiece shape=3
[<] NP_boardDump size=40 dump=ff80de801f800f000000000000000000000000000000000000000000000000000000000000000000
[>] NP_down
[>] NP_rotate
[>] NP_rotate
[>] NP_down
[>] NP_rotate
[>] NP_down
[>] NP_left
[>] NP_down
[>] NP_rotate
[>] NP_down
[>] NP_rotate
[>] NP_left
[>] NP_down
[>] NP_left
[>] NP_down
[>] NP_left
[>] NP_left
[>] NP_down
[>] NP_drop
[>] NP_newPiece shape=7
[<] NP_boardDump size=40 dump=ff80de80df808f008000000000000000000000000000000000000000000000000000000000000000
[>] NP_down
[>] NP_rotate
[>] NP_rotate
[>] NP_down
[>] NP_rotate
[>] NP_down
[>] NP_rotate
[>] NP_rotate
[>] NP_down
[>] NP_left
[>] NP_left
[>] NP_down
[>] NP_left
[>] NP_down
[>] NP_drop
[>] NP_newPiece shape=3
[<] NP_boardDump size=40 dump=ff80fe80ff80bf008000000000000000000000000000000000000000000000000000000000000000
[>] NP_down
[>] NP_left
[>] NP_down
[>] NP_left
[>] NP_left
[>] NP_down
[>] NP_drop
[>] NP_newPiece shape=2
[<] NP_boardDump size=40 dump=ff80fe80ff80ff00f000000000000000000000000000000000000000000000000000000000000000
[>] NP_rotate
[>] NP_down
[>] NP_left
[>] NP_down
[>] NP_right
[>] NP_drop
[>] NP_newPiece shape=17
[<] NP_boardDump size=40 dump=ff80fe80ff80ff00fc000c0000000000000000000000000000000000000000000000000000000000
[>] NP_down
[>] NP_rotate
[>] NP_down
[>] NP_rotate
[>] NP_down
[>] NP_right
[>] NP_down
[>] NP_right
[>] NP_down
[>] NP_right
[>] NP_drop
[>] NP_clear
[<] NP_points points=1
[>] NP_newPiece shape=15
[<] NP_boardDump size=40 dump=ff80fe80ff80fd800c00000000000000000000000000000000000000000000000000000000000000
[>] NP_down
[>] NP_down
[>] NP_rotate
[>] NP_left
[>] NP_down
[>] NP_left
[>] NP_rotate
[>] NP_down
[>] NP_left
[>] NP_drop
[>] NP_right
[>] NP_newPiece shape=3
[<] NP_boardDump size=40 dump=ff80fe80ff80fd803c00180000000000000000000000000000000000000000000000000000000000
[>] NP_down
[>] NP_down
[>] NP_left
[>] NP_down
[>] NP_rotate
[>] NP_left
[>] NP_down
[>] NP_left
[>] NP_left
[>] NP_down
[>] NP_left
[>] NP_drop
[>] NP_newPiece shape=2
[<] NP_boardDump size=40 dump=ff80fe80ff80fd80fc00980080000000000000000000000000000000000000000000000000000000
[>] NP_down
[>] NP_rotate
[>] NP_down
[>] NP_left
[>] NP_left
[>] NP_down
[>] NP_left
[>] NP_drop
[>] NP_newPiece shape=11
[<] NP_boardDump size=40 dump=ff80fe80ff80fd80fc00f800e0000000000000000000000000000000000000000000000000000000
[>] NP_down
[>] NP_rotate
[>] NP_down
[>] NP_right
[>] NP_down
[>] NP_drop
[>] NP_newPiece shape=3
[<] NP_boardDump size=40 dump=ff80fe80ff80ff80ff00fa00e0000000000000000000000000000000000000000000000000000000
[>] NP_down
[>] NP_down
[>] NP_rotate
[>] NP_down
[>] NP_left
[>] NP_down
[>] NP_left
[>] NP_drop
[>] NP_newPiece shape=0
[<] NP_boardDump size=40 dump=ff80fe80ff80ff80ff00fa00f8001000100000000000000000000000000000000000000000000000
[>] NP_down
[>] NP_rotate
[>] NP_right
[>] NP_down
[>] NP_right
[>] NP_right
[>] NP_down
[>] NP_right
[>] NP_drop
[>] NP_clear
[<] NP_points points=3
[>] NP_giveJunk count=2
[>] NP_newPiece shape=15
[<] NP_boardDump size=40 dump=fec0ff00fa00f8001000100000000000000000000000000000000000000000000000000000000000
[>] NP_down
[>] NP_rotate
[>] NP_down
[>] NP_down
[>] NP_down
[>] NP_right
[>] NP_right
[>] NP_down
[>] NP_drop
[>] NP_newPiece shape=7
[<] NP_boardDump size=40 dump=fec0ff80fb80f9001000100000000000000000000000000000000000000000000000000000000000
[>] NP_down
[>] NP_down
[>] NP_rotate
[>] NP_rotate
[>] NP_down
[>] NP_rotate
[>] NP_down
[>] NP_rotate
[>] NP_left
[>] NP_down
[>] NP_left
[>] NP_rotate
[>] NP_down
[>] NP_rotate
[>] NP_left
[>] NP_down
[>] NP_left
[>] NP_down
[>] NP_drop
[>] NP_newPiece shape=15
[<] NP_boardDump size=40 dump=fec0ff80fb80f900f000900000000000000000000000000000000000000000000000000000000000
[>] NP_down
[>] NP_rotate
[>] NP_down
[>] NP_right
[>] NP_down
[>] NP_right
[>] NP_down
[>] NP_drop
[>] NP_right
[>] NP_down
[>] NP_newPiece shape=15
[<] NP_boardDump size=40 dump=fec0ff80fbc0f9c0f080900000000000000000000000000000000000000000000000000000000000
[>] NP_down
[>] NP_rotate
[>] NP_down
[>] NP_down
[>] NP_right
[>] NP_right
[>] NP_down
[>] NP_right
[>] NP_down
[>] NP_drop
[>] NP_newPiece shape=2
[<] NP_boardDump size=40 dump=fec0ff80fbc0f9c0f0c090c000800000000000000000000000000000000000000000000000000000
[>] NP_down
[>] NP_left
[>] NP_down
[>] NP_left
[>] NP_left
[>] NP_down
[>] NP_drop
[>] NP_newPiece shape=15
[<] NP_boardDump size=40 dump=fec0ff80fbc0f9c0f0c0f0c060800000000000000000000000000000000000000000000000000000
[>] NP_down
[>] NP_left
[>] NP_down
[>] NP_rotate
[>] NP_down
[>] NP_right
[>] NP_right
[>] NP_down
[>] NP_right
[>] NP_right
[>] NP_down
[>] NP_drop
[>] NP_newPiece shape=0
[<] NP_boardDump size=40 dump=fec0ff80fbc0f9c0f0c0f0c060c000c0008000000000000000000000000000000000000000000000
[>] NP_down
[>] NP_rotate
[>] NP_down
[>] NP_drop
[>] NP_clear
[<] NP_points points=1
[>] NP_newPiece shape=17
[<] NP_boardDump size=40 dump=fec0ff80fdc0f4c0f4c060c000c00080000000000000000000000000000000000000000000000000
[>] NP_down
[>] NP_rotate
[>] NP_down
[>] NP_right
[>] NP_right
[>] NP_down
[>] NP_drop
[>] NP_clear
[<] NP_points points=1
[>] NP_newPiece shape=7
[<] NP_boardDump size=40 dump=fec0ff80f7c0f5c060c000c000800000000000000000000000000000000000000000000000000000
[>] NP_down
[>] NP_rotate
[>] NP_down
[>] NP_left
[>] NP_down
[>] NP_drop
[>] NP_clear
[<] NP_points points=1
[>] NP_newPiece shape=15
[<] NP_boardDump size=40 dump=fec0ff80fdc06cc000c0008000000000000000000000000000000000000000000000000000000000
[>] NP_down
[>] NP_rotate
[>] NP_down
[>] NP_right
[>] NP_down
[>] NP_right
[>] NP_right
[>] NP_down
[>] NP_drop
[>] NP_newPiece shape=7
[<] NP_boardDump size=40 dump=fec0ff80fdc06cc000c000c000c00080000000000000000000000000000000000000000000000000
[>] NP_down
[>] NP_rotate
[>] NP_down
[>] NP_left
[>] NP_down
[>] NP_left
[>] NP_down
[>] NP_rotate
[>] NP_down
[>] NP_rotate
[>] NP_left
[>] NP_down
[>] NP_rotate
[>] NP_down
[>] NP_drop
[>] NP_newPiece shape=3
[<] NP_boardDump size=40 dump=fec0ff80fdc07cc070c000c000c00080000000000000000000000000000000000000000000000000
[>] NP_down
[>] NP_rotate
[>] NP_down
[>] NP_rotate
[>] NP_down
[>] NP_rotate
[>] NP_down
[>] NP_down
[>] NP_rotate
[>] NP_rotate
[>] NP_down
[>] NP_left
[>] NP_down
[>] NP_drop
[>] NP_newPiece shape=11
[<] NP_boardDump size=40 dump=fec0ff80fdc07cc07cc008c008c00080000000000000000000000000000000000000000000000000
[>] NP_down
[>] NP_rotate
[>] NP_down
[>] NP_rotate
[>] NP_rotate
[>] NP_down
[>] NP_rotate
[>] NP_down
[>] NP_rotate
[>] NP_down
[>] NP_right
[>] NP_drop
[>] NP_clear
[<] NP_points points=1
[>] NP_newPiece shape=3
[<] NP_boardDump size=40 dump=fec0ff807fc07ec008c008c000800000000000000000000000000000000000000000000000000000
[>] NP_down
[>] NP_rotate
[>] NP_left
[>] NP_down
[>] NP_rotate
[>] NP_down
[>] NP_rotate
[>] NP_down
[>] NP_rotate
[>] NP_rotate
[>] NP_down
[>] NP_left
[>] NP_down
[>] NP_left
[>] NP_drop
[>] NP_newPiece shape=7
[<] NP_boardDump size=40 dump=fec0ff807fc07ec038c028c020800000000000000000000000000000000000000000000000000000
[>] NP_down
[>] NP_rotate
[>] NP_down
[>] NP_rotate
[>] NP_rotate
[>] NP_down
[>] NP_rotate
[>] NP_down
[>] NP_rotate
[>] NP_down
[>] NP_left
[>] NP_left
[>] NP_down
[>] NP_left
[>] NP_left
[>] NP_down
[>] NP_left
[>] NP_drop
[>] NP_clear
[<] NP_points points=1
[>] NP_newPiece shape=0
[<] NP_boardDump size=40 dump=fec0ff80fec0f8c028c0208000000000000000000000000000000000000000000000000000000000
[>] NP_down
[>] NP_rotate
[>] NP_right
[>] NP_down
[>] NP_right
[>] NP_drop
[>] NP_clear
[<] NP_points points=1
[>] NP_newPiece shape=17
[<] NP_boardDump size=40 dump=fec0ff80f9c029c02180000000000000000000000000000000000000000000000000000000000000
[>] NP_rotate
[>] NP_down
[>] NP_down
[>] NP_left
[>] NP_down
[>] NP_drop
[>] NP_newPiece shape=3
[<] NP_boardDump size=40 dump=fec0ff80f9c039c03980080000000000000000000000000000000000000000000000000000000000
[>] NP_down
[>] NP_rotate
[>] NP_rotate
[>] NP_down
[>] NP_rotate
[>] NP_down
[>] NP_rotate
[>] NP_rotate
[>] NP_down
[>] NP_drop
[>] NP_clear
[<] NP_points points=1
[>] NP_newPiece shape=17
[<] NP_boardDump size=40 dump=fec0ff803dc03d800800000000000000000000000000000000000000000000000000000000000000
[>] NP_down
[>] NP_rotate
[>] NP_down
[>] NP_right
[>] NP_right
[>] NP_down
[>] NP_down
[>] NP_left
[>] NP_left
[>] NP_down
[>] NP_left
[>] NP_drop
[>] NP_newPiece shape=7
[<] NP_boardDump size=40 dump=fec0ff803dc03d801800180008000000000000000000000000000000000000000000000000000000
[>] NP_down
[>] NP_rotate
[>] NP_down
[>] NP_drop
[>] NP_right
[>] NP_down
[>] NP_down
[>] NP_newPiece shape=3
[<] NP_boardDump size=40 dump=fec0ff803fc03f801b00180008000000000000000000000000000000000000000000000000000000
[>] NP_down
[>] NP_rotate
[>] NP_down
[>] NP_left
[>] NP_down
[>] NP_left
[>] NP_left
[>] NP_down
[>] NP_left
[>] NP_left
[>] NP_drop
[>] NP_clear
[<] NP_points points=1
[>] NP_newPiece shape=2
[<] NP_boardDump size=40 dump=fec0ff80bf809b001800080000000000000000000000000000000000000000000000000000000000
[>] NP_rotate
[>] NP_down
[>] NP_down
[>] NP_down
[>] NP_right
[>] NP_drop
[>] NP_newPiece shape=11
[<] NP_boardDump size=40 dump=fec0ff80bf809b001e000e0000000000000000000000000000000000000000000000000000000000
[>] NP_down
[>] NP_rotate
[>] NP_down
[>] NP_rotate
[>] NP_rotate
[>] NP_down
[>] NP_left
[>] NP_down
[>] NP_rotate
[>] NP_down
[>] NP_rotate
[>] NP_left
[>] NP_down
[>] NP_left
[>] NP_down
[>] NP_left
[>] NP_drop
[>] NP_newPiece shape=15
[<] NP_boardDump size=40 dump=fec0ff80ff80fb005e000e0000000000000000000000000000000000000000000000000000000000
[>] NP_down
[>] NP_rotate
[>] NP_down
[>] NP_rotate
[>] NP_down
[>] NP_rotate
[>] NP_down
[>] NP_rotate
[>] NP_right
[>] NP_down
[>] NP_rotate
[>] NP_down
[>] NP_right
[>] NP_drop
[>] NP_newPiece shape=7
[<] NP_boardDump size=40 dump=fec0ff80ff80fb805f800f0000000000000000000000000000000000000000000000000000000000
[>] NP_down
[>] NP_rotate
[>] NP_down
[>] NP_left
[>] NP_down
[>] NP_rotate
[>] NP_rotate
[>] NP_down
[>] NP_rotate
[>] NP_down
[>] NP_rotate
[>] NP_right
[>] NP_down
[>] NP_rotate
[>] NP_down
[>] NP_rotate
[>] NP_rotate
[>] NP_down
[>] NP_right
[>] NP_right
[>] NP_down
[>] NP_drop
[>] NP_newPiece shape=15
[<] NP_boardDump size=40 dump=fec0ff80ff80fb805f800f8003800000000000000000000000000000000000000000000000000000
[>] NP_down
[>] NP_rotate
[>] NP_left
[>] NP_down
[>] NP_left
[>] NP_left
[>] NP_down
[>] NP_down
[>] NP_rotate
[>] NP_down
[>] NP_right
[>] NP_down
[>] NP_right
[>] NP_down
[>] NP_drop
[>] NP_right
[>] NP_newPiece shape=11
[<] NP_boardDump size=40 dump=fec0ff80ff80fb805f800f800f800600000000000000000000000000000000000000000000000000
[>] NP_down
[>] NP_rotate
[>] NP_down
[>] NP_left
[>] NP_left
[>] NP_down
[>] NP_left
[>] NP_left
[>] NP_down
[>] NP_left
[>] NP_drop
[>] NP_newPiece shape=2
[<] NP_boardDump size=40 dump=fec0ff80ff80fb80df80cf808f800600000000000000000000000000000000000000000000000000
[>] NP_down
[>] NP_down
[>] NP_right
[>] NP_right
[>] NP_down
[>] NP_right
[>] NP_down
[>] NP_drop
[>] NP_newPiece shape=17
[<] NP_boardDump size=40 dump=fec0ff80ff80fb80df80cf808f800780018000000000000000000000000000000000000000000000
[>] NP_down
[>] NP_rotate
[>] NP_down
[>] NP_left
[>] NP_down
[>] NP_left
[>] NP_drop
[>] NP_newPiece shape=11
[<] NP_boardDump size=40 dump=fec0ff80ff80fb80ff80ff809f800780018000000000000000000000000000000000000000000000
[>] NP_down
[>] NP_rotate
[>] NP_down
[>] NP_rotate
[>] NP_down
[>] NP_rotate
[>] NP_down
[>] NP_rotate
[>] NP_rotate
[>] NP_down
[>] NP_rotate
[>] NP_rotate
[>] NP_down
[>] NP_left
[>] NP_left
[>] NP_down
[>] NP_left
[>] NP_left
[>] NP_down
[>] NP_drop
[>] NP_newPiece shape=15
[<] NP_boardDump size=40 dump=fec0ff80ff80fb80ff80ff80df80c780418000000000000000000000000000000000000000000000
[>] NP_down
[>] NP_rotate
[>] NP_down
[>] NP_rotate
[>] NP_down
[>] NP_right
[>] NP_down
[>] NP_drop
[>] NP_newPiece shape=2
[<] NP_boardDump size=40 dump=fec0ff80ff80fb80ff80ff80df80c780478003000000000000000000000000000000000000000000
[>] NP_down
[>] NP_down
[>] NP_left
[>] NP_down
[>] NP_down
[>] NP_drop
[>] NP_newPiece shape=11
[<] NP_boardDump size=40 dump=fec0ff80ff80fb80ff80ff80df80df805f8003000000000000000000000000000000000000000000
[>] NP_down
[>] NP_rotate
[>] NP_down
[>] NP_rotate
[>] NP_down
[>] NP_rotate
[>] NP_right
[>] NP_down
[>] NP_right
[>] NP_down
[>] NP_left
[>] NP_rotate
[>] NP_down
[>] NP_left
[>] NP_rotate
[>] NP_down
[>] NP_left
[>] NP_left
[>] NP_down
[>] NP_left
[>] NP_left
[>] NP_down
[>] NP_left
[>] NP_drop
[>] NP_newPiece shape=3
[<] NP_boardDump size=40 dump=fec0ff80ff80fb80ff80ff80df80df80df80c3008000000000000000000000000000000000000000
[>] NP_down
[>] NP_rotate
[>] NP_down
[>] NP_down
[>] NP_rotate
[>] NP_rotate
[>] NP_down
[>] NP_right
[>] NP_right
[>] NP_down
[>] NP_right
[>] NP_right
[>] NP_down
[>] NP_drop
[>] NP_newPiece shape=11
[<] NP_boardDump size=40 dump=fec0ff80ff80fb80ff80ff80df80dfc0dfc0c3c08000000000000000000000000000000000000000
[>] NP_down
[>] NP_rotate
[>] NP_down
[>] NP_rotate
[>] NP_down
[>] NP_right
[>] NP_right
[>] NP_down
[>] NP_right
[>] NP_drop
[>] NP_newPiece shape=2
[<] NP_boardDump size=40 dump=fec0ff80ff80fb80ff80ff80df80dfc0dfc0c3c081c0008000000000000000000000000000000000
[>] NP_down
[>] NP_rotate
[>] NP_down
[>] NP_right
[>] NP_down
[>] NP_drop
[>] NP_left
[>] NP_down
[>] NP_newPiece shape=0
[<] NP_boardDump size=40 dump=fec0ff80ff80fb80ff80ff80df80dfc0dfc0cfc08dc0008000000000000000000000000000000000
[>] NP_down
[>] NP_rotate
[>] NP_left
[>] NP_down
[>] NP_left
[>] NP_left
[>] NP_down
[>] NP_drop
[>] NP_clear
[<] NP_points points=2
[>] NP_giveJunk count=1
[>] NP_newPiece shape=11
[<] NP_boardDump size=40 dump=fec0ff80ff80fb80ff80ff80ff80efc08dc000800000000000000000000000000000000000000000
[>] NP_down
[>] NP_rotate
[>] NP_down
[>] NP_left
[>] NP_rotate
[>] NP_down
[>] NP_left
[>] NP_down
[>] NP_rotate
[>] NP_down
[>] NP_drop
[>] NP_clear
[<] NP_points points=1
[>] NP_newPiece shape=15
[<] NP_boardDump size=40 dump=fec0ff80ff80fb80ff80ff80ff80bdc0108000000000000000000000000000000000000000000000
[>] NP_down
[>] NP_left
[>] NP_rotate
[>] NP_down
[>] NP_left
[>] NP_left
[>] NP_down
[>] NP_left
[>] NP_down
[>] NP_left
[>] NP_drop
[>] NP_newPiece shape=0
[<] NP_boardDump size=40 dump=fec0ff80ff80fb80ff80ff80ff80fdc0d08080000000000000000000000000000000000000000000
[>] NP_down
[>] NP_rotate
[>] NP_right
[>] NP_down
[>] NP_down
[>] NP_drop
[>] NP_clear
[<] NP_points points=1
[>] NP_newPiece shape=7
[<] NP_boardDump size=40 dump=fec0ff80ff80fb80ff80ff80ff80d280820002000000000000000000000000000000000000000000
[>] NP_down
[>] NP_down
[>] NP_rotate
[>] NP_down
[>] NP_rotate
[>] NP_down
[>] NP_rotate
[>] NP_down
[>] NP_drop
[>] NP_newPiece shape=2
[<] NP_boardDump size=40 dump=fec0ff80ff80fb80ff80ff80ff80de80860006000000000000000000000000000000000000000000
[>] NP_down
[>] NP_down
[>] NP_left
[>] NP_down
[>] NP_drop
[>] NP_newPiece shape=11
[<] NP_boardDump size=40 dump=fec0ff80ff80fb80ff80ff80ff80de809e001e000000000000000000000000000000000000000000
[>] NP_down
[>] NP_rotate
[>] NP_down
[>] NP_rotate
[>] NP_down
[>] NP_left
[>] NP_rotate
[>] NP_down
[>] NP_left
[>] NP_left
[>] NP_down
[>] NP_drop
[>] NP_newPiece shape=17
[<] NP_boardDump size=40 dump=fec0ff80ff80fb80ff80ff80ff80fe80fe003e000000000000000000000000000000000000000000
[>] NP_down
[>] NP_down
[>] NP_rotate
[>] NP_down
[>] NP_right
[>] NP_down
[>] NP_right
[>] NP_down
[>] NP_right
[>] NP_drop
[>] NP_newPiece shape=3
[<] NP_boardDump size=40 dump=fec0ff80ff80fb80ff80ff80ff80ff80ff803e800000000000000000000000000000000000000000
[>] NP_down
[>] NP_down
[>] NP_rotate
[>] NP_rotate
[>] NP_down
[>] NP_left
[>] NP_down
[>] NP_rotate
[>] NP_rotate
[>] NP_down
[>] NP_rotate
[>] NP_left
[>] NP_down
[>] NP_left
[>] NP_left
[>] NP_down
[>] NP_left
[>] NP_down
[>] NP_drop
[>] NP_newPiece shape=2
[<] NP_boardDump size=40 dump=fec0ff80ff80fb80ff80ff80ff80ff80ff80fe808000800000000000000000000000000000000000
[>] NP_down
[>] NP_left
[>] NP_down
[>] NP_left
[>] NP_left
[>] NP_down
[>] NP_drop
[>] NP_newPiece shape=0
[<] NP_boardDump size=40 dump=fec0ff80ff80fb80ff80ff80ff80ff80ff80fe80e000e00000000000000000000000000000000000
[>] NP_down
[>] NP_rotate
[>] NP_right
[>] NP_down
[>] NP_right
[>] NP_right
[>] NP_down
[>] NP_right
[>] NP_drop
[>] NP_clear
[<] NP_points points=3
[>] NP_giveJunk count=2
[>] NP_newPiece shape=15
[<] NP_boardDump size=40 dump=fec0fbc0ff80ff80ff80ff80fe80e000e00000000000000000000000000000000000000000000000
[>] NP_down
[>] NP_down
[>] NP_rotate
[>] NP_right
[>] NP_down
[>] NP_drop
[>] NP_newPiece shape=0
[<] NP_boardDump size=40 dump=fec0fbc0ff80ff80ff80ff80ff80e300e20000000000000000000000000000000000000000000000
[>] NP_down
[>] NP_right
[>] NP_rotate
[>] NP_down
[>] NP_right
[>] NP_right
[>] NP_down
[>] NP_right
[>] NP_drop
[>] NP_clear
[<] NP_points points=4
[>] NP_giveJunk count=4
[>] NP_newPiece shape=15
[<] NP_boardDump size=40 dump=fec0fbc0ff80e300e200000000000000000000000000000000000000000000000000000000000000
[>] NP_down
[>] NP_rotate
[>] NP_down
[>] NP_right
[>] NP_right
[>] NP_down
[>] NP_right
[>] NP_drop
[>] NP_clear
[<] NP_points points=1
[>] NP_newPiece shape=17
[<] NP_boardDump size=40 dump=fec0fbc0e3c0e2800000000000000000000000000000000000000000000000000000000000000000
[>] NP_down
[>] NP_rotate
[>] NP_left
[>] NP_down
[>] NP_down
[>] NP_right
[>] NP_right
[>] NP_down
[>] NP_right
[>] NP_right
[>] NP_down
[>] NP_drop
[>] NP_newPiece shape=17
[<] NP_boardDump size=40 dump=fec0fbc0e3c0e3800180008000000000000000000000000000000000000000000000000000000000
[>] NP_down
[>] NP_rotate
[>] NP_left
[>] NP_down
[>] NP_right
[>] NP_down
[>] NP_right
[>] NP_right
[>] NP_down
[>] NP_drop
[>] NP_newPiece shape=2
[<] NP_boardDump size=40 dump=fec0fbc0e3c0e3800380038001000000000000000000000000000000000000000000000000000000
[>] NP_down
[>] NP_left
[>] NP_down
[>] NP_left
[>] NP_down
[>] NP_left
[>] NP_left
[>] NP_down
[>] NP_drop
[>] NP_newPiece shape=2
[<] NP_boardDump size=40 dump=fec0fbc0e3c0e380c380c38001000000000000000000000000000000000000000000000000000000
[>] NP_down
[>] NP_left
[>] NP_down
[>] NP_left
[>] NP_left
[>] NP_down
[>] NP_left
[>] NP_down
[>] NP_drop
[>] NP_newPiece shape=17
[<] NP_boardDump size=40 dump=fec0fbc0e3c0e380c380c380c100c000000000000000000000000000000000000000000000000000
[>] NP_down
[>] NP_left
[>] NP_down
[>] NP_rotate
[>] NP_right
[>] NP_down
[>] NP_right
[>] NP_down
[>] NP_drop
[>] NP_newPiece shape=15
[<] NP_boardDump size=40 dump=fec0fbc0e3c0e380c380c780c700c200000000000000000000000000000000000000000000000000
[>] NP_down
[>] NP_rotate
[>] NP_left
[>] NP_down
[>] NP_down
[>] NP_left
[>] NP_down
[>] NP_down
[>] NP_drop
[>] NP_right
[>] NP_down
[>] NP_clear
[<] NP_points points=1
[>] NP_newPiece shape=15
[<] NP_boardDump size=40 dump=fec0efc0eb80c380c780c700c2000000000000000000000000000000000000000000000000000000
[>] NP_down
[>] NP_right
[>] NP_down
[>] NP_rotate
[>] NP_down
[>] NP_down
[>] NP_down
[>] NP_down
[>] NP_down
[>] NP_down
[>] NP_down
[>] NP_right
[>] NP_down
[>] NP_drop
[>] NP_newPiece shape=3
[<] NP_boardDump size=40 dump=fec0efc0eb80c380c780c780c3800100000000000000000000000000000000000000000000000000
[>] NP_down
[>] NP_rotate
[>] NP_down
[>] NP_rotate
[>] NP_down
[>] NP_rotate
[>] NP_down
[>] NP_left
[>] NP_left
[>] NP_down
[>] NP_drop
[>] NP_clear
[<] NP_points points=1
[>] NP_newPiece shape=3
[<] NP_boardDump size=40 dump=fec0fb80f380c780c780c38001000000000000000000000000000000000000000000000000000000
[>] NP_down
[>] NP_rotate
[>] NP_down
[>] NP_rotate
[>] NP_down
[>] NP_down
[>] NP_rotate
[>] NP_rotate
[>] NP_down
[>] NP_left
[>] NP_down
[>] NP_left
[>] NP_rotate
[>] NP_down
[>] NP_left
[>] NP_left
[>] NP_down
[>] NP_left
[>] NP_drop
[>] NP_newPiece shape=2
[<] NP_boardDump size=40 dump=fec0fb80f380c780c780c380c1008000800000000000000000000000000000000000000000000000
[>] NP_down
[>] NP_rotate
[>] NP_left
[>] NP_down
[>] NP_left
[>] NP_down
[>] NP_drop
[>] NP_newPiece shape=3
[<] NP_boardDump size=40 dump=fec0fb80f380f780f780c380c1008000800000000000000000000000000000000000000000000000
[>] NP_down
[>] NP_rotate
[>] NP_down
[>] NP_rotate
[>] NP_rotate
[>] NP_down
[>] NP_down
[>] NP_left
[>] NP_drop
[>] NP_newPiece shape=2
[<] NP_boardDump size=40 dump=fec0fb80f380ff80ff80db80c1008000800000000000000000000000000000000000000000000000
[>] NP_down
[>] NP_rotate
[>] NP_left
[>] NP_down
[>] NP_left
[>] NP_down
[>] NP_right
[>] NP_right
[>] NP_down
[>] NP_drop
[>] NP_left
[>] NP_newPiece shape=15
[<] NP_boardDump size=40 dump=fec0fb80f380ff80ff80db80d9009800800000000000000000000000000000000000000000000000
[>] NP_down
[>] NP_down
[>] NP_rotate
[>] NP_right
[>] NP_down
[>] NP_right
[>] NP_drop
[>] NP_newPiece shape=17
[<] NP_boardDump size=40 dump=fec0fb80f380ff80ff80db80d9809980810000000000000000000000000000000000000000000000
[>] NP_down
[>] NP_rotate
[>] NP_down
[>] NP_down
[>] NP_right
[>] NP_drop
[>] NP_newPiece shape=3
[<] NP_boardDump size=40 dump=fec0fb80f380ff80ff80df80df809b80810000000000000000000000000000000000000000000000
[>] NP_down
[>] NP_rotate
[>] NP_down
[>] NP_rotate
[>] NP_rotate
[>] NP_down
[>] NP_left
[>] NP_left
[>] NP_down
[>] NP_left
[>] NP_drop
[>] NP_newPiece shape=2
[<] NP_boardDump size=40 dump=fec0fb80f380ff80ff80ff80ff80fb80810000000000000000000000000000000000000000000000
[>] NP_down
[>] NP_left
[>] NP_down
[>] NP_left
[>] NP_left
[>] NP_down
[>] NP_drop
[>] NP_newPiece shape=2
[<] NP_boardDump size=40 dump=fec0fb80f380ff80ff80ff80ff80fb80e10060000000000000000000000000000000000000000000
[>] NP_down
[>] NP_left
[>] NP_down
[>] NP_left
[>] NP_down
[>] NP_right
[>] NP_down
[>] NP_drop
[>] NP_newPiece shape=15
[<] NP_boardDump size=40 dump=fec0fb80f380ff80ff80ff80ff80fb80f90078000000000000000000000000000000000000000000
[>] NP_down
[>] NP_rotate
[>] NP_down
[>] NP_right
[>] NP_down
[>] NP_right
[>] NP_down
[>] NP_drop
[>] NP_newPiece shape=3
[<] NP_boardDump size=40 dump=fec0fb80f380ff80ff80ff80ff80fb80f98079800100000000000000000000000000000000000000
[>] NP_down
[>] NP_rotate
[>] NP_down
[>] NP_left
[>] NP_rotate
[>] NP_down
[>] NP_rotate
[>] NP_rotate
[>] NP_down
[>] NP_rotate
[>] NP_left
[>] NP_down
[>] NP_rotate
[>] NP_down
[>] NP_drop
[>] NP_newPiece shape=2
[<] NP_boardDump size=40 dump=fec0fb80f380ff80ff80ff80ff80fb80f98079803900080000000000000000000000000000000000
[>] NP_down
[>] NP_left
[>] NP_down
[>] NP_left
[>] NP_down
[>] NP_drop
[>] NP_newPiece shape=3
[<] NP_boardDump size=40 dump=fec0fb80f380ff80ff80ff80ff80fb80f98079803900380030000000000000000000000000000000
[>] NP_down
[>] NP_rotate
[>] NP_down
[>] NP_rotate
[>] NP_down
[>] NP_right
[>] NP_rotate
[>] NP_down
[>] NP_right
[>] NP_down
[>] NP_right
[>] NP_down
[>] NP_right
[>] NP_drop
[>] NP_newPiece shape=0
[<] NP_boardDump size=40 dump=fec0fb80f380ff80ff80ff80ff80fb80f9c079c039c0380030000000000000000000000000000000
[>] NP_right
[>] NP_down
[>] NP_rotate
[>] NP_down
[>] NP_drop
[>] NP_left
[>] NP_down
[>] NP_newPiece shape=0
[<] NP_boardDump size=40 dump=fec0fb80f380ff80ff80ff80ff80ff80fdc07dc03dc0380030000000000000000000000000000000
[>] NP_down
[>] NP_right
[>] NP_rotate
[>] NP_down
[>] NP_drop
[>] NP_clear
[<] NP_points points=1
[>] NP_newPiece shape=11
[<] NP_boardDump size=40 dump=fec0fb80f380ff80ff80ff80ff80ff807fc03fc03a00300000000000000000000000000000000000
[>] NP_down
[>] NP_rotate
[>] NP_left
[>] NP_down
[>] NP_left
[>] NP_down
[>] NP_left
[>] NP_left
[>] NP_down
[>] NP_left
[>] NP_drop
[>] NP_clear
[<] NP_points points=2
[>] NP_giveJunk count=1
[>] NP_newPiece shape=0
[<] NP_boardDump size=40 dump=fec0fb80f380ff80ff80ff80ff80ff80ba0030000000000000000000000000000000000000000000
[>] NP_down
[>] NP_rotate
[>] NP_right
[>] NP_down
[>] NP_right
[>] NP_right
[>] NP_down
[>] NP_right
[>] NP_drop
[>] NP_clear
[<] NP_points points=2
[>] NP_giveJunk count=1
[>] NP_newPiece shape=11
[<] NP_boardDump size=40 dump=fec0fbc0f3c0ff80ff80ff80ba003000000000000000000000000000000000000000000000000000
[>] NP_down
[>] NP_down
[>] NP_rotate
[>] NP_rotate
[>] NP_down
[>] NP_rotate
[>] NP_left
[>] NP_down
[>] NP_left
[>] NP_down
[>] NP_left
[>] NP_left
[>] NP_down
[>] NP_drop
[>] NP_newPiece shape=7
[<] NP_boardDump size=40 dump=fec0fbc0f3c0ff80ff80ff80fa00f000400000000000000000000000000000000000000000000000
[>] NP_down
[>] NP_rotate
[>] NP_down
[>] NP_rotate
[>] NP_down
[>] NP_rotate
[>] NP_rotate
[>] NP_down
[>] NP_left
[>] NP_down
[>] NP_rotate
[>] NP_rotate
[>] NP_down
[>] NP_rotate
[>] NP_left
[>] NP_down
[>] NP_drop
[>] NP_newPiece shape=2
[<] NP_boardDump size=40 dump=fec0fbc0f3c0ff80ff80ff80fa00f000700010001000000000000000000000000000000000000000
[>] NP_down
[>] NP_down
[>] NP_right
[>] NP_right
[>] NP_down
[>] NP_right
[>] NP_down
[>] NP_drop
[>] NP_newPiece shape=11
[<] NP_boardDump size=40 dump=fec0fbc0f3c0ff80ff80ff80fb80f180700010001000000000000000000000000000000000000000
[>] NP_down
[>] NP_rotate
[>] NP_rotate
[>] NP_down
[>] NP_rotate
[>] NP_down
[>] NP_rotate
[>] NP_down
[>] NP_drop
[>] NP_newPiece shape=3
[<] NP_boardDump size=40 dump=fec0fbc0f3c0ff80ff80ff80ff80ff80700010001000000000000000000000000000000000000000
[>] NP_down
[>] NP_rotate
[>] NP_down
[>] NP_rotate
[>] NP_rotate
[>] NP_down
[>] NP_right
[>] NP_down
[>] NP_right
[>] NP_right
[>] NP_down
[>] NP_right
[>] NP_drop
[>] NP_clear
[<] NP_points points=2
[>] NP_giveJunk count=1
[>] NP_newPiece shape=17
[<] NP_boardDump size=40 dump=fec0fbc0f3c0ff80ff80ff8070c01000100000000000000000000000000000000000000000000000
[>] NP_down
[>] NP_right
[>] NP_rotate
[>] NP_down
[>] NP_right
[>] NP_down
[>] NP_right
[>] NP_down
[>] NP_drop
[>] NP_newPiece shape=11
[<] NP_boardDump size=40 dump=fec0fbc0f3c0ff80ff80ff8071c01180108000000000000000000000000000000000000000000000
[>] NP_down
[>] NP_rotate
[>] NP_rotate
[>] NP_down
[>] NP_drop
[>] NP_newPiece shape=0
[<] NP_boardDump size=40 dump=fec0fbc0f3c0ff80ff80ff807fc01580108000000000000000000000000000000000000000000000
[>] NP_down
[>] NP_rotate
[>] NP_left
[>] NP_down
[>] NP_left
[>] NP_left
[>] NP_down
[>] NP_left
[>] NP_left
[>] NP_down
[>] NP_drop
[>] NP_clear
[<] NP_points points=1
[>] NP_newPiece shape=15
[<] NP_boardDump size=40 dump=fec0fbc0f3c0ff80ff80ff8095809080800000000000000000000000000000000000000000000000
[>] NP_down
[>] NP_rotate
[>] NP_down
[>] NP_right
[>] NP_down
[>] NP_left
[>] NP_down
[>] NP_drop
[>] NP_newPiece shape=3
[<] NP_boardDump size=40 dump=fec0fbc0f3c0ff80ff80ff8097809680840000000000000000000000000000000000000000000000
[>] NP_down
[>] NP_rotate
[>] NP_down
[>] NP_left
[>] NP_down
[>] NP_left
[>] NP_left
[>] NP_down
[>] NP_left
[>] NP_down
[>] NP_drop
[>] NP_newPiece shape=2
[<] NP_boardDump size=40 dump=fec0fbc0f3c0ff80ff80ff80f780d680c40000000000000000000000000000000000000000000000
[>] NP_down
[>] NP_rotate
[>] NP_left
[>] NP_down
[>] NP_left
[>] NP_left
[>] NP_down
[>] NP_left
[>] NP_down
[>] NP_drop
[>] NP_newPiece shape=17
[<] NP_boardDump size=40 dump=fec0fbc0f3c0ff80ff80ff80f780d680c400c000c000000000000000000000000000000000000000
[>] NP_down
[>] NP_rotate
[>] NP_down
[>] NP_right
[>] NP_right
[>] NP_down
[>] NP_right
[>] NP_down
[>] NP_drop
[>] NP_newPiece shape=0
[<] NP_boardDump size=40 dump=fec0fbc0f3c0ff80ff80ff80f780d780c580c080c000000000000000000000000000000000000000
[>] NP_down
[>] NP_rotate
[>] NP_right
[>] NP_down
[>] NP_right
[>] NP_right
[>] NP_down
[>] NP_drop
[>] NP_newPiece shape=15
[<] NP_boardDump size=40 dump=fec0fbc0f3c0ff80ff80ff80f780d780c580c080c080008000800080000000000000000000000000
[>] NP_right
[>] NP_down
[>] NP_left
[>] NP_rotate
[>] NP_down
[>] NP_down
[>] NP_drop
[>] NP_newPiece shape=11
[<] NP_boardDump size=40 dump=fec0fbc0f3c0ff80ff80ff80f780d780c780c680c480008000800080000000000000000000000000
[>] NP_down
[>] NP_rotate
[>] NP_left
[>] NP_down
[>] NP_left
[>] NP_left
[>] NP_down
[>] NP_drop
[>] NP_newPiece shape=3
[<] NP_boardDump size=40 dump=fec0fbc0f3c0ff80ff80ff80f780f780f780e680c480008000800080000000000000000000000000
[>] NP_down
[>] NP_rotate
[>] NP_rotate
[>] NP_down
[>] NP_rotate
[>] NP_left
[>] NP_down
[>] NP_down
[>] NP_drop
[>] NP_newPiece shape=0
[<] NP_boardDump size=40 dump=fec0fbc0f3c0ff80ff80ff80f780ff80ff80fe80c480008000800080000000000000000000000000
[>] NP_down
[>] NP_rotate
[>] NP_right
[>] NP_down
[>] NP_right
[>] NP_down
[>] NP_right
[>] NP_right
[>] NP_down
[>] NP_drop
[>] NP_clear
[<] NP_points points=3
[>] NP_giveJunk count=2
[>] NP_newPiece shape=15
[<] NP_boardDump size=40 dump=fec0fbc0f3c0f7c0ff80ff80fe80c480008000800080000000000000000000000000000000000000
[>] NP_down
[>] NP_down
[>] NP_rotate
[>] NP_right
[>] NP_down
[>] NP_down
[>] NP_drop
[>] NP_newPiece shape=7
[<] NP_boardDump size=40 dump=fec0fbc0f3c0f7c0ff80ff80ff80c780028000800080000000000000000000000000000000000000
[>] NP_down
[>] NP_rotate
[>] NP_down
[>] NP_left
[>] NP_rotate
[>] NP_down
[>] NP_left
[>] NP_down
[>] NP_drop
[>] NP_newPiece shape=0
[<] NP_boardDump size=40 dump=fec0fbc0f3c0f7c0ff80ff80ff80ff80228000800080000000000000000000000000000000000000
[>] NP_down
[>] NP_rotate
[>] NP_down
[>] NP_right
[>] NP_right
[>] NP_down
[>] NP_right
[>] NP_right
[>] NP_down
[>] NP_drop
[>] NP_clear
[<] NP_points points=4
[>] NP_giveJunk count=4
[>] NP_newPiece shape=3
[<] NP_boardDump size=40 dump=fec0fbc0f3c0f7c02280008000800000000000000000000000000000000000000000000000000000
[>] NP_down
[>] NP_down
[>] NP_rotate
[>] NP_down
[>] NP_rotate
[>] NP_rotate
[>] NP_down
[>] NP_left
[>] NP_drop
[>] NP_clear
[<] NP_points points=1
[>] NP_newPiece shape=3
[<] NP_boardDump size=40 dump=fec0fbc0fbc03a800080008000000000000000000000000000000000000000000000000000000000
[>] NP_down
[>] NP_rotate
[>] NP_down
[>] NP_rotate
[>] NP_down
[>] NP_rotate
[>] NP_down
[>] NP_down
[>] NP_down
[>] NP_left
[>] NP_down
[>] NP_rotate
[>] NP_rotate
[>] NP_down
[>] NP_left
[>] NP_down
[>] NP_left
[>] NP_left
[>] NP_down
[>] NP_left
[>] NP_down
[>] NP_drop
[>] NP_newPiece shape=3
[<] NP_boardDump size=40 dump=fec0fbc0fbc0fa808080808000000000000000000000000000000000000000000000000000000000
[>] NP_down
[>] NP_rotate
[>] NP_down
[>] NP_rotate
[>] NP_down
[>] NP_left
[>] NP_left
[>] NP_down
[>] NP_left
[>] NP_down
[>] NP_drop
[>] NP_newPiece shape=7
[<] NP_boardDump size=40 dump=fec0fbc0fbc0fa80f080908000000000000000000000000000000000000000000000000000000000
[>] NP_down
[>] NP_down
[>] NP_rotate
[>] NP_rotate
[>] NP_down
[>] NP_rotate
[>] NP_down
[>] NP_left
[>] NP_left
[>] NP_down
[>] NP_left
[>] NP_drop
[>] NP_newPiece shape=7
[<] NP_boardDump size=40 dump=fec0fbc0fbc0fa80f080f08020002000000000000000000000000000000000000000000000000000
[>] NP_down
[>] NP_rotate
[>] NP_down
[>] NP_left
[>] NP_rotate
[>] NP_down
[>] NP_rotate
[>] NP_left
[>] NP_down
[>] NP_left
[>] NP_down
[>] NP_left
[>] NP_drop
[>] NP_newPiece shape=17
[<] NP_boardDump size=40 dump=fec0fbc0fbc0fa80f080f080e0006000400000000000000000000000000000000000000000000000
[>] NP_down
[>] NP_rotate
[>] NP_down
[>] NP_right
[>] NP_down
[>] NP_left
[>] NP_left
[>] NP_down
[>] NP_left
[>] NP_down
[>] NP_right
[>] NP_right
[>] NP_down
[>] NP_right
[>] NP_drop
[>] NP_newPiece shape=11
[<] NP_boardDump size=40 dump=fec0fbc0fbc0fe80f680f280e0006000400000000000000000000000000000000000000000000000
[>] NP_down
[>] NP_down
[>] NP_down
[>] NP_rotate
[>] NP_left
[>] NP_down
[>] NP_drop
[>] NP_newPiece shape=11
[<] NP_boardDump size=40 dump=fec0fbc0fbc0fe80fe80fe80e8006000400000000000000000000000000000000000000000000000
[>] NP_down
[>] NP_rotate
[>] NP_down
[>] NP_left
[>] NP_down
[>] NP_left
[>] NP_down
[>] NP_drop
[>] NP_newPiece shape=2
[<] NP_boardDump size=40 dump=fec0fbc0fbc0fe80fe80fe80f8007800500000000000000000000000000000000000000000000000
[>] NP_down
[>] NP_rotate
[>] NP_down
[>] NP_right
[>] NP_down
[>] NP_drop
[>] NP_newPiece shape=7
[<] NP_boardDump size=40 dump=fec0fbc0fbc0fe80fe80fe80fe007e00500000000000000000000000000000000000000000000000
[>] NP_down
[>] NP_down
[>] NP_rotate
[>] NP_left
[>] NP_down
[>] NP_left
[>] NP_left
[>] NP_down
[>] NP_left
[>] NP_left
[>] NP_down
[>] NP_drop
[>] NP_newPiece shape=11
[<] NP_boardDump size=40 dump=fec0fbc0fbc0fe80fe80fe80fe00fe00d000c0000000000000000000000000000000000000000000
[>] NP_rotate
[>] NP_down
[>] NP_left
[>] NP_down
[>] NP_left
[>] NP_left
[>] NP_down
[>] NP_drop
[>] NP_newPiece shape=15
[<] NP_boardDump size=40 dump=fec0fbc0fbc0fe80fe80fe80fe00fe00f000f0002000000000000000000000000000000000000000
[>] NP_down
[>] NP_rotate
[>] NP_down
[>] NP_down
[>] NP_right
[>] NP_right
[>] NP_down
[>] NP_right
[>] NP_drop
[>] NP_newPiece shape=3
[<] NP_boardDump size=40 dump=fec0fbc0fbc0fe80fe80fec0fec0fe80f000f0002000000000000000000000000000000000000000
[>] NP_down
[>] NP_rotate
[>] NP_rotate
[>] NP_down
[>] NP_rotate
[>] NP_down
[>] NP_right
[>] NP_down
[>] NP_right
[>] NP_drop
[>] NP_clear
[<] NP_points points=1
[>] NP_newPiece shape=0
[<] NP_boardDump size=40 dump=fec0fbc0fbc0fe80fe80fec0ff80f300f00020000000000000000000000000000000000000000000
[>] NP_down
[>] NP_right
[>] NP_rotate
[>] NP_right
[>] NP_down
[>] NP_right
[>] NP_down
[>] NP_right
[>] NP_drop
[>] NP_clear
[<] NP_points points=1
[>] NP_newPiece shape=0
[<] NP_boardDump size=40 dump=fec0fbc0fbc0fe80fe80fec0f340f040204000000000000000000000000000000000000000000000
[>] NP_down
[>] NP_rotate
[>] NP_right
[>] NP_down
[>] NP_right
[>] NP_right
[>] NP_down
[>] NP_drop
[>] NP_newPiece shape=7
[<] NP_boardDump size=40 dump=fec0fbc0fbc0fe80fe80fec0f3c0f0c020c000800000000000000000000000000000000000000000
[>] NP_down
[>] NP_rotate
[>] NP_rotate
[>] NP_down
[>] NP_rotate
[>] NP_down
[>] NP_left
[>] NP_down
[>] NP_right
[>] NP_drop
[>] NP_clear
[<] NP_points points=1
[>] NP_newPiece shape=7
[<] NP_boardDump size=40 dump=fec0fbc0fbc0fe80fe80fec0f4c024c0008000000000000000000000000000000000000000000000
[>] NP_down
[>] NP_rotate
[>] NP_rotate
[>] NP_down
[>] NP_left
[>] NP_down
[>] NP_rotate
[>] NP_rotate
[>] NP_down
[>] NP_rotate
[>] NP_down
[>] NP_drop
[>] NP_newPiece shape=2
[<] NP_boardDump size=40 dump=fec0fbc0fbc0fe80fe80fec0fcc02cc00c8000000000000000000000000000000000000000000000
[>] NP_down
[>] NP_rotate
[>] NP_left
[>] NP_down
[>] NP_left
[>] NP_down
[>] NP_left
[>] NP_left
[>] NP_down
[>] NP_drop
[>] NP_newPiece shape=3
[<] NP_boardDump size=40 dump=fec0fbc0fbc0fe80fe80fec0fcc0ecc0cc8000000000000000000000000000000000000000000000
[>] NP_down
[>] NP_rotate
[>] NP_rotate
[>] NP_down
[>] NP_rotate
[>] NP_right
[>] NP_down
[>] NP_right
[>] NP_down
[>] NP_drop
[>] NP_clear
[<] NP_points points=2
[>] NP_giveJunk count=1
[>] NP_newPiece shape=0
[<] NP_boardDump size=40 dump=fec0fbc0fbc0fe80ff80ecc0cc800000000000000000000000000000000000000000000000000000
[>] NP_down
[>] NP_rotate
[>] NP_left
[>] NP_down
[>] NP_left
[>] NP_down
[>] NP_drop
[>] NP_newPiece shape=2
[<] NP_boardDump size=40 dump=fec0fbc0fbc0fe80ff80fcc0dc801000100000000000000000000000000000000000000000000000
[>] NP_right
[>] NP_rotate
[>] NP_down
[>] NP_right
[>] NP_down
[>] NP_drop
[>] NP_clear
[<] NP_points points=1
[>] NP_newPiece shape=0
[<] NP_boardDump size=40 dump=fec0fbc0fbc0fe80ff80df8010001000000000000000000000000000000000000000000000000000
[>] NP_down
[>] NP_right
[>] NP_rotate
[>] NP_down
[>] NP_right
[>] NP_right
[>] NP_down
[>] NP_right
[>] NP_drop
[>] NP_clear
[<] NP_points points=1
[>] NP_newPiece shape=2
[<] NP_boardDump size=40 dump=fec0fbc0fbc0fec0dfc0104010000000000000000000000000000000000000000000000000000000
[>] NP_down
[>] NP_left
[>] NP_down
[>] NP_right
[>] NP_down
[>] NP_right
[>] NP_right
[>] NP_down
[>] NP_right
[>] NP_drop
[>] NP_newPiece shape=2
[<] NP_boardDump size=40 dump=fec0fbc0fbc0fec0dfc011c011800000000000000000000000000000000000000000000000000000
[>] NP_down
[>] NP_rotate
[>] NP_right
[>] NP_down
[>] NP_drop
[>] NP_newPiece shape=15
[<] NP_boardDump size=40 dump=fec0fbc0fbc0fec0dfc017c017800000000000000000000000000000000000000000000000000000
[>] NP_rotate
[>] NP_down
[>] NP_left
[>] NP_left
[>] NP_down
[>] NP_left
[>] NP_down
[>] NP_left
[>] NP_drop
[>] NP_clear
[<] NP_points points=1
[>] NP_newPiece shape=2
[<] NP_boardDump size=40 dump=fec0fbc0fbc0fec077c0578000000000000000000000000000000000000000000000000000000000
[>] NP_down
[>] NP_rotate
[>] NP_right
[>] NP_down
[>] NP_right
[>] NP_right
[>] NP_down
[>] NP_drop
[>] NP_newPiece shape=17
[<] NP_boardDump size=40 dump=fec0fbc0fbc0fec077c0578001800180000000000000000000000000000000000000000000000000
[>] NP_down
[>] NP_rotate
[>] NP_left
[>] NP_down
[>] NP_left
[>] NP_left
[>] NP_down
[>] NP_drop
[>] NP_right
[>] NP_down
[>] NP_newPiece shape=2
[<] NP_boardDump size=40 dump=fec0fbc0fbc0fec077c0778031801180000000000000000000000000000000000000000000000000
[>] NP_down
[>] NP_rotate
[>] NP_down
[>] NP_right
[>] NP_drop
[>] NP_newPiece shape=3
[<] NP_boardDump size=40 dump=fec0fbc0fbc0fec077c0778037801780000000000000000000000000000000000000000000000000
[>] NP_rotate
[>] NP_down
[>] NP_rotate
[>] NP_down
[>] NP_rotate
[>] NP_down
[>] NP_rotate
[>] NP_down
[>] NP_rotate
[>] NP_rotate
[>] NP_down
[>] NP_rotate
[>] NP_down
[>] NP_right
[>] NP_rotate
[>] NP_down
[>] NP_rotate
[>] NP_rotate
[>] NP_down
[>] NP_down
[>] NP_drop
[>] NP_newPiece shape=15
[<] NP_boardDump size=40 dump=fec0fbc0fbc0fec077c0778037801780070001000000000000000000000000000000000000000000
[>] NP_down
[>] NP_rotate
[>] NP_left
[>] NP_down
[>] NP_right
[>] NP_down
[>] NP_left
[>] NP_down
[>] NP_left
[>] NP_down
[>] NP_drop
[>] NP_newPiece shape=15
[<] NP_boardDump size=40 dump=fec0fbc0fbc0fec077c0778037801f801f0011000000000000000000000000000000000000000000
[>] NP_rotate
[>] NP_down
[>] NP_left
[>] NP_down
[>] NP_left
[>] NP_right
[>] NP_down
[>] NP_rotate
[>] NP_down
[>] NP_right
[>] NP_down
[>] NP_right
[>] NP_drop
[>] NP_newPiece shape=15
[<] NP_boardDump size=40 dump=fec0fbc0fbc0fec077c0778037801f801f0017000300000000000000000000000000000000000000
[>] NP_down
[>] NP_down
[>] NP_rotate
[>] NP_left
[>] NP_down
[>] NP_left
[>] NP_drop
[>] NP_newPiece shape=15
[<] NP_boardDump size=40 dump=fec0fbc0fbc0fec077c0778037801f801f001f001b00100000000000000000000000000000000000
[>] NP_down
[>] NP_rotate
[>] NP_left
[>] NP_down
[>] NP_drop
[>] NP_newPiece shape=0
[<] NP_boardDump size=40 dump=fec0fbc0fbc0fec077c0778037801f801f001f001f001c0008000000000000000000000000000000
[>] NP_down
[>] NP_rotate
[>] NP_left
[>] NP_down
[>] NP_right
[>] NP_right
[>] NP_down
[>] NP_right
[>] NP_right
[>] NP_down
[>] NP_right
[>] NP_drop
[>] NP_newPiece shape=0
[<] NP_boardDump size=40 dump=fec0fbc0fbc0fec077c077c037c01fc01f401f001f001c0008000000000000000000000000000000
[>] NP_down
[>] NP_rotate
[>] NP_left
[>] NP_left
[>] NP_down
[>] NP_left
[>] NP_left
[>] NP_down
[>] NP_left
[>] NP_down
[>] NP_drop
[>] NP_newPiece shape=17
[<] NP_boardDump size=40 dump=fec0fbc0fbc0fec0f7c0f7c0b7c09fc01f401f001f001c0008000000000000000000000000000000
[>] NP_down
[>] NP_rotate
[>] NP_left
[>] NP_down
[>] NP_left
[>] NP_left
[>] NP_down
[>] NP_drop
[>] NP_clear
[<] NP_points points=1
[>] NP_newPiece shape=3
[<] NP_boardDump size=40 dump=fec0fbc0fbc0fec0f7c0f7c0f7c03f401f001f001c00080000000000000000000000000000000000
[>] NP_down
[>] NP_down
[>] NP_left
[>] NP_rotate
[>] NP_down
[>] NP_rotate
[>] NP_down
[>] NP_left
[>] NP_rotate
[>] NP_down
[>] NP_rotate
[>] NP_down
[>] NP_rotate
[>] NP_left
[>] NP_left
[>] NP_down
[>] NP_left
[>] NP_drop
[>] NP_newPiece shape=7
[<] NP_boardDump size=40 dump=fec0fbc0fbc0fec0f7c0f7c0f7c0ff409f009f001c00080000000000000000000000000000000000
[>] NP_down
[>] NP_down
[>] NP_rotate
[>] NP_down
[>] NP_rotate
[>] NP_rotate
[>] NP_down
[>] NP_left
[>] NP_left
[>] NP_down
[>] NP_drop
[>] NP_left
[>] NP_down
[>] NP_drop
[>] NP_newPiece shape=15
[<] NP_boardDump size=40 dump=fec0fbc0fbc0fec0f7c0f7c0f7c0ff40ff00bf003c00080000000000000000000000000000000000
[>] NP_down
[>] NP_rotate
[>] NP_down
[>] NP_left
[>] NP_left
[>] NP_down
[>] NP_left
[>] NP_down
[>] NP_left
[>] NP_left
[>] NP_down
[>] NP_drop
[>] NP_newPiece shape=17
[<] NP_boardDump size=40 dump=fec0fbc0fbc0fec0f7c0f7c0f7c0ff40ff00ff00fc00880000000000000000000000000000000000
[>] NP_down
[>] NP_rotate
[>] NP_down
[>] NP_right
[>] NP_down
[>] NP_right
[>] NP_right
[>] NP_down
[>] NP_right
[>] NP_drop
[>] NP_clear
[<] NP_points points=2
[>] NP_giveJunk count=1
[>] NP_newPiece shape=17
[<] NP_boardDump size=40 dump=fec0fbc0fbc0fec0f7c0f7c0f7c0ff40fc0088000000000000000000000000000000000000000000
[>] NP_down
[>] NP_right
[>] NP_rotate
[>] NP_down
[>] NP_right
[>] NP_right
[>] NP_down
[>] NP_right
[>] NP_drop
[>] NP_clear
[<] NP_points points=1
[>] NP_newPiece shape=15
[<] NP_boardDump size=40 dump=fec0fbc0fbc0fec0f7c0f7c0f7c0fcc0884000000000000000000000000000000000000000000000
[>] NP_down
[>] NP_right
[>] NP_down
[>] NP_down
[>] NP_right
[>] NP_drop
[>] NP_clear
[<] NP_points points=1
[>] NP_newPiece shape=2
[<] NP_boardDump size=40 dump=fec0fbc0fbc0fec0f7c0f7c0f7c089c0000000000000000000000000000000000000000000000000
[>] NP_down
[>] NP_right
[>] NP_down
[>] NP_drop
[>] NP_newPiece shape=7
[<] NP_boardDump size=40 dump=fec0fbc0fbc0fec0f7c0f7c0f7c08fc0060000000000000000000000000000000000000000000000
[>] NP_left
[>] NP_down
[>] NP_rotate
[>] NP_down
[>] NP_left
[>] NP_rotate
[>] NP_down
[>] NP_left
[>] NP_down
[>] NP_drop
[>] NP_clear
[<] NP_points points=1
[>] NP_newPiece shape=3
[<] NP_boardDump size=40 dump=fec0fbc0fbc0fec0f7c0f7c0f7c04600000000000000000000000000000000000000000000000000
[>] NP_down
[>] NP_down
[>] NP_rotate
[>] NP_rotate
[>] NP_down
[>] NP_rotate
[>] NP_left
[>] NP_down
[>] NP_drop
[>] NP_clear
[<] NP_points points=2
[>] NP_giveJunk count=1
[>] NP_newPiece shape=7
[<] NP_boardDump size=40 dump=fec0fbc0fbc0fec0f7c05e0000000000000000000000000000000000000000000000000000000000
[>] NP_down
[>] NP_rotate
[>] NP_down
[>] NP_rotate
[>] NP_down
[>] NP_right
[>] NP_down
[>] NP_right
[>] NP_down
[>] NP_right
[>] NP_drop
[>] NP_newPiece shape=3
[<] NP_boardDump size=40 dump=fec0fbc0fbc0fec0f7c05fc001000000000000000000000000000000000000000000000000000000
[>] NP_rotate
[>] NP_down
[>] NP_left
[>] NP_rotate
[>] NP_down
[>] NP_rotate
[>] NP_down
[>] NP_rotate
[>] NP_left
[>] NP_down
[>] NP_drop
[>] NP_newPiece shape=2
[<] NP_boardDump size=40 dump=fec0fbc0fbc0fec0f7c07fc039000000000000000000000000000000000000000000000000000000
[>] NP_down
[>] NP_rotate
[>] NP_down
[>] NP_right
[>] NP_right
[>] NP_down
[>] NP_right
[>] NP_right
[>] NP_down
[>] NP_drop
[>] NP_newPiece shape=17
[<] NP_boardDump size=40 dump=fec0fbc0fbc0fec0f7c07fc039c000c0000000000000000000000000000000000000000000000000
[>] NP_rotate
[>] NP_down
[>] NP_left
[>] NP_down
[>] NP_left
[>] NP_left
[>] NP_down
[>] NP_left
[>] NP_down
[>] NP_drop
[>] NP_clear
[<] NP_points points=1
[>] NP_newPiece shape=15
[<] NP_boardDump size=40 dump=fec0fbc0fbc0fec0f7c0f9c040c00000000000000000000000000000000000000000000000000000
[>] NP_down
[>] NP_right
[>] NP_down
[>] NP_drop
[>] NP_clear
[<] NP_points points=1
[>] NP_newPiece shape=3
[<] NP_boardDump size=40 dump=fec0fbc0fbc0fec0f7c043c000000000000000000000000000000000000000000000000000000000
[>] NP_down
[>] NP_down
[>] NP_left
[>] NP_right
[>] NP_down
[>] NP_rotate
[>] NP_rotate
[>] NP_down
[>] NP_right
[>] NP_down
[>] NP_right
[>] NP_right
[>] NP_down
[>] NP_drop
[>] NP_newPiece shape=2
[<] NP_boardDump size=40 dump=fec0fbc0fbc0fec0f7c043c001c00040000000000000000000000000000000000000000000000000
[>] NP_down
[>] NP_left
[>] NP_down
[>] NP_left
[>] NP_left
[>] NP_down
[>] NP_drop
[>] NP_right
[>] NP_down
[>] NP_newPiece shape=11
[<] NP_boardDump size=40 dump=fec0fbc0fbc0fec0f7c073c031c00040000000000000000000000000000000000000000000000000
[>] NP_down
[>] NP_rotate
[>] NP_left
[>] NP_down
[>] NP_down
[>] NP_drop
[>] NP_clear
[<] NP_points points=1
[>] NP_newPiece shape=3
[<] NP_boardDump size=40 dump=fec0fbc0fbc0fec07fc039c000400000000000000000000000000000000000000000000000000000
[>] NP_down
[>] NP_rotate
[>] NP_down
[>] NP_rotate
[>] NP_down
[>] NP_rotate
[>] NP_rotate
[>] NP_down
[>] NP_rotate
[>] NP_down
[>] NP_right
[>] NP_drop
[>] NP_left
[>] NP_down
[>] NP_newPiece shape=0
[<] NP_boardDump size=40 dump=fec0fbc0fbc0fec07fc03fc004400400000000000000000000000000000000000000000000000000
[>] NP_rotate
[>] NP_down
[>] NP_left
[>] NP_left
[>] NP_down
[>] NP_left
[>] NP_down
[>] NP_left
[>] NP_left
[>] NP_down
[>] NP_drop
[>] NP_clear
[<] NP_points points=1
[>] NP_newPiece shape=15
[<] NP_boardDump size=40 dump=fec0fbc0fbc0fec0bfc0844084000000000000000000000000000000000000000000000000000000
[>] NP_rotate
[>] NP_down
[>] NP_left
[>] NP_left
[>] NP_down
[>] NP_right
[>] NP_down
[>] NP_right
[>] NP_rotate
[>] NP_right
[>] NP_down
[>] NP_right
[>] NP_down
[>] NP_right
[>] NP_drop
[>] NP_newPiece shape=7
[<] NP_boardDump size=40 dump=fec0fbc0fbc0fec0bfc085c084c00000000000000000000000000000000000000000000000000000
[>] NP_rotate
[>] NP_down
[>] NP_left
[>] NP_left
[>] NP_down
[>] NP_rotate
[>] NP_down
[>] NP_rotate
[>] NP_down
[>] NP_drop
[>] NP_right
[>] NP_newPiece shape=15
[<] NP_boardDump size=40 dump=fec0fbc0fbc0fec0bfc09dc08cc00800000000000000000000000000000000000000000000000000
[>] NP_down
[>] NP_rotate
[>] NP_left
[>] NP_down
[>] NP_right
[>] NP_down
[>] NP_right
[>] NP_down
[>] NP_right
[>] NP_rotate
[>] NP_down
[>] NP_left
[>] NP_down
[>] NP_right
[>] NP_down
[>] NP_down
[>] NP_down
[>] NP_drop
[>] NP_newPiece shape=15
[<] NP_boardDump size=40 dump=fec0fbc0fbc0fec0bfc09dc08fc00980000000000000000000000000000000000000000000000000
[>] NP_rotate
[>] NP_down
[>] NP_left
[>] NP_down
[>] NP_right
[>] NP_rotate
[>] NP_down
[>] NP_right
[>] NP_down
[>] NP_rotate
[>] NP_right
[>] NP_down
[>] NP_right
[>] NP_down
[>] NP_drop
[>] NP_newPiece shape=2
[<] NP_boardDump size=40 dump=fec0fbc0fbc0fec0bfc09dc08fc009c000c000800000000000000000000000000000000000000000
[>] NP_rotate
[>] NP_down
[>] NP_down
[>] NP_right
[>] NP_drop
[>] NP_newPiece shape=15
[<] NP_boardDump size=40 dump=fec0fbc0fbc0fec0bfc09dc08fc00fc006c000800000000000000000000000000000000000000000
[>] NP_rotate
[>] NP_down
[>] NP_left
[>] NP_down
[>] NP_right
[>] NP_right
[>] NP_down
[>] NP_drop
[>] NP_newPiece shape=0
[<] NP_boardDump size=40 dump=fec0fbc0fbc0fec0bfc09dc08fc00fc007c003800200000000000000000000000000000000000000
[>] NP_down
[>] NP_rotate
[>] NP_left
[>] NP_down
[>] NP_left
[>] NP_left
[>] NP_down
[>] NP_left
[>] NP_down
[>] NP_drop
[>] NP_clear
[<] NP_points points=1
[>] NP_newPiece shape=17
[<] NP_boardDump size=40 dump=fec0fbc0fbc0fec0ddc0cfc04fc007c0038002000000000000000000000000000000000000000000
[>] NP_down
[>] NP_rotate
[>] NP_left
[>] NP_down
[>] NP_left
[>] NP_drop
[>] NP_clear
[<] NP_points points=1
[>] NP_newPiece shape=7
[<] NP_boardDump size=40 dump=fec0fbc0fbc0fec0fdc05fc007c00380020000000000000000000000000000000000000000000000
[>] NP_down
[>] NP_rotate
[>] NP_left
[>] NP_down
[>] NP_right
[>] NP_rotate
[>] NP_down
[>] NP_down
[>] NP_left
[>] NP_rotate
[>] NP_down
[>] NP_down
[>] NP_drop
[>] NP_newPiece shape=15
[<] NP_boardDump size=40 dump=fec0fbc0fbc0fec0fdc05fc01fc00b800a0000000000000000000000000000000000000000000000
[>] NP_down
[>] NP_rotate
[>] NP_left
[>] NP_down
[>] NP_right
[>] NP_right
[>] NP_down
[>] NP_right
[>] NP_right
[>] NP_down
[>] NP_drop
[>] NP_newPiece shape=7
[<] NP_boardDump size=40 dump=fec0fbc0fbc0fec0fdc05fc01fc00bc00ac000800000000000000000000000000000000000000000
[>] NP_rotate
[>] NP_down
[>] NP_left
[>] NP_down
[>] NP_left
[>] NP_down
[>] NP_left
[>] NP_down
[>] NP_left
[>] NP_down
[>] NP_drop
[>] NP_newPiece shape=3
[<] NP_boardDump size=40 dump=fec0fbc0fbc0fec0fdc05fc05fc04bc06ac000800000000000000000000000000000000000000000
[>] NP_right
[>] NP_down
[>] NP_rotate
[>] NP_down
[>] NP_rotate
[>] NP_down
[>] NP_rotate
[>] NP_left
[>] NP_down
[>] NP_left
[>] NP_down
[>] NP_left
[>] NP_drop
[>] NP_newPiece shape=11
[<] NP_boardDump size=40 dump=fec0fbc0fbc0fec0fdc05fc05fc05bc07ac030800000000000000000000000000000000000000000
[>] NP_down
[>] NP_rotate
[>] NP_down
[>] NP_rotate
[>] NP_down
[>] NP_right
[>] NP_rotate
[>] NP_right
[>] NP_down
[>] NP_right
[>] NP_down
[>] NP_right
[>] NP_drop
[>] NP_newPiece shape=3
[<] NP_boardDump size=40 dump=fec0fbc0fbc0fec0fdc05fc05fc05bc07ac030c000c0004000000000000000000000000000000000
[>] NP_down
[>] NP_rotate
[>] NP_down
[>] NP_rotate
[>] NP_rotate
[>] NP_down
[>] NP_drop
[>] NP_newPiece shape=7
[<] NP_boardDump size=40 dump=fec0fbc0fbc0fec0fdc05fc05fc05fc07ec03cc000c0004000000000000000000000000000000000
[>] NP_down
[>] NP_rotate
[>] NP_down
[>] NP_left
[>] NP_rotate
[>] NP_down
[>] NP_rotate
[>] NP_down
[>] NP_rotate
[>] NP_down
[>] NP_rotate
[>] NP_left
[>] NP_down
[>] NP_left
[>] NP_left
[>] NP_down
[>] NP_left
[>] NP_down
[>] NP_drop
[>] NP_newPiece shape=0
[<] NP_boardDump size=40 dump=fec0fbc0fbc0fec0fdc05fc05fc0dfc0fec0fcc000c0004000000000000000000000000000000000
[>] NP_down
[>] NP_rotate
[>] NP_right
[>] NP_down
[>] NP_right
[>] NP_right
[>] NP_down
[>] NP_drop
[>] NP_left
[>] NP_down
[>] NP_down
[>] NP_down
[>] NP_clear
[<] NP_points points=1
[>] NP_newPiece shape=17
[<] NP_boardDump size=40 dump=fec0fbc0fbc0fec0fdc05fc05fc0dfc0fdc001c00140000000000000000000000000000000000000
[>] NP_down
[>] NP_rotate
[>] NP_rotate
[>] NP_down
[>] NP_right
[>] NP_down
[>] NP_rotate
[>] NP_right
[>] NP_down
[>] NP_right
[>] NP_right
[>] NP_down
[>] NP_drop
[>] NP_newPiece shape=3
[<] NP_boardDump size=40 dump=fec0fbc0fbc0fec0fdc05fc05fc0dfc0fdc001c001c000c000400000000000000000000000000000
[>] NP_down
[>] NP_rotate
[>] NP_rotate
[>] NP_down
[>] NP_rotate
[>] NP_down
[>] NP_rotate
[>] NP_down
[>] NP_rotate
[>] NP_left
[>] NP_down
[>] NP_rotate
[>] NP_down
[>] NP_down
[>] NP_left
[>] NP_down
[>] NP_left
[>] NP_left
[>] NP_down
[>] NP_drop
[>] NP_newPiece shape=17
[<] NP_boardDump size=40 dump=fec0fbc0fbc0fec0fdc05fc05fc0dfc0fdc0e1c021c000c000400000000000000000000000000000
[>] NP_down
[>] NP_rotate
[>] NP_right
[>] NP_down
[>] NP_right
[>] NP_down
[>] NP_right
[>] NP_right
[>] NP_down
[>] NP_drop
[>] NP_newPiece shape=7
[<] NP_boardDump size=40 dump=fec0fbc0fbc0fec0fdc05fc05fc0dfc0fdc0e1c021c000c000c000c0004000000000000000000000
[>] NP_rotate
[>] NP_down
[>] NP_rotate
[>] NP_down
[>] NP_rotate
[>] NP_rotate
[>] NP_down
[>] NP_drop
[>] NP_clear
[<] NP_points points=1
[>] NP_newPiece shape=3
[<] NP_boardDump size=40 dump=fec0fbc0fbc0fec0fdc05fc05fc0dfc0efc021c000c000c000c00040000000000000000000000000
[>] NP_down
[>] NP_rotate
[>] NP_down
[>] NP_rotate
[>] NP_rotate
[>] NP_down
[>] NP_rotate
[>] NP_left
[>] NP_down
[>] NP_drop
[>] NP_clear
[<] NP_points points=1
[>] NP_newPiece shape=2
[<] NP_boardDump size=40 dump=fec0fbc0fbc0fec0fdc05fc05fc0dfc03dc000c000c000c000400000000000000000000000000000
[>] NP_down
[>] NP_left
[>] NP_down
[>] NP_left
[>] NP_left
[>] NP_down
[>] NP_left
[>] NP_drop
[>] NP_newPiece shape=11
[<] NP_boardDump size=40 dump=fec0fbc0fbc0fec0fdc05fc05fc0dfc0fdc0c0c000c000c000400000000000000000000000000000
[>] NP_right
[>] NP_down
[>] NP_rotate
[>] NP_down
[>] NP_rotate
[>] NP_rotate
[>] NP_down
[>] NP_rotate
[>] NP_down
[>] NP_drop
[>] NP_clear
[<] NP_points points=1
[>] NP_newPiece shape=15
[<] NP_boardDump size=40 dump=fec0fbc0fbc0fec0fdc05fc05fc0dfc0c7c000c000c0004000000000000000000000000000000000
[>] NP_down
[>] NP_rotate
[>] NP_down
[>] NP_rotate
[>] NP_right
[>] NP_down
[>] NP_left
[>] NP_down
[>] NP_left
[>] NP_down
[>] NP_drop
[>] NP_newPiece shape=7
[<] NP_boardDump size=40 dump=fec0fbc0fbc0fec0fdc05fc05fc0dfc0dfc00cc000c0004000000000000000000000000000000000
[>] NP_down
[>] NP_rotate
[>] NP_down
[>] NP_left
[>] NP_left
[>] NP_down
[>] NP_left
[>] NP_drop
[>] NP_clear
[<] NP_points points=2
[>] NP_giveJunk count=1
[>] NP_newPiece shape=15
[<] NP_boardDump size=40 dump=fec0fbc0fbc0fec0fdc05fc05fc03cc000c000400000000000000000000000000000000000000000
[>] NP_down
[>] NP_right
[>] NP_down
[>] NP_left
[>] NP_down
[>] NP_rotate
[>] NP_down
[>] NP_right
[>] NP_down
[>] NP_right
[>] NP_left
[>] NP_down
[>] NP_left
[>] NP_down
[>] NP_left
[>] NP_right
[>] NP_down
[>] NP_drop
[>] NP_newPiece shape=11
[<] NP_boardDump size=40 dump=fec0fbc0fbc0fec0fdc05fc05fc03ec006c004400000000000000000000000000000000000000000
[>] NP_rotate
[>] NP_down
[>] NP_left
[>] NP_down
[>] NP_left
[>] NP_left
[>] NP_down
[>] NP_left
[>] NP_left
[>] NP_down
[>] NP_drop
[>] NP_newPiece shape=2
[<] NP_boardDump size=40 dump=fec0fbc0fbc0fec0fdc05fc0dfc0fec086c004400000000000000000000000000000000000000000
[>] NP_down
[>] NP_left
[>] NP_down
[>] NP_left
[>] NP_left
[>] NP_down
[>] NP_drop
[>] NP_newPiece shape=17
[<] NP_boardDump size=40 dump=fec0fbc0fbc0fec0fdc05fc0dfc0fec0e6c064400000000000000000000000000000000000000000
[>] NP_down
[>] NP_rotate
[>] NP_down
[>] NP_right
[>] NP_right
[>] NP_down
[>] NP_right
[>] NP_down
[>] NP_right
[>] NP_drop
[>] NP_newPiece shape=11
[<] NP_boardDump size=40 dump=fec0fbc0fbc0fec0fdc05fc0dfc0fec0e6c064c000c0004000000000000000000000000000000000
[>] NP_down
[>] NP_rotate
[>] NP_down
[>] NP_rotate
[>] NP_down
[>] NP_left
[>] NP_left
[>] NP_down
[>] NP_rotate
[>] NP_rotate
[>] NP_down
[>] NP_rotate
[>] NP_left
[>] NP_down
[>] NP_left
[>] NP_left
[>] NP_down
[>] NP_drop
[>] NP_newPiece shape=15
[<] NP_boardDump size=40 dump=fec0fbc0fbc0fec0fdc05fc0dfc0fec0e6c0e4c0c0c0804000000000000000000000000000000000
[>] NP_down
[>] NP_rotate
[>] NP_down
[>] NP_right
[>] NP_right
[>] NP_down
[>] NP_left
[>] NP_down
[>] NP_left
[>] NP_down
[>] NP_down
[>] NP_left
[>] NP_left
[>] NP_down
[>] NP_left
[>] NP_left
[>] NP_down
[>] NP_newPiece shape=2
[<] NP_boardDump size=40 dump=fec0fbc0fbc0fec0fdc05fc0dfc0fec0e6c0e4c0e0c0e04040000000000000000000000000000000
[>] NP_down
[>] NP_left
[>] NP_down
[>] NP_drop
[>] NP_newPiece shape=11
[<] NP_boardDump size=40 dump=fec0fbc0fbc0fec0fdc05fc0dfc0fec0fec0fcc0e0c0e04040000000000000000000000000000000
[>] NP_down
[>] NP_rotate
[>] NP_down
[>] NP_rotate
[>] NP_down
[>] NP_rotate
[>] NP_down
[>] NP_left
[>] NP_down
[>] NP_rotate
[>] NP_rotate
[>] NP_down
[>] NP_rotate
[>] NP_down
[>] NP_drop
[>] NP_newPiece shape=3
[<] NP_boardDump size=40 dump=fec0fbc0fbc0fec0fdc05fc0dfc0fec0fec0fcc0fcc0e84040000000000000000000000000000000
[>] NP_down
[>] NP_rotate
[>] NP_down
[>] NP_rotate
[>] NP_rotate
[>] NP_down
[>] NP_right
[>] NP_right
[>] NP_down
[>] NP_drop
[>] NP_clear
[<] NP_points points=3
[>] NP_giveJunk count=2
[>] NP_newPiece shape=11
[<] NP_boardDump size=40 dump=fec0fbc0fbc0fec0fdc05fc0dfc0fcc0e84040000000000000000000000000000000000000000000
[>] NP_down
[>] NP_down
[>] NP_rotate
[>] NP_down
[>] NP_right
[>] NP_right
[>] NP_down
[>] NP_right
[>] NP_down
[>] NP_drop
[>] NP_newPiece shape=2
[<] NP_boardDump size=40 dump=fec0fbc0fbc0fec0fdc05fc0dfc0fcc0e8c040c00080000000000000000000000000000000000000
[>] NP_right
[>] NP_down
[>] NP_rotate
[>] NP_right
[>] NP_down
[>] NP_drop
[>] NP_clear
[<] NP_points points=1
[>] NP_newPiece shape=0
[<] NP_boardDump size=40 dump=fec0fbc0fbc0fec0fdc05fc0dfc0ebc040c000800000000000000000000000000000000000000000
[>] NP_down
[>] NP_rotate
[>] NP_left
[>] NP_down
[>] NP_right
[>] NP_down
[>] NP_drop
[>] NP_newPiece shape=11
[<] NP_boardDump size=40 dump=fec0fbc0fbc0fec0fdc05fc0dfc0efc044c004800400000000000000000000000000000000000000
[>] NP_down
[>] NP_left
[>] NP_left
[>] NP_down
[>] NP_drop
[>] NP_clear
[<] NP_points points=1
[>] NP_newPiece shape=15
[<] NP_boardDump size=40 dump=fec0fbc0fbc0fec0fdc05fc0dfc07cc0048004000000000000000000000000000000000000000000
[>] NP_right
[>] NP_down
[>] NP_down
[>] NP_left
[>] NP_down
[>] NP_right
[>] NP_rotate
[>] NP_down
[>] NP_right
[>] NP_right
[>] NP_down
[>] NP_drop
[>] NP_newPiece shape=0
[<] NP_boardDump size=40 dump=fec0fbc0fbc0fec0fdc05fc0dfc07cc004c004c00080000000000000000000000000000000000000
[>] NP_down
[>] NP_rotate
[>] NP_down
[>] NP_left
[>] NP_down
[>] NP_left
[>] NP_left
[>] NP_down
[>] NP_left
[>] NP_left
[>] NP_down
[>] NP_drop
[>] NP_newPiece shape=7
[<] NP_boardDump size=40 dump=fec0fbc0fbc0fec0fdc05fc0dfc0fcc084c084c08080000000000000000000000000000000000000
[>] NP_down
[>] NP_rotate
[>] NP_down
[>] NP_rotate
[>] NP_rotate
[>] NP_down
[>] NP_right
[>] NP_right
[>] NP_down
[>] NP_drop
[>] NP_clear
[<] NP_points points=1
[>] NP_newPiece shape=2
[<] NP_boardDump size=40 dump=fec0fbc0fbc0fec0fdc05fc0dfc085c085c080800000000000000000000000000000000000000000
[>] NP_down
[>] NP_down
[>] NP_left
[>] NP_down
[>] NP_drop
[>] NP_newPiece shape=11
[<] NP_boardDump size=40 dump=fec0fbc0fbc0fec0fdc05fc0dfc09dc09dc080800000000000000000000000000000000000000000
[>] NP_down
[>] NP_rotate
[>] NP_down
[>] NP_rotate
[>] NP_rotate
[>] NP_down
[>] NP_rotate
[>] NP_right
[>] NP_down
[>] NP_rotate
[>] NP_down
[>] NP_rotate
[>] NP_rotate
[>] NP_down
[>] NP_right
[>] NP_right
[>] NP_down
[>] NP_right
[>] NP_drop
[>] NP_newPiece shape=17
[<] NP_boardDump size=40 dump=fec0fbc0fbc0fec0fdc05fc0dfc09dc09dc080c000c0004000000000000000000000000000000000
[>] NP_down
[>] NP_down
[>] NP_rotate
[>] NP_down
[>] NP_rotate
[>] NP_rotate
[>] NP_down
[>] NP_rotate
[>] NP_down
[>] NP_right
[>] NP_rotate
[>] NP_down
[>] NP_right
[>] NP_drop
[>] NP_newPiece shape=3
[<] NP_boardDump size=40 dump=fec0fbc0fbc0fec0fdc05fc0dfc09dc09fc083c001c0004000000000000000000000000000000000
[>] NP_down
[>] NP_rotate
[>] NP_rotate
[>] NP_down
[>] NP_rotate
[>] NP_left
[>] NP_down
[>] NP_left
[>] NP_left
[>] NP_down
[>] NP_drop
[>] NP_clear
[<] NP_points points=1
[>] NP_newPiece shape=2
[<] NP_boardDump size=40 dump=fec0fbc0fbc0fec0fdc07fc0fdc09fc083c001c00040000000000000000000000000000000000000
[>] NP_down
[>] NP_left
[>] NP_down
[>] NP_left
[>] NP_left
[>] NP_down
[>] NP_left
[>] NP_down
[>] NP_right
[>] NP_drop
[>] NP_clear
[<] NP_points points=1
[>] NP_newPiece shape=0
[<] NP_boardDump size=40 dump=fec0fbc0fbc0fec0fdc07fc0fdc0e3c001c000400000000000000000000000000000000000000000
[>] NP_down
[>] NP_rotate
[>] NP_left
[>] NP_down
[>] NP_left
[>] NP_down
[>] NP_right
[>] NP_right
[>] NP_down
[>] NP_right
[>] NP_right
[>] NP_down
[>] NP_right
[>] NP_right
[>] NP_down
[>] NP_drop
[>] NP_newPiece shape=15
[<] NP_boardDump size=40 dump=fec0fbc0fbc0fec0fdc07fc0fdc0e3c001c000400040004000400040000000000000000000000000
[>] NP_left
[>] NP_down
[>] NP_right
[>] NP_down
[>] NP_drop
[>] NP_newPiece shape=0
[<] NP_boardDump size=40 dump=fec0fbc0fbc0fec0fdc07fc0fdc0efc007c000400040004000400040000000000000000000000000
[>] NP_down
[>] NP_rotate
[>] NP_left
[>] NP_down
[>] NP_left
[>] NP_drop
[>] NP_clear
[<] NP_points points=1
[>] NP_newPiece shape=15
[<] NP_boardDump size=40 dump=fec0fbc0fbc0fec0fdc07fc0fdc017c0104010400040004000400000000000000000000000000000
[>] NP_down
[>] NP_rotate
[>] NP_down
[>] NP_down
[>] NP_right
[>] NP_rotate
[>] NP_down
[>] NP_left
[>] NP_down
[>] NP_left
[>] NP_left
[>] NP_down
[>] NP_left
[>] NP_left
[>] NP_down
[>] NP_drop
[>] NP_newPiece shape=17
[<] NP_boardDump size=40 dump=fec0fbc0fbc0fec0fdc07fc0fdc0d7c0704010400040004000400000000000000000000000000000
[>] NP_down
[>] NP_down
[>] NP_down
[>] NP_rotate
[>] NP_down
[>] NP_drop
[>] NP_newPiece shape=17
[<] NP_boardDump size=40 dump=fec0fbc0fbc0fec0fdc07fc0fdc0dfc07c4014400040004000400000000000000000000000000000
[>] NP_down
[>] NP_rotate
[>] NP_down
[>] NP_left
[>] NP_left
[>] NP_down
[>] NP_left
[>] NP_left
[>] NP_down
[>] NP_drop
[>] NP_newPiece shape=2
[<] NP_boardDump size=40 dump=fec0fbc0fbc0fec0fdc07fc0fdc0dfc0fc40d4404040004000400000000000000000000000000000
[>] NP_right
[>] NP_down
[>] NP_down
[>] NP_right
[>] NP_right
[>] NP_drop
[>] NP_newPiece shape=2
[<] NP_boardDump size=40 dump=fec0fbc0fbc0fec0fdc07fc0fdc0dfc0fdc0d5c04040004000400000000000000000000000000000
[>] NP_down
[>] NP_down
[>] NP_left
[>] NP_right
[>] NP_right
[>] NP_down
[>] NP_right
[>] NP_down
[>] NP_right
[>] NP_drop
[>] NP_newPiece shape=17
[<] NP_boardDump size=40 dump=fec0fbc0fbc0fec0fdc07fc0fdc0dfc0fdc0d5c041c001c000400000000000000000000000000000
[>] NP_down
[>] NP_down
[>] NP_rotate
[>] NP_left
[>] NP_left
[>] NP_down
[>] NP_down
[>] NP_drop
[>] NP_newPiece shape=15
[<] NP_boardDump size=40 dump=fec0fbc0fbc0fec0fdc07fc0fdc0dfc0fdc0f5c071c011c000400000000000000000000000000000
[>] NP_down
[>] NP_rotate
[>] NP_down
[>] NP_left
[>] NP_down
[>] NP_left
[>] NP_left
[>] NP_down
[>] NP_rotate
[>] NP_down
[>] NP_drop
[>] NP_newPiece shape=15
[<] NP_boardDump size=40 dump=fec0fbc0fbc0fec0fdc07fc0fdc0dfc0fdc0f5c071c071c030400000000000000000000000000000
[>] NP_down
[>] NP_rotate
[>] NP_down
[>] NP_left
[>] NP_down
[>] NP_down
[>] NP_right
[>] NP_drop
[>] NP_newPiece shape=3
[<] NP_boardDump size=40 dump=fec0fbc0fbc0fec0fdc07fc0fdc0dfc0fdc0f7c077c075c030400000000000000000000000000000
[>] NP_down
[>] NP_rotate
[>] NP_down
[>] NP_rotate
[>] NP_down
[>] NP_rotate
[>] NP_down
[>] NP_rotate
[>] NP_right
[>] NP_down
[>] NP_right
[>] NP_drop
[>] NP_newPiece shape=3
[<] NP_boardDump size=40 dump=fec0fbc0fbc0fec0fdc07fc0fdc0dfc0fdc0f7c077c077c033c00000000000000000000000000000
[>] NP_down
[>] NP_rotate
[>] NP_down
[>] NP_rotate
[>] NP_down
[>] NP_right
[>] NP_down
[>] NP_right
[>] NP_right
[>] NP_down
[>] NP_drop
[>] NP_newPiece shape=2
[<] NP_boardDump size=40 dump=fec0fbc0fbc0fec0fdc07fc0fdc0dfc0fdc0f7c077c077c033c001c0004000000000000000000000
[>] NP_down
[>] NP_right
[>] NP_down
[>] NP_right
[>] NP_right
[>] NP_down
[>] NP_drop
[>] NP_newPiece shape=3
[<] NP_boardDump size=40 dump=fec0fbc0fbc0fec0fdc07fc0fdc0dfc0fdc0f7c077c077c033c001c001c001800000000000000000
[>] NP_down
[>] NP_rotate
[>] NP_down
[>] NP_rotate
[>] NP_down
[>] NP_left
[>] NP_down
[>] NP_rotate
[>] NP_down
[>] NP_right
[>] NP_down
[>] NP_drop
[>] NP_left
[>] NP_down
[>] NP_newPiece shape=2
[<] NP_boardDump size=40 dump=fec0fbc0fbc0fec0fdc07fc0fdc0dfc0fdc0f7c077c07fc03bc019c001c001800000000000000000
[>] NP_down
[>] NP_rotate
[>] NP_left
[>] NP_down
[>] NP_left
[>] NP_right
[>] NP_down
[>] NP_left
[>] NP_down
[>] NP_left
[>] NP_left
[>] NP_down
[>] NP_drop
[>] NP_newPiece shape=15
[<] NP_boardDump size=40 dump=fec0fbc0fbc0fec0fdc07fc0fdc0dfc0fdc0f7c077c07fc0fbc0d9c001c001800000000000000000
[>] NP_down
[>] NP_rotate
[>] NP_down
[>] NP_left
[>] NP_down
[>] NP_left
[>] NP_left
[>] NP_down
[>] NP_left
[>] NP_drop
[>] NP_newPiece shape=17
[<] NP_boardDump size=40 dump=fec0fbc0fbc0fec0fdc07fc0fdc0dfc0fdc0f7c077c07fc0fbc0f9c061c041800000000000000000
[>] NP_right
[>] NP_down
[>] NP_rotate
[>] NP_left
[>] NP_down
[>] NP_right
[>] NP_drop
[>] NP_clear
[<] NP_points points=2
[>] NP_giveJunk count=1
[>] NP_newPiece shape=3
[<] NP_boardDump size=40 dump=fec0fbc0fbc0fec0fdc07fc0fdc0dfc0fdc0f7c077c07fc063c04180000000000000000000000000
[>] NP_down
[>] NP_rotate
[>] NP_down
[>] NP_rotate
[>] NP_left
[>] NP_down
[>] NP_drop
[>] NP_newPiece shape=2
[<] NP_boardDump size=40 dump=fec0fbc0fbc0fec0fdc07fc0fdc0dfc0fdc0f7c077c07fc07fc04580000000000000000000000000
[>] NP_down
[>] NP_left
[>] NP_down
[>] NP_drop
[>] NP_newPiece shape=2
[<] NP_boardDump size=40 dump=fec0fbc0fbc0fec0fdc07fc0fdc0dfc0fdc0f7c077c07fc07fc05d80180000000000000000000000
[>] NP_down
[>] NP_rotate
[>] NP_left
[>] NP_down
[>] NP_left
[>] NP_right
[>] NP_down
[>] NP_right
[>] NP_down
[>] NP_right
[>] NP_right
[>] NP_down
[>] NP_right
[>] NP_newPiece shape=15
[<] NP_boardDump size=40 dump=fec0fbc0fbc0fec0fdc07fc0fdc0dfc0fdc0f7c077c07fc07fc05d80198001800000000000000000
[>] NP_down
[>] NP_left
[>] NP_rotate
[>] NP_down
[>] NP_left
[>] NP_down
[>] NP_left
[>] NP_left
[>] NP_down
[>] NP_down
[>] NP_newPiece shape=3
[<] NP_boardDump size=40 dump=fec0fbc0fbc0fec0fdc07fc0fdc0dfc0fdc0f7c077c07fc07fc07d80798041800000000000000000
[>] NP_rotate
[>] NP_left
[>] NP_down
[>] NP_left
[>] NP_rotate
[>] NP_down
[>] NP_rotate
[>] NP_down
[>] NP_left
[>] NP_right
[>] NP_down
[>] NP_rotate
[>] NP_rotate
[>] NP_newPiece shape=2
[<] NP_boardDump size=40 dump=fec0fbc0fbc0fec0fdc07fc0fdc0dfc0fdc0f7c077c07fc07fc07d80798059801000100000000000
[>] NP_down
[>] NP_right
[>] NP_down
[>] NP_right
[>] NP_down
[>] NP_left
[>] NP_left
[>] NP_newPiece shape=3
[<] NP_boardDump size=40 dump=fec0fbc0fbc0fec0fdc07fc0fdc0dfc0fdc0f7c077c07fc07fc07d80798059801c001c0000000000
[>] NP_drop
[>] NP_right
[<] NP_endConn
