[+] Game: single player
[<] NP_version
[>] NP_version
[<] NP_startConn
[>] NP_startConn
[<] NP_userName
[>] NP_userName
[>] NP_newPiece shape=15
[<] NP_boardDump size=40 dump=00000000000000000000000000000000000000000000000000000000000000000000000000000000
[>] NP_down
[>] NP_rotate
[>] NP_right
[>] NP_down
[>] NP_right
[>] NP_down
[>] NP_rotate
[>] NP_down
[>] NP_right
[>] NP_down
[>] NP_rotate
[>] NP_down
[>] NP_down
[>] NP_drop
[>] NP_newPiece shape=7
[<] NP_boardDump size=40 dump=004000c0008000000000000000000000000000000000000000000000000000000000000000000000
[>] NP_down
[>] NP_rotate
[>] NP_rotate
[>] NP_down
[>] NP_rotate
[>] NP_down
[>] NP_rotate
[>] NP_down
[>] NP_rotate
[>] NP_rotate
[>] NP_down
[>] NP_down
[>] NP_right
[>] NP_down
[>] NP_drop
[>] NP_right
[>] NP_newPiece shape=3
[<] NP_boardDump size=40 dump=03c002c0008000000000000000000000000000000000000000000000000000000000000000000000
[>] NP_rotate
[>] NP_down
[>] NP_rotate
[>] NP_down
[>] NP_left
[>] NP_left
[>] NP_down
[>] NP_right
[>] NP_down
[>] NP_drop
[>] NP_newPiece shape=15
[<] NP_boardDump size=40 dump=1fc006c0008000000000000000000000000000000000000000000000000000000000000000000000
[>] NP_left
[>] NP_down
[>] NP_rotate
[>] NP_down
[>] NP_left
[>] NP_rotate
[>] NP_left
[>] NP_down
[>] NP_drop
[>] NP_newPiece shape=7
[<] NP_boardDump size=40 dump=7fc036c0008000000000000000000000000000000000000000000000000000000000000000000000
[>] NP_rotate
[>] NP_down
[>] NP_left
[>] NP_left
[>] NP_down
[>] NP_left
[>] NP_down
[>] NP_rotate
[>] NP_rotate
[>] NP_down
[>] NP_rotate
[>] NP_right
[>] NP_down
[>] NP_right
[>] NP_down
[>] NP_left
[>] NP_drop
[>] NP_newPiece shape=11
[<] NP_boardDump size=40 dump=7fc03ec0388000000000000000000000000000000000000000000000000000000000000000000000
[>] NP_right
[>] NP_rotate
[>] NP_down
[>] NP_rotate
[>] NP_down
[>] NP_rotate
[>] NP_down
[>] NP_right
[>] NP_down
[>] NP_drop
[>] NP_newPiece shape=15
[<] NP_boardDump size=40 dump=7fc03fc03b8001000000000000000000000000000000000000000000000000000000000000000000
[>] NP_rotate
[>] NP_down
[>] NP_right
[>] NP_down
[>] NP_right
[>] NP_right
[>] NP_down
[>] NP_drop
[>] NP_newPiece shape=17
[<] NP_boardDump size=40 dump=7fc03fc03bc001c00080000000000000000000000000000000000000000000000000000000000000
[>] NP_rotate
[>] NP_down
[>] NP_left
[>] NP_down
[>] NP_left
[>] NP_left
[>] NP_down
[>] NP_left
[>] NP_down
[>] NP_drop
[>] NP_clear
[<] NP_points points=2
[>] NP_giveJunk count=1
[>] NP_newPiece shape=0
[<] NP_boardDump size=40 dump=7bc001c0008000000000000000000000000000000000000000000000000000000000000000000000
[>] NP_down
[>] NP_rotate
[>] NP_right
[>] NP_down
[>] NP_down
[>] NP_left
[>] NP_drop
[>] NP_newPiece shape=15
[<] NP_boardDump size=40 dump=7fc005c0048004000000000000000000000000000000000000000000000000000000000000000000
[>] NP_down
[>] NP_rotate
[>] NP_down
[>] NP_right
[>] NP_down
[>] NP_right
[>] NP_right
[>] NP_down
[>] NP_drop
[>] NP_newPiece shape=7
[<] NP_boardDump size=40 dump=7fc005c004c004c00080000000000000000000000000000000000000000000000000000000000000
[>] NP_down
[>] NP_rotate
[>] NP_down
[>] NP_left
[>] NP_rotate
[>] NP_down
[>] NP_left
[>] NP_down
[>] NP_drop
[>] NP_newPiece shape=15
[<] NP_boardDump size=40 dump=7fc03dc024c004c00080000000000000000000000000000000000000000000000000000000000000
[>] NP_down
[>] NP_rotate
[>] NP_down
[>] NP_right
[>] NP_left
[>] NP_down
[>] NP_down
[>] NP_right
[>] NP_down
[>] NP_right
[>] NP_right
[>] NP_down
[>] NP_drop
[>] NP_newPiece shape=0
[<] NP_boardDump size=40 dump=7fc03dc024c004c000c000c000800000000000000000000000000000000000000000000000000000
[>] NP_down
[>] NP_rotate
[>] NP_down
[>] NP_right
[>] NP_down
[>] NP_down
[>] NP_left
[>] NP_left
[>] NP_down
[>] NP_down
[>] NP_drop
[>] NP_newPiece shape=15
[<] NP_boardDump size=40 dump=7fc03dc02cc00cc008c008c000800000000000000000000000000000000000000000000000000000
[>] NP_down
[>] NP_down
[>] NP_right
[>] NP_rotate
[>] NP_down
[>] NP_right
[>] NP_right
[>] NP_down
[>] NP_down
[>] NP_drop
[>] NP_newPiece shape=11
[<] NP_boardDump size=40 dump=7fc03dc02cc00cc008c008c000c000c0008000000000000000000000000000000000000000000000
[>] NP_down
[>] NP_rotate
[>] NP_down
[>] NP_right
[>] NP_down
[>] NP_drop
[>] NP_newPiece shape=7
[<] NP_boardDump size=40 dump=7fc03fc02fc00ec008c008c000c000c0008000000000000000000000000000000000000000000000
[>] NP_down
[>] NP_down
[>] NP_right
[>] NP_down
[>] NP_drop
[>] NP_newPiece shape=0
[<] NP_boardDump size=40 dump=7fc03fc02fc00fc00fc008c000c000c0008000000000000000000000000000000000000000000000
[>] NP_down
[>] NP_rotate
[>] NP_left
[>] NP_down
[>] NP_left
[>] NP_down
[>] NP_left
[>] NP_left
[>] NP_down
[>] NP_drop
[>] NP_newPiece shape=0
[<] NP_boardDump size=40 dump=7fc07fc06fc04fc04fc008c000c000c0008000000000000000000000000000000000000000000000
[>] NP_down
[>] NP_rotate
[>] NP_left
[>] NP_down
[>] NP_left
[>] NP_down
[>] NP_down
[>] NP_down
[>] NP_left
[>] NP_left
[>] NP_down
[>] NP_left
[>] NP_down
[>] NP_drop
[>] NP_clear
[<] NP_points points=2
[>] NP_giveJunk count=1
[>] NP_newPiece shape=11
[<] NP_boardDump size=40 dump=efc0cfc04fc008c000c000c000800000000000000000000000000000000000000000000000000000
[>] NP_down
[>] NP_rotate
[>] NP_down
[>] NP_left
[>] NP_rotate
[>] NP_down
[>] NP_left
[>] NP_rotate
[>] NP_down
[>] NP_down
[>] NP_drop
[>] NP_clear
[<] NP_points points=2
[>] NP_giveJunk count=1
[>] NP_newPiece shape=3
[<] NP_boardDump size=40 dump=5fc008c000c000c00080000000000000000000000000000000000000000000000000000000000000
[>] NP_down
[>] NP_rotate
[>] NP_down
[>] NP_rotate
[>] NP_down
[>] NP_rotate
[>] NP_down
[>] NP_rotate
[>] NP_rotate
[>] NP_down
[>] NP_rotate
[>] NP_right
[>] NP_down
[>] NP_drop
[>] NP_newPiece shape=3
[<] NP_boardDump size=40 dump=5fc00fc001c000c00080000000000000000000000000000000000000000000000000000000000000
[>] NP_down
[>] NP_rotate
[>] NP_down
[>] NP_rotate
[>] NP_down
[>] NP_rotate
[>] NP_rotate
[>] NP_down
[>] NP_down
[>] NP_left
[>] NP_drop
[>] NP_newPiece shape=0
[<] NP_boardDump size=40 dump=5fc01fc01dc000c00080000000000000000000000000000000000000000000000000000000000000
[>] NP_down
[>] NP_rotate
[>] NP_left
[>] NP_down
[>] NP_left
[>] NP_left
[>] NP_down
[>] NP_drop
[>] NP_newPiece shape=3
[<] NP_boardDump size=40 dump=7fc03fc03dc020c00080000000000000000000000000000000000000000000000000000000000000
[>] NP_down
[>] NP_right
[>] NP_down
[>] NP_right
[>] NP_rotate
[>] NP_down
[>] NP_rotate
[>] NP_down
[>] NP_rotate
[>] NP_down
[>] NP_rotate
[>] NP_rotate
[>] NP_down
[>] NP_left
[>] NP_left
[>] NP_down
[>] NP_down
[>] NP_left
[>] NP_left
[>] NP_down
[>] NP_drop
[>] NP_newPiece shape=7
[<] NP_boardDump size=40 dump=7fc03fc03dc038c01080100000000000000000000000000000000000000000000000000000000000
[>] NP_down
[>] NP_rotate
[>] NP_down
[>] NP_down
[>] NP_rotate
[>] NP_down
[>] NP_rotate
[>] NP_down
[>] NP_rotate
[>] NP_rotate
[>] NP_left
[>] NP_down
[>] NP_rotate
[>] NP_left
[>] NP_down
[>] NP_left
[>] NP_down
[>] NP_rotate
[>] NP_rotate
[>] NP_down
[>] NP_rotate
[>] NP_down
[>] NP_right
[>] NP_down
[>] NP_drop
[>] NP_left
[>] NP_down
[>] NP_drop
[>] NP_newPiece shape=0
[<] NP_boardDump size=40 dump=7fc03fc03dc038c03080300030000000000000000000000000000000000000000000000000000000
[>] NP_down
[>] NP_rotate
[>] NP_left
[>] NP_down
[>] NP_left
[>] NP_left
[>] NP_down
[>] NP_left
[>] NP_down
[>] NP_drop
[>] NP_newPiece shape=11
[<] NP_boardDump size=40 dump=7fc07fc07dc078c07080300030000000000000000000000000000000000000000000000000000000
[>] NP_right
[>] NP_down
[>] NP_right
[>] NP_down
[>] NP_drop
[>] NP_left
[>] NP_down
[>] NP_drop
[>] NP_newPiece shape=17
[<] NP_boardDump size=40 dump=7fc07fc07fc07fc07080300030000000000000000000000000000000000000000000000000000000
[>] NP_down
[>] NP_right
[>] NP_rotate
[>] NP_down
[>] NP_right
[>] NP_rotate
[>] NP_down
[>] NP_down
[>] NP_rotate
[>] NP_down
[>] NP_down
[>] NP_right
[>] NP_down
[>] NP_drop
[>] NP_newPiece shape=15
[<] NP_boardDump size=40 dump=7fc07fc07fc07fc07180318030800000000000000000000000000000000000000000000000000000
[>] NP_down
[>] NP_down
[>] NP_rotate
[>] NP_left
[>] NP_down
[>] NP_left
[>] NP_down
[>] NP_left
[>] NP_right
[>] NP_down
[>] NP_right
[>] NP_rotate
[>] NP_down
[>] NP_right
[>] NP_down
[>] NP_drop
[>] NP_newPiece shape=15
[<] NP_boardDump size=40 dump=7fc07fc07fc07fc07d80378030800000000000000000000000000000000000000000000000000000
[>] NP_down
[>] NP_rotate
[>] NP_down
[>] NP_right
[>] NP_down
[>] NP_rotate
[>] NP_right
[>] NP_down
[>] NP_drop
[>] NP_left
[>] NP_newPiece shape=17
[<] NP_boardDump size=40 dump=7fc07fc07fc07fc07d80378036800300000000000000000000000000000000000000000000000000
[>] NP_right
[>] NP_down
[>] NP_rotate
[>] NP_down
[>] NP_left
[>] NP_down
[>] NP_drop
[>] NP_newPiece shape=3
[<] NP_boardDump size=40 dump=7fc07fc07fc07fc07d8037803e800f00040000000000000000000000000000000000000000000000
[>] NP_rotate
[>] NP_down
[>] NP_left
[>] NP_down
[>] NP_left
[>] NP_rotate
[>] NP_down
[>] NP_rotate
[>] NP_down
[>] NP_rotate
[>] NP_down
[>] NP_right
[>] NP_down
[>] NP_left
[>] NP_rotate
[>] NP_down
[>] NP_left
[>] NP_down
[>] NP_drop
[>] NP_newPiece shape=0
[<] NP_boardDump size=40 dump=7fc07fc07fc07fc07d8037803e803f00240020000000000000000000000000000000000000000000
[>] NP_down
[>] NP_rotate
[>] NP_left
[>] NP_left
[>] NP_down
[>] NP_left
[>] NP_down
[>] NP_left
[>] NP_left
[>] NP_down
[>] NP_drop
[>] NP_clear
[<] NP_points points=4
[>] NP_giveJunk count=4
[>] NP_newPiece shape=17
[<] NP_boardDump size=40 dump=7d8037803e803f002400200000000000000000000000000000000000000000000000000000000000
[>] NP_down
[>] NP_rotate
[>] NP_down
[>] NP_down
[>] NP_down
[>] NP_down
[>] NP_down
[>] NP_down
[>] NP_down
[>] NP_drop
[>] NP_newPiece shape=15
[<] NP_boardDump size=40 dump=7d8037803e803f002c002c0004000000000000000000000000000000000000000000000000000000
[>] NP_down
[>] NP_down
[>] NP_down
[>] NP_down
[>] NP_rotate
[>] NP_down
[>] NP_right
[>] NP_down
[>] NP_right
[>] NP_right
[>] NP_down
[>] NP_drop
[>] NP_newPiece shape=15
[<] NP_boardDump size=40 dump=7d8037803ec03fc02c802c0004000000000000000000000000000000000000000000000000000000
[>] NP_down
[>] NP_rotate
[>] NP_down
[>] NP_down
[>] NP_right
[>] NP_right
[>] NP_down
[>] NP_right
[>] NP_down
[>] NP_drop
[>] NP_newPiece shape=15
[<] NP_boardDump size=40 dump=7d8037803ec03fc02cc02cc004800000000000000000000000000000000000000000000000000000
[>] NP_down
[>] NP_rotate
[>] NP_down
[>] NP_right
[>] NP_down
[>] NP_right
[>] NP_right
[>] NP_down
[>] NP_down
[>] NP_drop
[>] NP_newPiece shape=15
[<] NP_boardDump size=40 dump=7d8037803ec03fc02cc02cc004c000c0008000000000000000000000000000000000000000000000
[>] NP_down
[>] NP_rotate
[>] NP_down
[>] NP_right
[>] NP_right
[>] NP_down
[>] NP_right
[>] NP_down
[>] NP_drop
[>] NP_newPiece shape=15
[<] NP_boardDump size=40 dump=7d8037803ec03fc02cc02cc004c000c000c000c00080000000000000000000000000000000000000
[>] NP_down
[>] NP_rotate
[>] NP_down
[>] NP_right
[>] NP_right
[>] NP_down
[>] NP_right
[>] NP_down
[>] NP_drop
[>] NP_newPiece shape=11
[<] NP_boardDump size=40 dump=7d8037803ec03fc02cc02cc004c000c000c000c000c000c000800000000000000000000000000000
[>] NP_down
[>] NP_rotate
[>] NP_down
[>] NP_left
[>] NP_down
[>] NP_left
[>] NP_down
[>] NP_left
[>] NP_left
[>] NP_down
[>] NP_left
[>] NP_drop
[>] NP_newPiece shape=0
[<] NP_boardDump size=40 dump=fd80f780bec03fc02cc02cc004c000c000c000c000c000c000800000000000000000000000000000
[>] NP_down
[>] NP_rotate
[>] NP_left
[>] NP_down
[>] NP_left
[>] NP_left
[>] NP_down
[>] NP_down
[>] NP_left
[>] NP_drop
[>] NP_newPiece shape=17
[<] NP_boardDump size=40 dump=fd80f780fec07fc06cc06cc004c000c000c000c000c000c000800000000000000000000000000000
[>] NP_down
[>] NP_rotate
[>] NP_down
[>] NP_down
[>] NP_right
[>] NP_left
[>] NP_down
[>] NP_left
[>] NP_down
[>] NP_drop
[>] NP_newPiece shape=3
[<] NP_boardDump size=40 dump=fd80f780fec07fc06cc07cc01cc008c000c000c000c000c000800000000000000000000000000000
[>] NP_down
[>] NP_rotate
[>] NP_down
[>] NP_rotate
[>] NP_down
[>] NP_rotate
[>] NP_rotate
[>] NP_down
[>] NP_rotate
[>] NP_down
[>] NP_right
[>] NP_drop
[>] NP_newPiece shape=0
[<] NP_boardDump size=40 dump=fd80f780fec07fc06fc07ec01ec008c000c000c000c000c000800000000000000000000000000000
[>] NP_down
[>] NP_rotate
[>] NP_down
[>] NP_right
[>] NP_down
[>] NP_left
[>] NP_left
[>] NP_down
[>] NP_left
[>] NP_left
[>] NP_down
[>] NP_left
[>] NP_left
[>] NP_down
[>] NP_drop
[>] NP_clear
[<] NP_points points=1
[>] NP_newPiece shape=17
[<] NP_boardDump size=40 dump=fd80f780fec0efc0fec09ec008c000c000c000c000c0008000000000000000000000000000000000
[>] NP_down
[>] NP_rotate
[>] NP_down
[>] NP_left
[>] NP_left
[>] NP_down
[>] NP_rotate
[>] NP_left
[>] NP_down
[>] NP_left
[>] NP_drop
[>] NP_newPiece shape=2
[<] NP_boardDump size=40 dump=fd80f780fec0efc0fec0fec0c8c000c000c000c000c0008000000000000000000000000000000000
[>] NP_down
[>] NP_left
[>] NP_down
[>] NP_left
[>] NP_drop
[>] NP_newPiece shape=11
[<] NP_boardDump size=40 dump=fd80f780fec0efc0fec0fec0f8c030c000c000c000c0008000000000000000000000000000000000
[>] NP_down
[>] NP_rotate
[>] NP_down
[>] NP_left
[>] NP_left
[>] NP_down
[>] NP_down
[>] NP_right
[>] NP_rotate
[>] NP_down
[>] NP_rotate
[>] NP_rotate
[>] NP_down
[>] NP_rotate
[>] NP_down
[>] NP_rotate
[>] NP_rotate
[>] NP_down
[>] NP_right
[>] NP_down
[>] NP_drop
[>] NP_newPiece shape=17
[<] NP_boardDump size=40 dump=fd80f780fec0efc0fec0fec0fcc03cc004c000c000c0008000000000000000000000000000000000
[>] NP_down
[>] NP_down
[>] NP_down
[>] NP_left
[>] NP_rotate
[>] NP_down
[>] NP_left
[>] NP_left
[>] NP_down
[>] NP_drop
[>] NP_newPiece shape=3
[<] NP_boardDump size=40 dump=fd80f780fec0efc0fec0fec0fcc07cc064c020c000c0008000000000000000000000000000000000
[>] NP_down
[>] NP_rotate
[>] NP_down
[>] NP_rotate
[>] NP_rotate
[>] NP_down
[>] NP_right
[>] NP_right
[>] NP_down
[>] NP_drop
[>] NP_clear
[<] NP_points points=3
[>] NP_giveJunk count=2
[>] NP_newPiece shape=3
[<] NP_boardDump size=40 dump=fd80f780fec0efc07cc064c020c000c0008000000000000000000000000000000000000000000000
[>] NP_down
[>] NP_rotate
[>] NP_down
[>] NP_rotate
[>] NP_down
[>] NP_rotate
[>] NP_down
[>] NP_rotate
[>] NP_down
[>] NP_rotate
[>] NP_rotate
[>] NP_down
[>] NP_rotate
[>] NP_down
[>] NP_rotate
[>] NP_down
[>] NP_rotate
[>] NP_down
[>] NP_right
[>] NP_drop
[>] NP_newPiece shape=7
[<] NP_boardDump size=40 dump=fd80f780fec0efc07fc066c022c000c0008000000000000000000000000000000000000000000000
[>] NP_down
[>] NP_rotate
[>] NP_down
[>] NP_left
[>] NP_down
[>] NP_rotate
[>] NP_down
[>] NP_rotate
[>] NP_down
[>] NP_down
[>] NP_rotate
[>] NP_rotate
[>] NP_left
[>] NP_down
[>] NP_down
[>] NP_left
[>] NP_left
[>] NP_down
[>] NP_left
[>] NP_drop
[>] NP_clear
[<] NP_points points=1
[>] NP_newPiece shape=11
[<] NP_boardDump size=40 dump=fd80f780fec0efc0e6c0e2c000c00080000000000000000000000000000000000000000000000000
[>] NP_down
[>] NP_rotate
[>] NP_down
[>] NP_rotate
[>] NP_left
[>] NP_down
[>] NP_rotate
[>] NP_down
[>] NP_rotate
[>] NP_rotate
[>] NP_down
[>] NP_left
[>] NP_down
[>] NP_drop
[>] NP_clear
[<] NP_points points=1
[>] NP_newPiece shape=7
[<] NP_boardDump size=40 dump=fd80f780fec0fec0f2c000c000800000000000000000000000000000000000000000000000000000
[>] NP_down
[>] NP_rotate
[>] NP_down
[>] NP_rotate
[>] NP_down
[>] NP_rotate
[>] NP_left
[>] NP_down
[>] NP_right
[>] NP_drop
[>] NP_newPiece shape=0
[<] NP_boardDump size=40 dump=fd80f780fec0fec0fec004c004800000000000000000000000000000000000000000000000000000
[>] NP_down
[>] NP_rotate
[>] NP_down
[>] NP_right
[>] NP_right
[>] NP_down
[>] NP_drop
[>] NP_clear
[<] NP_points points=3
[>] NP_giveJunk count=2
[>] NP_newPiece shape=11
[<] NP_boardDump size=40 dump=fd80f78005c004800000000000000000000000000000000000000000000000000000000000000000
[>] NP_down
[>] NP_rotate
[>] NP_down
[>] NP_left
[>] NP_rotate
[>] NP_down
[>] NP_rotate
[>] NP_left
[>] NP_down
[>] NP_drop
[>] NP_newPiece shape=15
[<] NP_boardDump size=40 dump=fd80f78015c034801000000000000000000000000000000000000000000000000000000000000000
[>] NP_down
[>] NP_rotate
[>] NP_left
[>] NP_down
[>] NP_right
[>] NP_down
[>] NP_right
[>] NP_down
[>] NP_right
[>] NP_right
[>] NP_down
[>] NP_drop
[>] NP_newPiece shape=0
[<] NP_boardDump size=40 dump=fd80f78015c034c010c0008000000000000000000000000000000000000000000000000000000000
[>] NP_down
[>] NP_rotate
[>] NP_left
[>] NP_down
[>] NP_down
[>] NP_drop
[>] NP_newPiece shape=2
[<] NP_boardDump size=40 dump=fd80ff801dc03cc018c0008000000000000000000000000000000000000000000000000000000000
[>] NP_down
[>] NP_rotate
[>] NP_down
[>] NP_left
[>] NP_left
[>] NP_down
[>] NP_left
[>] NP_left
[>] NP_drop
[>] NP_newPiece shape=3
[<] NP_boardDump size=40 dump=fd80ff80ddc0fcc018c0008000000000000000000000000000000000000000000000000000000000
[>] NP_down
[>] NP_right
[>] NP_rotate
[>] NP_down
[>] NP_rotate
[>] NP_down
[>] NP_rotate
[>] NP_down
[>] NP_drop
[>] NP_newPiece shape=15
[<] NP_boardDump size=40 dump=fd80ff80dfc0fec01ec0008000000000000000000000000000000000000000000000000000000000
[>] NP_down
[>] NP_left
[>] NP_down
[>] NP_left
[>] NP_down
[>] NP_left
[>] NP_down
[>] NP_drop
[>] NP_newPiece shape=15
[<] NP_boardDump size=40 dump=fd80ff80dfc0fec07ec0308000000000000000000000000000000000000000000000000000000000
[>] NP_down
[>] NP_down
[>] NP_rotate
[>] NP_down
[>] NP_right
[>] NP_right
[>] NP_down
[>] NP_right
[>] NP_down
[>] NP_drop
[>] NP_newPiece shape=2
[<] NP_boardDump size=40 dump=fd80ff80dfc0fec07ec030c000c00080000000000000000000000000000000000000000000000000
[>] NP_down
[>] NP_left
[>] NP_down
[>] NP_drop
[>] NP_right
[>] NP_down
[>] NP_newPiece shape=2
[<] NP_boardDump size=40 dump=fd80ff80dfc0fec07ec03cc00cc00080000000000000000000000000000000000000000000000000
[>] NP_down
[>] NP_down
[>] NP_left
[>] NP_down
[>] NP_left
[>] NP_down
[>] NP_right
[>] NP_right
[>] NP_down
[>] NP_drop
[>] NP_newPiece shape=17
[<] NP_boardDump size=40 dump=fd80ff80dfc0fec07ec03cc00cc00c800c0000000000000000000000000000000000000000000000
[>] NP_down
[>] NP_down
[>] NP_left
[>] NP_rotate
[>] NP_down
[>] NP_left
[>] NP_left
[>] NP_down
[>] NP_left
[>] NP_down
[>] NP_drop
[>] NP_newPiece shape=2
[<] NP_boardDump size=40 dump=fd80ff80dfc0fec0fec0fcc04cc00c800c0000000000000000000000000000000000000000000000
[>] NP_down
[>] NP_down
[>] NP_left
[>] NP_left
[>] NP_down
[>] NP_drop
[>] NP_newPiece shape=7
[<] NP_boardDump size=40 dump=fd80ff80dfc0fec0fec0fcc07cc03c800c0000000000000000000000000000000000000000000000
[>] NP_down
[>] NP_down
[>] NP_down
[>] NP_rotate
[>] NP_down
[>] NP_rotate
[>] NP_down
[>] NP_down
[>] NP_rotate
[>] NP_left
[>] NP_down
[>] NP_left
[>] NP_down
[>] NP_drop
[>] NP_newPiece shape=3
[<] NP_boardDump size=40 dump=fd80ff80dfc0fec0fec0fcc07cc03c803c0010001000000000000000000000000000000000000000
[>] NP_down
[>] NP_down
[>] NP_rotate
[>] NP_rotate
[>] NP_down
[>] NP_rotate
[>] NP_right
[>] NP_down
[>] NP_right
[>] NP_down
[>] NP_drop
[>] NP_clear
[<] NP_points points=3
[>] NP_giveJunk count=2
[>] NP_newPiece shape=2
[<] NP_boardDump size=40 dump=fd80ff80dfc07cc03c803c0010001000000000000000000000000000000000000000000000000000
[>] NP_down
[>] NP_right
[>] NP_down
[>] NP_right
[>] NP_down
[>] NP_drop
[>] NP_newPiece shape=15
[<] NP_boardDump size=40 dump=fd80ff80dfc07fc03f803c0010001000000000000000000000000000000000000000000000000000
[>] NP_down
[>] NP_rotate
[>] NP_down
[>] NP_right
[>] NP_down
[>] NP_right
[>] NP_right
[>] NP_down
[>] NP_drop
[>] NP_newPiece shape=3
[<] NP_boardDump size=40 dump=fd80ff80dfc07fc03fc03cc010801000000000000000000000000000000000000000000000000000
[>] NP_rotate
[>] NP_down
[>] NP_rotate
[>] NP_down
[>] NP_rotate
[>] NP_down
[>] NP_rotate
[>] NP_down
[>] NP_rotate
[>] NP_down
[>] NP_right
[>] NP_drop
[>] NP_newPiece shape=7
[<] NP_boardDump size=40 dump=fd80ff80dfc07fc03fc03fc012801200000000000000000000000000000000000000000000000000
[>] NP_down
[>] NP_rotate
[>] NP_down
[>] NP_rotate
[>] NP_rotate
[>] NP_down
[>] NP_rotate
[>] NP_down
[>] NP_rotate
[>] NP_rotate
[>] NP_down
[>] NP_rotate
[>] NP_left
[>] NP_down
[>] NP_right
[>] NP_drop
[>] NP_newPiece shape=15
[<] NP_boardDump size=40 dump=fd80ff80dfc07fc03fc03fc01e801600040000000000000000000000000000000000000000000000
[>] NP_down
[>] NP_rotate
[>] NP_down
[>] NP_left
[>] NP_right
[>] NP_down
[>] NP_right
[>] NP_down
[>] NP_right
[>] NP_right
[>] NP_down
[>] NP_drop
[>] NP_newPiece shape=7
[<] NP_boardDump size=40 dump=fd80ff80dfc07fc03fc03fc01ec016c0048000000000000000000000000000000000000000000000
[>] NP_down
[>] NP_down
[>] NP_rotate
[>] NP_down
[>] NP_left
[>] NP_left
[>] NP_down
[>] NP_left
[>] NP_left
[>] NP_down
[>] NP_left
[>] NP_down
[>] NP_right
[>] NP_down
[>] NP_drop
[>] NP_newPiece shape=15
[<] NP_boardDump size=40 dump=fd80ff80dfc07fc07fc07fc07ec016c0048000000000000000000000000000000000000000000000
[>] NP_down
[>] NP_rotate
[>] NP_down
[>] NP_right
[>] NP_right
[>] NP_down
[>] NP_right
[>] NP_drop
[>] NP_newPiece shape=2
[<] NP_boardDump size=40 dump=fd80ff80dfc07fc07fc07fc07ec016c004c000c00080000000000000000000000000000000000000
[>] NP_down
[>] NP_left
[>] NP_down
[>] NP_left
[>] NP_left
[>] NP_down
[>] NP_drop
[>] NP_newPiece shape=17
[<] NP_boardDump size=40 dump=fd80ff80dfc07fc07fc07fc07ec076c064c000c00080000000000000000000000000000000000000
[>] NP_down
[>] NP_right
[>] NP_rotate
[>] NP_left
[>] NP_down
[>] NP_right
[>] NP_down
[>] NP_left
[>] NP_down
[>] NP_left
[>] NP_rotate
[>] NP_down
[>] NP_left
[>] NP_down
[>] NP_drop
[>] NP_newPiece shape=7
[<] NP_boardDump size=40 dump=fd80ff80dfc07fc07fc07fc07ec076c07cc030c00080000000000000000000000000000000000000
[>] NP_down
[>] NP_rotate
[>] NP_rotate
[>] NP_down
[>] NP_rotate
[>] NP_down
[>] NP_rotate
[>] NP_left
[>] NP_down
[>] NP_left
[>] NP_down
[>] NP_drop
[>] NP_newPiece shape=3
[<] NP_boardDump size=40 dump=fd80ff80dfc07fc07fc07fc07ec076c07cc038c03880000000000000000000000000000000000000
[>] NP_down
[>] NP_rotate
[>] NP_rotate
[>] NP_down
[>] NP_rotate
[>] NP_right
[>] NP_down
[>] NP_right
[>] NP_down
[>] NP_drop
[>] NP_newPiece shape=15
[<] NP_boardDump size=40 dump=fd80ff80dfc07fc07fc07fc07fc077c07fc038c03880000000000000000000000000000000000000
[>] NP_down
[>] NP_right
[>] NP_right
[>] NP_down
[>] NP_rotate
[>] NP_right
[>] NP_down
[>] NP_down
[>] NP_drop
[>] NP_newPiece shape=3
[<] NP_boardDump size=40 dump=fd80ff80dfc07fc07fc07fc07fc077c07fc038c038c000c000800000000000000000000000000000
[>] NP_down
[>] NP_rotate
[>] NP_down
[>] NP_right
[>] NP_rotate
[>] NP_down
[>] NP_down
[>] NP_rotate
[>] NP_down
[>] NP_rotate
[>] NP_rotate
[>] NP_down
[>] NP_rotate
[>] NP_drop
[>] NP_newPiece shape=15
[<] NP_boardDump size=40 dump=fd80ff80dfc07fc07fc07fc07fc077c07fc03fc039c000c000800000000000000000000000000000
[>] NP_down
[>] NP_down
[>] NP_right
[>] NP_down
[>] NP_drop
[>] NP_newPiece shape=3
[<] NP_boardDump size=40 dump=fd80ff80dfc07fc07fc07fc07fc077c07fc03fc03fc003c000800000000000000000000000000000
[>] NP_down
[>] NP_rotate
[>] NP_down
[>] NP_rotate
[>] NP_down
[>] NP_left
[>] NP_down
[>] NP_drop
[>] NP_newPiece shape=2
[<] NP_boardDump size=40 dump=fd80ff80dfc07fc07fc07fc07fc077c07fc03fc03fc01fc004800000000000000000000000000000
[>] NP_down
[>] NP_rotate
[>] NP_left
[>] NP_down
[>] NP_left
[>] NP_left
[>] NP_down
[>] NP_left
[>] NP_drop
[>] NP_clear
[<] NP_points points=2
[>] NP_giveJunk count=1
[>] NP_newPiece shape=7
[<] NP_boardDump size=40 dump=fd80ff80dfc07fc07fc07fc07fc077c07fc01fc00480000000000000000000000000000000000000
[>] NP_down
[>] NP_rotate
[>] NP_down
[>] NP_left
[>] NP_left
[>] NP_down
[>] NP_left
[>] NP_left
[>] NP_down
[>] NP_left
[>] NP_drop
[>] NP_clear
[<] NP_points points=1
[>] NP_newPiece shape=7
[<] NP_boardDump size=40 dump=fd80ff80dfc07fc07fc07fc07fc0f7c0dfc004800000000000000000000000000000000000000000
[>] NP_down
[>] NP_left
[>] NP_left
[>] NP_down
[>] NP_left
[>] NP_left
[>] NP_down
[>] NP_drop
[>] NP_clear
[<] NP_points points=1
[>] NP_newPiece shape=17
[<] NP_boardDump size=40 dump=fd80ff80dfc07fc07fc07fc07fc0f7c0e48000000000000000000000000000000000000000000000
[>] NP_down
[>] NP_rotate
[>] NP_left
[>] NP_down
[>] NP_right
[>] NP_down
[>] NP_right
[>] NP_right
[>] NP_rotate
[>] NP_down
[>] NP_right
[>] NP_down
[>] NP_left
[>] NP_left
[>] NP_down
[>] NP_drop
[>] NP_newPiece shape=2
[<] NP_boardDump size=40 dump=fd80ff80dfc07fc07fc07fc07fc0f7c0e78006000000000000000000000000000000000000000000
[>] NP_down
[>] NP_right
[>] NP_down
[>] NP_right
[>] NP_left
[>] NP_down
[>] NP_left
[>] NP_left
[>] NP_down
[>] NP_left
[>] NP_left
[>] NP_down
[>] NP_drop
[>] NP_newPiece shape=2
[<] NP_boardDump size=40 dump=fd80ff80dfc07fc07fc07fc07fc0f7c0e78066006000000000000000000000000000000000000000
[>] NP_down
[>] NP_right
[>] NP_down
[>] NP_down
[>] NP_down
[>] NP_right
[>] NP_down
[>] NP_left
[>] NP_down
[>] NP_drop
[>] NP_newPiece shape=2
[<] NP_boardDump size=40 dump=fd80ff80dfc07fc07fc07fc07fc0f7c0e78066006600060000000000000000000000000000000000
[>] NP_down
[>] NP_right
[>] NP_down
[>] NP_down
[>] NP_drop
[>] NP_newPiece shape=3
[<] NP_boardDump size=40 dump=fd80ff80dfc07fc07fc07fc07fc0f7c0e78066006600060006000600000000000000000000000000
[>] NP_down
[>] NP_right
[>] NP_rotate
[>] NP_down
[>] NP_left
[>] NP_down
[>] NP_rotate
[>] NP_left
[>] NP_down
[>] NP_down
[>] NP_rotate
[>] NP_rotate
[>] NP_down
[>] NP_newPiece shape=0
[<] NP_boardDump size=40 dump=fd80ff80dfc07fc07fc07fc07fc0f7c0e780660066000600060016001c0000000000000000000000
[>] NP_left
[>] NP_down
[>] NP_rotate
[>] NP_down
[>] NP_left
[>] NP_newPiece shape=11
[<] NP_boardDump size=40 dump=fd80ff80dfc07fc07fc07fc07fc0f7c0e780660066000600060016001c0010001000100010000000
[>] NP_left
[>] NP_down
[<] NP_endConn
