[+] Game: single player
[<] NP_version
[>] NP_version
[<] NP_startConn
[>] NP_startConn
[<] NP_userName
[>] NP_userName
[>] NP_newPiece shape=15
[<] NP_boardDump size=40 dump=00000000000000000000000000000000000000000000000000000000000000000000000000000000
[>] NP_down
[>] NP_down
[>] NP_rotate
[>] NP_down
[>] NP_right
[>] NP_down
[>] NP_rotate
[>] NP_right
[>] NP_down
[>] NP_right
[>] NP_down
[>] NP_drop
[>] NP_newPiece shape=17
[<] NP_boardDump size=40 dump=018000c0000000000000000000000000000000000000000000000000000000000000000000000000
[>] NP_rotate
[>] NP_down
[>] NP_down
[>] NP_right
[>] NP_right
[>] NP_down
[>] NP_drop
[>] NP_newPiece shape=17
[<] NP_boardDump size=40 dump=038003c0010000000000000000000000000000000000000000000000000000000000000000000000
[>] NP_left
[>] NP_down
[>] NP_rotate
[>] NP_down
[>] NP_rotate
[>] NP_down
[>] NP_down
[>] NP_drop
[>] NP_newPiece shape=0
[<] NP_boardDump size=40 dump=0f801bc0010000000000000000000000000000000000000000000000000000000000000000000000
[>] NP_rotate
[>] NP_down
[>] NP_left
[>] NP_left
[>] NP_down
[>] NP_left
[>] NP_left
[>] NP_down
[>] NP_left
[>] NP_down
[>] NP_drop
[>] NP_right
[>] NP_newPiece shape=2
[<] NP_boardDump size=40 dump=4f805bc0410040000000000000000000000000000000000000000000000000000000000000000000
[>] NP_down
[>] NP_rotate
[>] NP_down
[>] NP_right
[>] NP_down
[>] NP_right
[>] NP_down
[>] NP_right
[>] NP_down
[>] NP_drop
[>] NP_right
[>] NP_down
[>] NP_newPiece shape=3
[<] NP_boardDump size=40 dump=4f805bc041c040c00000000000000000000000000000000000000000000000000000000000000000
[>] NP_left
[>] NP_down
[>] NP_rotate
[>] NP_down
[>] NP_rotate
[>] NP_down
[>] NP_rotate
[>] NP_right
[>] NP_down
[>] NP_rotate
[>] NP_down
[>] NP_rotate
[>] NP_down
[>] NP_rotate
[>] NP_down
[>] NP_rotate
[>] NP_down
[>] NP_rotate
[>] NP_rotate
[>] NP_down
[>] NP_right
[>] NP_right
[>] NP_down
[>] NP_right
[>] NP_down
[>] NP_drop
[>] NP_newPiece shape=3
[<] NP_boardDump size=40 dump=4f805bc041c040c000c0008000800000000000000000000000000000000000000000000000000000
[>] NP_rotate
[>] NP_down
[>] NP_down
[>] NP_rotate
[>] NP_rotate
[>] NP_down
[>] NP_down
[>] NP_rotate
[>] NP_rotate
[>] NP_down
[>] NP_rotate
[>] NP_down
[>] NP_rotate
[>] NP_right
[>] NP_down
[>] NP_right
[>] NP_right
[>] NP_down
[>] NP_right
[>] NP_down
[>] NP_drop
[>] NP_newPiece shape=7
[<] NP_boardDump size=40 dump=4f805bc041c040c000c000c000c000c0000000000000000000000000000000000000000000000000
[>] NP_down
[>] NP_rotate
[>] NP_left
[>] NP_down
[>] NP_left
[>] NP_left
[>] NP_down
[>] NP_left
[>] NP_down
[>] NP_right
[>] NP_down
[>] NP_drop
[>] NP_newPiece shape=11
[<] NP_boardDump size=40 dump=6f807bc071c040c000c000c000c000c0000000000000000000000000000000000000000000000000
[>] NP_down
[>] NP_down
[>] NP_drop
[>] NP_newPiece shape=17
[<] NP_boardDump size=40 dump=6f807fc07fc040c000c000c000c000c0000000000000000000000000000000000000000000000000
[>] NP_down
[>] NP_rotate
[>] NP_down
[>] NP_left
[>] NP_down
[>] NP_rotate
[>] NP_left
[>] NP_down
[>] NP_left
[>] NP_down
[>] NP_drop
[>] NP_newPiece shape=2
[<] NP_boardDump size=40 dump=6f807fc07fc070c060c000c000c000c0000000000000000000000000000000000000000000000000
[>] NP_rotate
[>] NP_down
[>] NP_right
[>] NP_down
[>] NP_drop
[>] NP_right
[>] NP_newPiece shape=15
[<] NP_boardDump size=40 dump=6f807fc07fc073c063c000c000c000c0000000000000000000000000000000000000000000000000
[>] NP_down
[>] NP_down
[>] NP_rotate
[>] NP_left
[>] NP_down
[>] NP_left
[>] NP_down
[>] NP_drop
[>] NP_newPiece shape=0
[<] NP_boardDump size=40 dump=6f807fc07fc07bc07bc010c000c000c0000000000000000000000000000000000000000000000000
[>] NP_down
[>] NP_rotate
[>] NP_down
[>] NP_left
[>] NP_down
[>] NP_left
[>] NP_down
[>] NP_left
[>] NP_left
[>] NP_down
[>] NP_left
[>] NP_drop
[>] NP_clear
[<] NP_points points=2
[>] NP_giveJunk count=1
[>] NP_newPiece shape=3
[<] NP_boardDump size=40 dump=ef80fbc07bc010c000c000c000000000000000000000000000000000000000000000000000000000
[>] NP_down
[>] NP_rotate
[>] NP_down
[>] NP_rotate
[>] NP_rotate
[>] NP_down
[>] NP_drop
[>] NP_clear
[<] NP_points points=1
[>] NP_newPiece shape=11
[<] NP_boardDump size=40 dump=ef807fc01cc000c000c0000000000000000000000000000000000000000000000000000000000000
[>] NP_down
[>] NP_left
[>] NP_down
[>] NP_rotate
[>] NP_left
[>] NP_down
[>] NP_left
[>] NP_left
[>] NP_down
[>] NP_left
[>] NP_down
[>] NP_drop
[>] NP_clear
[<] NP_points points=1
[>] NP_newPiece shape=15
[<] NP_boardDump size=40 dump=ef80dcc080c000c00000000000000000000000000000000000000000000000000000000000000000
[>] NP_down
[>] NP_rotate
[>] NP_down
[>] NP_left
[>] NP_down
[>] NP_left
[>] NP_left
[>] NP_down
[>] NP_left
[>] NP_left
[>] NP_down
[>] NP_drop
[>] NP_right
[>] NP_down
[>] NP_newPiece shape=0
[<] NP_boardDump size=40 dump=ef80fcc0e0c040c00000000000000000000000000000000000000000000000000000000000000000
[>] NP_down
[>] NP_right
[>] NP_rotate
[>] NP_down
[>] NP_right
[>] NP_drop
[>] NP_newPiece shape=2
[<] NP_boardDump size=40 dump=ef80fdc0e1c041c00100000000000000000000000000000000000000000000000000000000000000
[>] NP_down
[>] NP_rotate
[>] NP_down
[>] NP_right
[>] NP_right
[>] NP_down
[>] NP_right
[>] NP_right
[>] NP_down
[>] NP_drop
[>] NP_newPiece shape=3
[<] NP_boardDump size=40 dump=ef80fdc0e1c041c001c000c000000000000000000000000000000000000000000000000000000000
[>] NP_rotate
[>] NP_down
[>] NP_rotate
[>] NP_down
[>] NP_rotate
[>] NP_rotate
[>] NP_down
[>] NP_down
[>] NP_rotate
[>] NP_down
[>] NP_left
[>] NP_left
[>] NP_down
[>] NP_drop
[>] NP_newPiece shape=0
[<] NP_boardDump size=40 dump=ef80fdc0f9c051c011c000c000000000000000000000000000000000000000000000000000000000
[>] NP_down
[>] NP_rotate
[>] NP_down
[>] NP_right
[>] NP_drop
[>] NP_clear
[<] NP_points points=1
[>] NP_newPiece shape=11
[<] NP_boardDump size=40 dump=ef80fbc053c013c000c0000000000000000000000000000000000000000000000000000000000000
[>] NP_down
[>] NP_rotate
[>] NP_rotate
[>] NP_down
[>] NP_rotate
[>] NP_down
[>] NP_drop
[>] NP_clear
[<] NP_points points=1
[>] NP_newPiece shape=0
[<] NP_boardDump size=40 dump=ef805fc017c000c00000000000000000000000000000000000000000000000000000000000000000
[>] NP_down
[>] NP_rotate
[>] NP_left
[>] NP_down
[>] NP_left
[>] NP_left
[>] NP_down
[>] NP_left
[>] NP_down
[>] NP_drop
[>] NP_right
[>] NP_down
[>] NP_newPiece shape=15
[<] NP_boardDump size=40 dump=ef807fc037c020c02000000000000000000000000000000000000000000000000000000000000000
[>] NP_rotate
[>] NP_down
[>] NP_left
[>] NP_down
[>] NP_right
[>] NP_down
[>] NP_rotate
[>] NP_left
[>] NP_down
[>] NP_rotate
[>] NP_left
[>] NP_down
[>] NP_drop
[>] NP_newPiece shape=2
[<] NP_boardDump size=40 dump=ef807fc03fc038c03000000000000000000000000000000000000000000000000000000000000000
[>] NP_rotate
[>] NP_down
[>] NP_left
[>] NP_right
[>] NP_down
[>] NP_right
[>] NP_down
[>] NP_drop
[>] NP_newPiece shape=2
[<] NP_boardDump size=40 dump=ef807fc03fc03ec03600000000000000000000000000000000000000000000000000000000000000
[>] NP_down
[>] NP_rotate
[>] NP_right
[>] NP_down
[>] NP_right
[>] NP_right
[>] NP_down
[>] NP_right
[>] NP_down
[>] NP_drop
[>] NP_newPiece shape=3
[<] NP_boardDump size=40 dump=ef807fc03fc03ec036c000c000000000000000000000000000000000000000000000000000000000
[>] NP_rotate
[>] NP_down
[>] NP_left
[>] NP_down
[>] NP_left
[>] NP_rotate
[>] NP_down
[>] NP_rotate
[>] NP_down
[>] NP_right
[>] NP_right
[>] NP_down
[>] NP_right
[>] NP_right
[>] NP_down
[>] NP_drop
[>] NP_newPiece shape=17
[<] NP_boardDump size=40 dump=ef807fc03fc03fc037c003c000000000000000000000000000000000000000000000000000000000
[>] NP_down
[>] NP_left
[>] NP_rotate
[>] NP_down
[>] NP_left
[>] NP_down
[>] NP_left
[>] NP_left
[>] NP_down
[>] NP_drop
[>] NP_clear
[<] NP_points points=2
[>] NP_giveJunk count=1
[>] NP_newPiece shape=17
[<] NP_boardDump size=40 dump=ef807fc037c003c00000000000000000000000000000000000000000000000000000000000000000
[>] NP_down
[>] NP_left
[>] NP_down
[>] NP_rotate
[>] NP_left
[>] NP_down
[>] NP_left
[>] NP_left
[>] NP_down
[>] NP_drop
[>] NP_clear
[<] NP_points points=1
[>] NP_newPiece shape=15
[<] NP_boardDump size=40 dump=ef80f7c043c000000000000000000000000000000000000000000000000000000000000000000000
[>] NP_down
[>] NP_rotate
[>] NP_down
[>] NP_right
[>] NP_left
[>] NP_down
[>] NP_left
[>] NP_left
[>] NP_down
[>] NP_drop
[>] NP_clear
[<] NP_points points=1
[>] NP_newPiece shape=3
[<] NP_boardDump size=40 dump=ef805bc0100000000000000000000000000000000000000000000000000000000000000000000000
[>] NP_down
[>] NP_down
[>] NP_drop
[>] NP_right
[>] NP_down
[>] NP_newPiece shape=0
[<] NP_boardDump size=40 dump=ef805fc0170000000000000000000000000000000000000000000000000000000000000000000000
[>] NP_rotate
[>] NP_down
[>] NP_left
[>] NP_down
[>] NP_left
[>] NP_left
[>] NP_down
[>] NP_left
[>] NP_left
[>] NP_down
[>] NP_drop
[>] NP_newPiece shape=0
[<] NP_boardDump size=40 dump=ef80dfc0970080008000000000000000000000000000000000000000000000000000000000000000
[>] NP_down
[>] NP_rotate
[>] NP_left
[>] NP_down
[>] NP_left
[>] NP_left
[>] NP_down
[>] NP_left
[>] NP_drop
[>] NP_newPiece shape=3
[<] NP_boardDump size=40 dump=ef80dfc0d700c000c000400000000000000000000000000000000000000000000000000000000000
[>] NP_down
[>] NP_rotate
[>] NP_down
[>] NP_rotate
[>] NP_down
[>] NP_rotate
[>] NP_down
[>] NP_rotate
[>] NP_down
[>] NP_rotate
[>] NP_rotate
[>] NP_down
[>] NP_rotate
[>] NP_down
[>] NP_rotate
[>] NP_down
[>] NP_drop
[>] NP_newPiece shape=15
[<] NP_boardDump size=40 dump=ef80dfc0df00ce00c000400000000000000000000000000000000000000000000000000000000000
[>] NP_down
[>] NP_rotate
[>] NP_down
[>] NP_down
[>] NP_right
[>] NP_right
[>] NP_down
[>] NP_drop
[>] NP_newPiece shape=15
[<] NP_boardDump size=40 dump=ef80dfc0df80cf80c100400000000000000000000000000000000000000000000000000000000000
[>] NP_down
[>] NP_down
[>] NP_rotate
[>] NP_down
[>] NP_rotate
[>] NP_down
[>] NP_drop
[>] NP_newPiece shape=2
[<] NP_boardDump size=40 dump=ef80dfc0df80cf80cd00460000000000000000000000000000000000000000000000000000000000
[>] NP_right
[>] NP_down
[>] NP_down
[>] NP_left
[>] NP_left
[>] NP_down
[>] NP_left
[>] NP_down
[>] NP_drop
[>] NP_newPiece shape=7
[<] NP_boardDump size=40 dump=ef80dfc0df80ff80fd00460000000000000000000000000000000000000000000000000000000000
[>] NP_down
[>] NP_rotate
[>] NP_rotate
[>] NP_down
[>] NP_rotate
[>] NP_down
[>] NP_rotate
[>] NP_down
[>] NP_rotate
[>] NP_down
[>] NP_rotate
[>] NP_rotate
[>] NP_down
[>] NP_left
[>] NP_down
[>] NP_rotate
[>] NP_rotate
[>] NP_down
[>] NP_rotate
[>] NP_left
[>] NP_down
[>] NP_drop
[>] NP_newPiece shape=0
[<] NP_boardDump size=40 dump=ef80dfc0df80ff80fd007e0020000000000000000000000000000000000000000000000000000000
[>] NP_down
[>] NP_rotate
[>] NP_right
[>] NP_down
[>] NP_right
[>] NP_right
[>] NP_down
[>] NP_right
[>] NP_down
[>] NP_drop
[>] NP_clear
[<] NP_points points=1
[>] NP_newPiece shape=3
[<] NP_boardDump size=40 dump=ef80dfc0dfc0fd407e40200000000000000000000000000000000000000000000000000000000000
[>] NP_down
[>] NP_right
[>] NP_rotate
[>] NP_down
[>] NP_rotate
[>] NP_rotate
[>] NP_down
[>] NP_rotate
[>] NP_down
[>] NP_rotate
[>] NP_left
[>] NP_down
[>] NP_rotate
[>] NP_left
[>] NP_down
[>] NP_drop
[>] NP_newPiece shape=17
[<] NP_boardDump size=40 dump=ef80dfc0dfc0fd407e403c0004000000000000000000000000000000000000000000000000000000
[>] NP_down
[>] NP_rotate
[>] NP_down
[>] NP_down
[>] NP_right
[>] NP_down
[>] NP_left
[>] NP_down
[>] NP_rotate
[>] NP_down
[>] NP_left
[>] NP_rotate
[>] NP_down
[>] NP_left
[>] NP_left
[>] NP_down
[>] NP_left
[>] NP_down
[>] NP_drop
[>] NP_newPiece shape=3
[<] NP_boardDump size=40 dump=ef80dfc0dfc0fd40fe40fc0044000000000000000000000000000000000000000000000000000000
[>] NP_rotate
[>] NP_down
[>] NP_rotate
[>] NP_down
[>] NP_rotate
[>] NP_down
[>] NP_left
[>] NP_rotate
[>] NP_down
[>] NP_rotate
[>] NP_rotate
[>] NP_down
[>] NP_left
[>] NP_down
[>] NP_drop
[>] NP_newPiece shape=17
[<] NP_boardDump size=40 dump=ef80dfc0dfc0fd40fe40fc007c000800000000000000000000000000000000000000000000000000
[>] NP_down
[>] NP_rotate
[>] NP_down
[>] NP_left
[>] NP_left
[>] NP_down
[>] NP_left
[>] NP_left
[>] NP_down
[>] NP_drop
[>] NP_newPiece shape=7
[<] NP_boardDump size=40 dump=ef80dfc0dfc0fd40fe40fc00fc00c800400000000000000000000000000000000000000000000000
[>] NP_rotate
[>] NP_down
[>] NP_right
[>] NP_rotate
[>] NP_down
[>] NP_rotate
[>] NP_down
[>] NP_left
[>] NP_down
[>] NP_left
[>] NP_left
[>] NP_down
[>] NP_drop
[>] NP_newPiece shape=7
[<] NP_boardDump size=40 dump=ef80dfc0dfc0fd40fe40fc00fc00f800500010000000000000000000000000000000000000000000
[>] NP_right
[>] NP_down
[>] NP_rotate
[>] NP_down
[>] NP_left
[>] NP_down
[>] NP_left
[>] NP_left
[>] NP_down
[>] NP_left
[>] NP_drop
[>] NP_newPiece shape=7
[<] NP_boardDump size=40 dump=ef80dfc0dfc0fd40fe40fc00fc00f800700030003000000000000000000000000000000000000000
[>] NP_rotate
[>] NP_down
[>] NP_down
[>] NP_left
[>] NP_down
[>] NP_rotate
[>] NP_rotate
[>] NP_down
[>] NP_right
[>] NP_down
[>] NP_down
[>] NP_right
[>] NP_right
[>] NP_down
[>] NP_drop
[>] NP_right
[>] NP_down
[>] NP_clear
[<] NP_points points=1
[>] NP_newPiece shape=11
[<] NP_boardDump size=40 dump=ef80dfc0dfc0fd40fc80fc80f8007000300030000000000000000000000000000000000000000000
[>] NP_down
[>] NP_down
[>] NP_rotate
[>] NP_right
[>] NP_down
[>] NP_drop
[>] NP_newPiece shape=7
[<] NP_boardDump size=40 dump=ef80dfc0dfc0ff40ff80fe80f8007000300030000000000000000000000000000000000000000000
[>] NP_down
[>] NP_rotate
[>] NP_down
[>] NP_rotate
[>] NP_down
[>] NP_rotate
[>] NP_down
[>] NP_rotate
[>] NP_down
[>] NP_right
[>] NP_drop
[>] NP_newPiece shape=0
[<] NP_boardDump size=40 dump=ef80dfc0dfc0ff40ff80ff80ff007000300030000000000000000000000000000000000000000000
[>] NP_down
[>] NP_rotate
[>] NP_right
[>] NP_down
[>] NP_right
[>] NP_right
[>] NP_down
[>] NP_right
[>] NP_drop
[>] NP_clear
[<] NP_points points=2
[>] NP_giveJunk count=1
[>] NP_newPiece shape=0
[<] NP_boardDump size=40 dump=ef80dfc0dfc0ff40ff40704030003000000000000000000000000000000000000000000000000000
[>] NP_down
[>] NP_rotate
[>] NP_right
[>] NP_down
[>] NP_right
[>] NP_down
[>] NP_right
[>] NP_drop
[>] NP_clear
[<] NP_points points=2
[>] NP_giveJunk count=1
[>] NP_newPiece shape=7
[<] NP_boardDump size=40 dump=ef80dfc0dfc070c03080300000000000000000000000000000000000000000000000000000000000
[>] NP_down
[>] NP_rotate
[>] NP_down
[>] NP_rotate
[>] NP_down
[>] NP_drop
[>] NP_newPiece shape=0
[<] NP_boardDump size=40 dump=ef80dfc0dfc07ec03880300000000000000000000000000000000000000000000000000000000000
[>] NP_right
[>] NP_down
[>] NP_rotate
[>] NP_right
[>] NP_down
[>] NP_drop
[>] NP_newPiece shape=7
[<] NP_boardDump size=40 dump=ef80dfc0dfc07fc03980310001000000000000000000000000000000000000000000000000000000
[>] NP_down
[>] NP_rotate
[>] NP_down
[>] NP_rotate
[>] NP_down
[>] NP_rotate
[>] NP_down
[>] NP_drop
[>] NP_right
[>] NP_down
[>] NP_newPiece shape=3
[<] NP_boardDump size=40 dump=ef80dfc0dfc07fc03f80330003000000000000000000000000000000000000000000000000000000
[>] NP_down
[>] NP_rotate
[>] NP_down
[>] NP_rotate
[>] NP_down
[>] NP_rotate
[>] NP_down
[>] NP_left
[>] NP_rotate
[>] NP_down
[>] NP_rotate
[>] NP_down
[>] NP_drop
[>] NP_newPiece shape=15
[<] NP_boardDump size=40 dump=ef80dfc0dfc07fc03f803f000b000800000000000000000000000000000000000000000000000000
[>] NP_down
[>] NP_rotate
[>] NP_left
[>] NP_down
[>] NP_right
[>] NP_down
[>] NP_right
[>] NP_right
[>] NP_down
[>] NP_drop
[>] NP_newPiece shape=2
[<] NP_boardDump size=40 dump=ef80dfc0dfc07fc03f803f000b800980010000000000000000000000000000000000000000000000
[>] NP_right
[>] NP_down
[>] NP_left
[>] NP_down
[>] NP_left
[>] NP_down
[>] NP_left
[>] NP_drop
[>] NP_newPiece shape=0
[<] NP_boardDump size=40 dump=ef80dfc0dfc07fc03f803f003b803980010000000000000000000000000000000000000000000000
[>] NP_down
[>] NP_rotate
[>] NP_left
[>] NP_down
[>] NP_left
[>] NP_right
[>] NP_down
[>] NP_right
[>] NP_down
[>] NP_right
[>] NP_right
[>] NP_down
[>] NP_right
[>] NP_drop
[>] NP_newPiece shape=15
[<] NP_boardDump size=40 dump=ef80dfc0dfc07fc03f803f003b803980018000800080008000000000000000000000000000000000
[>] NP_right
[>] NP_down
[>] NP_left
[>] NP_rotate
[>] NP_down
[>] NP_left
[>] NP_down
[>] NP_left
[>] NP_down
[>] NP_left
[>] NP_rotate
[>] NP_left
[>] NP_down
[>] NP_down
[>] NP_right
[>] NP_right
[>] NP_down
[>] NP_rotate
[>] NP_down
[>] NP_right
[>] NP_right
[>] NP_down
[>] NP_left
[>] NP_down
[>] NP_drop
[>] NP_newPiece shape=7
[<] NP_boardDump size=40 dump=ef80dfc0dfc07fc03f803f003b803d800d8008800080008000000000000000000000000000000000
[>] NP_rotate
[>] NP_down
[>] NP_left
[>] NP_down
[>] NP_left
[>] NP_rotate
[>] NP_down
[>] NP_rotate
[>] NP_down
[>] NP_left
[>] NP_left
[>] NP_down
[>] NP_drop
[>] NP_newPiece shape=2
[<] NP_boardDump size=40 dump=ef80dfc0dfc07fc0ff807f007b803d800d8008800080008000000000000000000000000000000000
[>] NP_down
[>] NP_rotate
[>] NP_down
[>] NP_left
[>] NP_left
[>] NP_down
[>] NP_drop
[>] NP_newPiece shape=11
[<] NP_boardDump size=40 dump=ef80dfc0dfc07fc0ff807f007b803d803d8038800080008000000000000000000000000000000000
[>] NP_down
[>] NP_rotate
[>] NP_down
[>] NP_rotate
[>] NP_rotate
[>] NP_down
[>] NP_left
[>] NP_down
[>] NP_rotate
[>] NP_down
[>] NP_left
[>] NP_left
[>] NP_down
[>] NP_rotate
[>] NP_left
[>] NP_down
[>] NP_left
[>] NP_drop
[>] NP_newPiece shape=0
[<] NP_boardDump size=40 dump=ef80dfc0dfc07fc0ff807f00fb80fd80bd8038800080008000000000000000000000000000000000
[>] NP_down
[>] NP_rotate
[>] NP_right
[>] NP_down
[>] NP_right
[>] NP_right
[>] NP_down
[>] NP_right
[>] NP_down
[>] NP_drop
[>] NP_clear
[<] NP_points points=1
[>] NP_newPiece shape=17
[<] NP_boardDump size=40 dump=ef80dfc0dfc07fc07f40fbc0fdc0bd80388000800080000000000000000000000000000000000000
[>] NP_down
[>] NP_down
[>] NP_rotate
[>] NP_left
[>] NP_down
[>] NP_left
[>] NP_right
[>] NP_down
[>] NP_rotate
[>] NP_down
[>] NP_right
[>] NP_right
[>] NP_down
[>] NP_rotate
[>] NP_down
[>] NP_drop
[>] NP_right
[>] NP_down
[>] NP_newPiece shape=15
[<] NP_boardDump size=40 dump=ef80dfc0dfc07fc07f40fbc0fdc0bf803b8001800080000000000000000000000000000000000000
[>] NP_down
[>] NP_rotate
[>] NP_down
[>] NP_right
[>] NP_down
[>] NP_left
[>] NP_left
[>] NP_down
[>] NP_left
[>] NP_left
[>] NP_down
[>] NP_left
[>] NP_left
[>] NP_down
[>] NP_drop
[>] NP_newPiece shape=0
[<] NP_boardDump size=40 dump=ef80dfc0dfc07fc07f40fbc0fdc0ff80fb8081800080000000000000000000000000000000000000
[>] NP_down
[>] NP_rotate
[>] NP_right
[>] NP_down
[>] NP_right
[>] NP_right
[>] NP_down
[>] NP_right
[>] NP_down
[>] NP_drop
[>] NP_clear
[<] NP_points points=1
[>] NP_newPiece shape=15
[<] NP_boardDump size=40 dump=ef80dfc0dfc07fc07f40fbc0fdc0fbc081c000c00000000000000000000000000000000000000000
[>] NP_down
[>] NP_rotate
[>] NP_right
[>] NP_down
[>] NP_left
[>] NP_down
[>] NP_left
[>] NP_left
[>] NP_down
[>] NP_drop
[>] NP_newPiece shape=0
[<] NP_boardDump size=40 dump=ef80dfc0dfc07fc07f40fbc0fdc0fbc089c018c01000000000000000000000000000000000000000
[>] NP_right
[>] NP_down
[>] NP_rotate
[>] NP_down
[>] NP_left
[>] NP_down
[>] NP_drop
[>] NP_clear
[<] NP_points points=1
[>] NP_newPiece shape=7
[<] NP_boardDump size=40 dump=ef80dfc0dfc07fc07f40fbc0fdc08dc01cc014000000000000000000000000000000000000000000
[>] NP_down
[>] NP_rotate
[>] NP_down
[>] NP_right
[>] NP_down
[>] NP_drop
[>] NP_clear
[<] NP_points points=1
[>] NP_newPiece shape=11
[<] NP_boardDump size=40 dump=ef80dfc0dfc07fc07f40fbc08fc01fc0140000000000000000000000000000000000000000000000
[>] NP_down
[>] NP_rotate
[>] NP_left
[>] NP_down
[>] NP_rotate
[>] NP_down
[>] NP_rotate
[>] NP_left
[>] NP_down
[>] NP_left
[>] NP_down
[>] NP_left
[>] NP_down
[>] NP_drop
[>] NP_newPiece shape=0
[<] NP_boardDump size=40 dump=ef80dfc0dfc07fc07f40fbc0cfc0dfc0540000000000000000000000000000000000000000000000
[>] NP_down
[>] NP_rotate
[>] NP_left
[>] NP_down
[>] NP_left
[>] NP_left
[>] NP_drop
[>] NP_clear
[<] NP_points points=1
[>] NP_newPiece shape=0
[<] NP_boardDump size=40 dump=ef80dfc0dfc07fc07f40fbc0efc07400200000000000000000000000000000000000000000000000
[>] NP_right
[>] NP_down
[>] NP_right
[>] NP_down
[>] NP_down
[>] NP_drop
[>] NP_newPiece shape=7
[<] NP_boardDump size=40 dump=ef80dfc0dfc07fc07f40fbc0efc077c0200000000000000000000000000000000000000000000000
[>] NP_down
[>] NP_rotate
[>] NP_rotate
[>] NP_down
[>] NP_rotate
[>] NP_down
[>] NP_rotate
[>] NP_right
[>] NP_down
[>] NP_rotate
[>] NP_down
[>] NP_rotate
[>] NP_right
[>] NP_down
[>] NP_right
[>] NP_down
[>] NP_drop
[>] NP_newPiece shape=3
[<] NP_boardDump size=40 dump=ef80dfc0dfc07fc07f40fbc0efc077c021c001000000000000000000000000000000000000000000
[>] NP_rotate
[>] NP_down
[>] NP_rotate
[>] NP_down
[>] NP_rotate
[>] NP_down
[>] NP_rotate
[>] NP_drop
[>] NP_newPiece shape=11
[<] NP_boardDump size=40 dump=ef80dfc0dfc07fc07f40fbc0efc07fc02fc001000000000000000000000000000000000000000000
[>] NP_rotate
[>] NP_down
[>] NP_left
[>] NP_left
[>] NP_down
[>] NP_left
[>] NP_down
[>] NP_left
[>] NP_left
[>] NP_down
[>] NP_drop
[>] NP_clear
[<] NP_points points=1
[>] NP_newPiece shape=15
[<] NP_boardDump size=40 dump=ef80dfc0dfc07fc07f40fbc0efc0efc0810000000000000000000000000000000000000000000000
[>] NP_down
[>] NP_rotate
[>] NP_down
[>] NP_right
[>] NP_down
[>] NP_right
[>] NP_down
[>] NP_drop
[>] NP_newPiece shape=0
[<] NP_boardDump size=40 dump=ef80dfc0dfc07fc07f40fbc0efc0efc0818001800100000000000000000000000000000000000000
[>] NP_down
[>] NP_rotate
[>] NP_left
[>] NP_down
[>] NP_left
[>] NP_down
[>] NP_drop
[>] NP_clear
[<] NP_points points=2
[>] NP_giveJunk count=1
[>] NP_newPiece shape=2
[<] NP_boardDump size=40 dump=ef80dfc0dfc07fc07f40fbc091801180010000000000000000000000000000000000000000000000
[>] NP_down
[>] NP_left
[>] NP_down
[>] NP_left
[>] NP_left
[>] NP_down
[>] NP_drop
[>] NP_newPiece shape=0
[<] NP_boardDump size=40 dump=ef80dfc0dfc07fc07f40fbc0f1807180010000000000000000000000000000000000000000000000
[>] NP_down
[>] NP_rotate
[>] NP_down
[>] NP_right
[>] NP_right
[>] NP_down
[>] NP_right
[>] NP_down
[>] NP_right
[>] NP_down
[>] NP_drop
[>] NP_newPiece shape=7
[<] NP_boardDump size=40 dump=ef80dfc0dfc07fc07f40fbc0f1c071c0014000400000000000000000000000000000000000000000
[>] NP_down
[>] NP_left
[>] NP_down
[>] NP_left
[>] NP_down
[>] NP_rotate
[>] NP_down
[>] NP_rotate
[>] NP_rotate
[>] NP_down
[>] NP_down
[>] NP_drop
[>] NP_newPiece shape=7
[<] NP_boardDump size=40 dump=ef80dfc0dfc07fc07f40fbc0f1c071c0314010401000000000000000000000000000000000000000
[>] NP_down
[>] NP_down
[>] NP_rotate
[>] NP_left
[>] NP_down
[>] NP_left
[>] NP_down
[>] NP_right
[>] NP_down
[>] NP_right
[>] NP_down
[>] NP_rotate
[>] NP_down
[>] NP_drop
[>] NP_clear
[<] NP_points points=1
[>] NP_newPiece shape=7
[<] NP_boardDump size=40 dump=ef80dfc0dfc07fc07f40fbc079c03140104010000000000000000000000000000000000000000000
[>] NP_down
[>] NP_down
[>] NP_rotate
[>] NP_left
[>] NP_down
[>] NP_left
[>] NP_down
[>] NP_right
[>] NP_right
[>] NP_down
[>] NP_right
[>] NP_down
[>] NP_drop
[>] NP_newPiece shape=3
[<] NP_boardDump size=40 dump=ef80dfc0dfc07fc07f40fbc07bc03340134010000000000000000000000000000000000000000000
[>] NP_down
[>] NP_rotate
[>] NP_down
[>] NP_rotate
[>] NP_rotate
[>] NP_down
[>] NP_drop
[>] NP_clear
[<] NP_points points=1
[>] NP_newPiece shape=11
[<] NP_boardDump size=40 dump=ef80dfc0dfc07fc07f407fc03f401340100000000000000000000000000000000000000000000000
[>] NP_down
[>] NP_down
[>] NP_rotate
[>] NP_down
[>] NP_rotate
[>] NP_down
[>] NP_rotate
[>] NP_rotate
[>] NP_down
[>] NP_rotate
[>] NP_down
[>] NP_left
[>] NP_down
[>] NP_left
[>] NP_left
[>] NP_down
[>] NP_left
[>] NP_left
[>] NP_down
[>] NP_drop
[>] NP_clear
[<] NP_points points=1
[>] NP_newPiece shape=15
[<] NP_boardDump size=40 dump=ef80dfc0dfc07fc07f40ff4093401000000000000000000000000000000000000000000000000000
[>] NP_down
[>] NP_rotate
[>] NP_down
[>] NP_left
[>] NP_down
[>] NP_rotate
[>] NP_right
[>] NP_down
[>] NP_drop
[>] NP_newPiece shape=7
[<] NP_boardDump size=40 dump=ef80dfc0dfc07fc07f40ff409f401600000000000000000000000000000000000000000000000000
[>] NP_down
[>] NP_rotate
[>] NP_down
[>] NP_rotate
[>] NP_down
[>] NP_rotate
[>] NP_down
[>] NP_rotate
[>] NP_down
[>] NP_rotate
[>] NP_rotate
[>] NP_right
[>] NP_down
[>] NP_rotate
[>] NP_down
[>] NP_rotate
[>] NP_rotate
[>] NP_down
[>] NP_right
[>] NP_right
[>] NP_down
[>] NP_drop
[>] NP_clear
[<] NP_points points=1
[>] NP_newPiece shape=15
[<] NP_boardDump size=40 dump=ef80dfc0dfc07fc07f409fc016c00000000000000000000000000000000000000000000000000000
[>] NP_down
[>] NP_left
[>] NP_left
[>] NP_down
[>] NP_rotate
[>] NP_down
[>] NP_left
[>] NP_down
[>] NP_left
[>] NP_left
[>] NP_down
[>] NP_drop
[>] NP_newPiece shape=0
[<] NP_boardDump size=40 dump=ef80dfc0dfc07fc07f40dfc0d6c08000000000000000000000000000000000000000000000000000
[>] NP_down
[>] NP_rotate
[>] NP_left
[>] NP_down
[>] NP_left
[>] NP_left
[>] NP_down
[>] NP_drop
[>] NP_clear
[<] NP_points points=1
[>] NP_newPiece shape=17
[<] NP_boardDump size=40 dump=ef80dfc0dfc07fc07f40f6c0a0002000000000000000000000000000000000000000000000000000
[>] NP_down
[>] NP_rotate
[>] NP_down
[>] NP_left
[>] NP_down
[>] NP_right
[>] NP_down
[>] NP_drop
[>] NP_newPiece shape=0
[<] NP_boardDump size=40 dump=ef80dfc0dfc07fc07f40fec0ac002400000000000000000000000000000000000000000000000000
[>] NP_down
[>] NP_rotate
[>] NP_down
[>] NP_left
[>] NP_right
[>] NP_down
[>] NP_right
[>] NP_down
[>] NP_drop
[>] NP_right
[>] NP_down
[>] NP_clear
[<] NP_points points=1
[>] NP_newPiece shape=15
[<] NP_boardDump size=40 dump=ef80dfc0dfc07fc07f40ad0025000100000000000000000000000000000000000000000000000000
[>] NP_down
[>] NP_down
[>] NP_down
[>] NP_rotate
[>] NP_down
[>] NP_left
[>] NP_left
[>] NP_down
[>] NP_left
[>] NP_left
[>] NP_down
[>] NP_left
[>] NP_down
[>] NP_drop
[>] NP_newPiece shape=15
[<] NP_boardDump size=40 dump=ef80dfc0dfc07fc07f40ed00e5008100000000000000000000000000000000000000000000000000
[>] NP_down
[>] NP_rotate
[>] NP_left
[>] NP_down
[>] NP_left
[>] NP_left
[>] NP_down
[>] NP_down
[>] NP_left
[>] NP_left
[>] NP_down
[>] NP_drop
[>] NP_newPiece shape=2
[<] NP_boardDump size=40 dump=ef80dfc0dfc07fc07f40ed00e500c100c00080000000000000000000000000000000000000000000
[>] NP_down
[>] NP_rotate
[>] NP_right
[>] NP_down
[>] NP_right
[>] NP_down
[>] NP_left
[>] NP_down
[>] NP_right
[>] NP_right
[>] NP_down
[>] NP_right
[>] NP_drop
[>] NP_newPiece shape=0
[<] NP_boardDump size=40 dump=ef80dfc0dfc07fc07f40edc0e5c0c100c00080000000000000000000000000000000000000000000
[>] NP_down
[>] NP_rotate
[>] NP_right
[>] NP_down
[>] NP_drop
[>] NP_newPiece shape=2
[<] NP_boardDump size=40 dump=ef80dfc0dfc07fc07f40efc0e7c0c300c20080000000000000000000000000000000000000000000
[>] NP_down
[>] NP_rotate
[>] NP_right
[>] NP_down
[>] NP_right
[>] NP_down
[>] NP_right
[>] NP_right
[>] NP_down
[>] NP_drop
[>] NP_newPiece shape=2
[<] NP_boardDump size=40 dump=ef80dfc0dfc07fc07f40efc0e7c0c3c0c2c080000000000000000000000000000000000000000000
[>] NP_rotate
[>] NP_down
[>] NP_left
[>] NP_right
[>] NP_down
[>] NP_right
[>] NP_down
[>] NP_right
[>] NP_right
[>] NP_down
[>] NP_right
[>] NP_drop
[>] NP_newPiece shape=11
[<] NP_boardDump size=40 dump=ef80dfc0dfc07fc07f40efc0e7c0c3c0c2c080c000c0000000000000000000000000000000000000
[>] NP_down
[>] NP_left
[>] NP_rotate
[>] NP_down
[>] NP_left
[>] NP_down
[>] NP_drop
[>] NP_clear
[<] NP_points points=2
[>] NP_giveJunk count=1
[>] NP_newPiece shape=17
[<] NP_boardDump size=40 dump=ef80dfc0dfc07fc07f40d3c0c2c080c000c000000000000000000000000000000000000000000000
[>] NP_down
[>] NP_rotate
[>] NP_down
[>] NP_down
[>] NP_rotate
[>] NP_left
[>] NP_down
[>] NP_drop
[>] NP_newPiece shape=17
[<] NP_boardDump size=40 dump=ef80dfc0dfc07fc07f40dfc0dac080c000c000000000000000000000000000000000000000000000
[>] NP_down
[>] NP_rotate
[>] NP_down
[>] NP_right
[>] NP_down
[>] NP_drop
[>] NP_newPiece shape=7
[<] NP_boardDump size=40 dump=ef80dfc0dfc07fc07f40dfc0dec086c002c000000000000000000000000000000000000000000000
[>] NP_down
[>] NP_rotate
[>] NP_down
[>] NP_left
[>] NP_left
[>] NP_down
[>] NP_left
[>] NP_drop
[>] NP_clear
[<] NP_points points=1
[>] NP_newPiece shape=15
[<] NP_boardDump size=40 dump=ef80dfc0dfc07fc07f40fec0b6c002c0000000000000000000000000000000000000000000000000
[>] NP_down
[>] NP_rotate
[>] NP_down
[>] NP_left
[>] NP_left
[>] NP_down
[>] NP_down
[>] NP_drop
[>] NP_newPiece shape=7
[<] NP_boardDump size=40 dump=ef80dfc0dfc07fc07f40fec0bec01ac0100000000000000000000000000000000000000000000000
[>] NP_down
[>] NP_rotate
[>] NP_down
[>] NP_down
[>] NP_left
[>] NP_down
[>] NP_left
[>] NP_down
[>] NP_right
[>] NP_down
[>] NP_rotate
[>] NP_down
[>] NP_rotate
[>] NP_down
[>] NP_rotate
[>] NP_down
[>] NP_rotate
[>] NP_right
[>] NP_down
[>] NP_right
[>] NP_down
[>] NP_right
[>] NP_drop
[>] NP_newPiece shape=17
[<] NP_boardDump size=40 dump=ef80dfc0dfc07fc07f40fec0bfc01bc0118000000000000000000000000000000000000000000000
[>] NP_down
[>] NP_rotate
[>] NP_down
[>] NP_down
[>] NP_right
[>] NP_drop
[>] NP_newPiece shape=17
[<] NP_boardDump size=40 dump=ef80dfc0dfc07fc07f40fec0bfc01fc0178002000000000000000000000000000000000000000000
[>] NP_down
[>] NP_rotate
[>] NP_left
[>] NP_down
[>] NP_right
[>] NP_down
[>] NP_drop
[>] NP_newPiece shape=2
[<] NP_boardDump size=40 dump=ef80dfc0dfc07fc07f40fec0bfc01fc01f800e000400000000000000000000000000000000000000
[>] NP_down
[>] NP_rotate
[>] NP_right
[>] NP_down
[>] NP_right
[>] NP_down
[>] NP_right
[>] NP_drop
[>] NP_newPiece shape=3
[<] NP_boardDump size=40 dump=ef80dfc0dfc07fc07f40fec0bfc01fc01f800f800580000000000000000000000000000000000000
[>] NP_down
[>] NP_rotate
[>] NP_down
[>] NP_left
[>] NP_down
[>] NP_rotate
[>] NP_down
[>] NP_rotate
[>] NP_rotate
[>] NP_down
[>] NP_rotate
[>] NP_left
[>] NP_down
[>] NP_rotate
[>] NP_left
[>] NP_down
[>] NP_left
[>] NP_down
[>] NP_drop
[>] NP_clear
[<] NP_points points=1
[>] NP_newPiece shape=0
[<] NP_boardDump size=40 dump=ef80dfc0dfc07fc07f40fec0bfc03f800f8005800000000000000000000000000000000000000000
[>] NP_down
[>] NP_rotate
[>] NP_left
[>] NP_down
[>] NP_left
[>] NP_left
[>] NP_down
[>] NP_left
[>] NP_down
[>] NP_drop
[>] NP_clear
[<] NP_points points=1
[>] NP_newPiece shape=17
[<] NP_boardDump size=40 dump=ef80dfc0dfc07fc07f40fec07f804f80458000000000000000000000000000000000000000000000
[>] NP_down
[>] NP_left
[>] NP_down
[>] NP_rotate
[>] NP_down
[>] NP_right
[>] NP_down
[>] NP_drop
[>] NP_left
[>] NP_down
[>] NP_newPiece shape=17
[<] NP_boardDump size=40 dump=ef80dfc0dfc07fc07f40fec07f805f805d8008000000000000000000000000000000000000000000
[>] NP_down
[>] NP_rotate
[>] NP_down
[>] NP_right
[>] NP_down
[>] NP_down
[>] NP_down
[>] NP_right
[>] NP_down
[>] NP_drop
[>] NP_newPiece shape=0
[<] NP_boardDump size=40 dump=ef80dfc0dfc07fc07f40fec07f805f805f800b000100000000000000000000000000000000000000
[>] NP_down
[>] NP_rotate
[>] NP_left
[>] NP_down
[>] NP_left
[>] NP_left
[>] NP_down
[>] NP_left
[>] NP_left
[>] NP_down
[>] NP_drop
[>] NP_newPiece shape=17
[<] NP_boardDump size=40 dump=ef80dfc0dfc07fc07f40fec0ff80df80df808b000100000000000000000000000000000000000000
[>] NP_down
[>] NP_rotate
[>] NP_down
[>] NP_down
[>] NP_right
[>] NP_drop
[>] NP_newPiece shape=17
[<] NP_boardDump size=40 dump=ef80dfc0dfc07fc07f40fec0ff80df80df808f000700020000000000000000000000000000000000
[>] NP_down
[>] NP_down
[>] NP_rotate
[>] NP_down
[>] NP_down
[>] NP_drop
[>] NP_newPiece shape=3
[<] NP_boardDump size=40 dump=ef80dfc0dfc07fc07f40fec0ff80df80df808f000f000e0004000000000000000000000000000000
[>] NP_down
[>] NP_rotate
[>] NP_down
[>] NP_rotate
[>] NP_rotate
[>] NP_down
[>] NP_left
[>] NP_left
[>] NP_down
[>] NP_left
[>] NP_down
[>] NP_drop
[>] NP_newPiece shape=3
[<] NP_boardDump size=40 dump=ef80dfc0dfc07fc07f40fec0ff80ff80ff80ef000f000e0004000000000000000000000000000000
[>] NP_down
[>] NP_rotate
[>] NP_down
[>] NP_rotate
[>] NP_down
[>] NP_left
[>] NP_down
[>] NP_left
[>] NP_down
[>] NP_rotate
[>] NP_rotate
[>] NP_down
[>] NP_rotate
[>] NP_left
[>] NP_down
[>] NP_rotate
[>] NP_down
[>] NP_left
[>] NP_down
[>] NP_down
[>] NP_newPiece shape=0
[<] NP_boardDump size=40 dump=ef80dfc0dfc07fc07f40fec0ff80ff80ff80ef00ef002e0004000000000000000000000000000000
[>] NP_down
[>] NP_rotate
[>] NP_right
[>] NP_down
[>] NP_right
[>] NP_right
[>] NP_down
[>] NP_right
[>] NP_drop
[>] NP_clear
[<] NP_points points=3
[>] NP_giveJunk count=2
[>] NP_newPiece shape=15
[<] NP_boardDump size=40 dump=ef80dfc0dfc07fc07f40fec0ef40ef002e0004000000000000000000000000000000000000000000
[>] NP_down
[>] NP_rotate
[>] NP_down
[>] NP_down
[>] NP_left
[>] NP_left
[>] NP_down
[>] NP_rotate
[>] NP_left
[>] NP_down
[>] NP_left
[>] NP_drop
[>] NP_newPiece shape=15
[<] NP_boardDump size=40 dump=ef80dfc0dfc07fc07f40fec0ef40ef00ee0064000000000000000000000000000000000000000000
[>] NP_down
[>] NP_rotate
[>] NP_right
[>] NP_down
[>] NP_down
[>] NP_left
[>] NP_down
[>] NP_left
[>] NP_right
[>] NP_down
[>] NP_down
[>] NP_drop
[>] NP_newPiece shape=17
[<] NP_boardDump size=40 dump=ef80dfc0dfc07fc07f40fec0ef40ef00ee0066000600040000000000000000000000000000000000
[>] NP_down
[>] NP_down
[>] NP_rotate
[>] NP_down
[>] NP_right
[>] NP_left
[>] NP_down
[>] NP_left
[>] NP_left
[>] NP_down
[>] NP_left
[>] NP_down
[>] NP_drop
[>] NP_newPiece shape=17
[<] NP_boardDump size=40 dump=ef80dfc0dfc07fc07f40fec0ef40ef00ee0066004600640020000000000000000000000000000000
[>] NP_left
[>] NP_down
[>] NP_rotate
[>] NP_down
[>] NP_right
[>] NP_down
[>] NP_right
[>] NP_down
[>] NP_right
[>] NP_right
[>] NP_down
[>] NP_right
[>] NP_drop
[>] NP_newPiece shape=11
[<] NP_boardDump size=40 dump=ef80dfc0dfc07fc07f40fec0efc0efc0ee4066004600640020000000000000000000000000000000
[>] NP_down
[>] NP_right
[>] NP_down
[>] NP_rotate
[>] NP_down
[>] NP_right
[>] NP_down
[>] NP_right
[>] NP_down
[>] NP_drop
[>] NP_newPiece shape=11
[<] NP_boardDump size=40 dump=ef80dfc0dfc07fc07f40fec0efc0efc0eec066c04680640020000000000000000000000000000000
[>] NP_down
[>] NP_rotate
[>] NP_down
[>] NP_rotate
[>] NP_down
[>] NP_rotate
[>] NP_down
[>] NP_right
[>] NP_right
[>] NP_down
[>] NP_right
[>] NP_right
[>] NP_down
[>] NP_drop
[>] NP_newPiece shape=17
[<] NP_boardDump size=40 dump=ef80dfc0dfc07fc07f40fec0efc0efc0eec066c046c064c020400000000000000000000000000000
[>] NP_down
[>] NP_rotate
[>] NP_down
[>] NP_left
[>] NP_down
[>] NP_down
[>] NP_drop
[>] NP_newPiece shape=3
[<] NP_boardDump size=40 dump=ef80dfc0dfc07fc07f40fec0efc0efc0fec07ec04ec064c020400000000000000000000000000000
[>] NP_down
[>] NP_rotate
[>] NP_down
[>] NP_rotate
[>] NP_down
[>] NP_rotate
[>] NP_down
[>] NP_right
[>] NP_right
[>] NP_down
[>] NP_drop
[>] NP_newPiece shape=7
[<] NP_boardDump size=40 dump=ef80dfc0dfc07fc07f40fec0efc0efc0fec07fc04fc067c020400000000000000000000000000000
[>] NP_down
[>] NP_rotate
[>] NP_left
[>] NP_down
[>] NP_down
[>] NP_right
[>] NP_rotate
[>] NP_down
[>] NP_right
[>] NP_right
[>] NP_down
[>] NP_drop
[>] NP_newPiece shape=3
[<] NP_boardDump size=40 dump=ef80dfc0dfc07fc07f40fec0efc0efc0fec07fc04fc067c023c00200000000000000000000000000
[>] NP_down
[>] NP_rotate
[>] NP_down
[>] NP_left
[>] NP_down
[>] NP_rotate
[>] NP_rotate
[>] NP_down
[>] NP_rotate
[>] NP_down
[>] NP_rotate
[>] NP_down
[>] NP_left
[>] NP_down
[>] NP_drop
[>] NP_newPiece shape=7
[<] NP_boardDump size=40 dump=ef80dfc0dfc07fc07f40fec0efc0efc0fec07fc04fc07fc033c01200000000000000000000000000
[>] NP_down
[>] NP_rotate
[>] NP_left
[>] NP_down
[>] NP_left
[>] NP_left
[>] NP_down
[>] NP_left
[>] NP_left
[>] NP_down
[>] NP_drop
[>] NP_clear
[<] NP_points points=1
[>] NP_newPiece shape=2
[<] NP_boardDump size=40 dump=ef80dfc0dfc07fc07f40fec0efc0efc0fec07fc0cfc0f3c012000000000000000000000000000000
[>] NP_down
[>] NP_down
[>] NP_left
[>] NP_down
[>] NP_right
[>] NP_drop
[>] NP_clear
[<] NP_points points=1
[>] NP_newPiece shape=11
[<] NP_boardDump size=40 dump=ef80dfc0dfc07fc07f40fec0efc0efc0fec07fc0cfc01e0000000000000000000000000000000000
[>] NP_down
[>] NP_rotate
[>] NP_down
[>] NP_left
[>] NP_rotate
[>] NP_down
[>] NP_left
[>] NP_rotate
[>] NP_left
[>] NP_down
[>] NP_down
[>] NP_left
[>] NP_down
[>] NP_right
[>] NP_down
[>] NP_drop
[>] NP_newPiece shape=7
[<] NP_boardDump size=40 dump=ef80dfc0dfc07fc07f40fec0efc0efc0fec07fc0efc07e0020000000000000000000000000000000
[>] NP_down
[>] NP_rotate
[>] NP_down
[>] NP_rotate
[>] NP_down
[>] NP_right
[>] NP_right
[>] NP_down
[>] NP_right
[>] NP_down
[>] NP_drop
[>] NP_newPiece shape=17
[<] NP_boardDump size=40 dump=ef80dfc0dfc07fc07f40fec0efc0efc0fec07fc0efc07fc021000000000000000000000000000000
[>] NP_down
[>] NP_rotate
[>] NP_down
[>] NP_left
[>] NP_left
[>] NP_down
[>] NP_left
[>] NP_left
[>] NP_down
[>] NP_drop
[>] NP_clear
[<] NP_points points=1
[>] NP_newPiece shape=2
[<] NP_boardDump size=40 dump=ef80dfc0dfc07fc07f40fec0efc0efc0fec07fc0efc0e10040000000000000000000000000000000
[>] NP_down
[>] NP_right
[>] NP_down
[>] NP_right
[>] NP_down
[>] NP_right
[>] NP_right
[>] NP_down
[>] NP_drop
[>] NP_newPiece shape=7
[<] NP_boardDump size=40 dump=ef80dfc0dfc07fc07f40fec0efc0efc0fec07fc0efc0e1c040c00000000000000000000000000000
[>] NP_down
[>] NP_down
[>] NP_rotate
[>] NP_rotate
[>] NP_down
[>] NP_rotate
[>] NP_down
[>] NP_down
[>] NP_right
[>] NP_drop
[>] NP_newPiece shape=0
[<] NP_boardDump size=40 dump=ef80dfc0dfc07fc07f40fec0efc0efc0fec07fc0efc0e7c042c00200000000000000000000000000
[>] NP_down
[>] NP_rotate
[>] NP_left
[>] NP_down
[>] NP_left
[>] NP_down
[>] NP_drop
[>] NP_clear
[<] NP_points points=1
[>] NP_newPiece shape=0
[<] NP_boardDump size=40 dump=ef80dfc0dfc07fc07f40fec0efc0efc0fec07fc0f7c052c012000000000000000000000000000000
[>] NP_down
[>] NP_rotate
[>] NP_left
[>] NP_down
[>] NP_drop
[>] NP_clear
[<] NP_points points=1
[>] NP_newPiece shape=11
[<] NP_boardDump size=40 dump=ef80dfc0dfc07fc07f40fec0efc0efc0fec07fc05ac01a0008000000000000000000000000000000
[>] NP_down
[>] NP_down
[>] NP_right
[>] NP_down
[>] NP_rotate
[>] NP_right
[>] NP_down
[>] NP_drop
[>] NP_newPiece shape=17
[<] NP_boardDump size=40 dump=ef80dfc0dfc07fc07f40fec0efc0efc0fec07fc05bc01b8009000000000000000000000000000000
[>] NP_down
[>] NP_rotate
[>] NP_down
[>] NP_left
[>] NP_left
[>] NP_down
[>] NP_left
[>] NP_left
[>] NP_down
[>] NP_drop
[>] NP_newPiece shape=11
[<] NP_boardDump size=40 dump=ef80dfc0dfc07fc07f40fec0efc0efc0fec07fc0dbc0db8049000000000000000000000000000000
[>] NP_down
[>] NP_rotate
[>] NP_down
[>] NP_right
[>] NP_rotate
[>] NP_down
[>] NP_rotate
[>] NP_down
[>] NP_right
[>] NP_right
[>] NP_down
[>] NP_right
[>] NP_down
[>] NP_drop
[>] NP_newPiece shape=17
[<] NP_boardDump size=40 dump=ef80dfc0dfc07fc07f40fec0efc0efc0fec07fc0dbc0dbc049c00040000000000000000000000000
[>] NP_down
[>] NP_rotate
[>] NP_down
[>] NP_left
[>] NP_down
[>] NP_left
[>] NP_left
[>] NP_down
[>] NP_left
[>] NP_down
[>] NP_drop
[>] NP_newPiece shape=0
[<] NP_boardDump size=40 dump=ef80dfc0dfc07fc07f40fec0efc0efc0fec07fc0dbc0dbc0c9c0c040400000000000000000000000
[>] NP_down
[>] NP_rotate
[>] NP_left
[>] NP_down
[>] NP_left
[>] NP_left
[>] NP_down
[>] NP_drop
[>] NP_newPiece shape=11
[<] NP_boardDump size=40 dump=ef80dfc0dfc07fc07f40fec0efc0efc0fec07fc0fbc0fbc0e9c0e040400000000000000000000000
[>] NP_down
[>] NP_rotate
[>] NP_down
[>] NP_down
[>] NP_drop
[>] NP_clear
[<] NP_points points=1
[>] NP_newPiece shape=11
[<] NP_boardDump size=40 dump=ef80dfc0dfc07fc07f40fec0efc0efc0fec07fc0fbc0efc0e4404000000000000000000000000000
[>] NP_down
[>] NP_left
[>] NP_rotate
[>] NP_down
[>] NP_left
[>] NP_down
[>] NP_drop
[>] NP_clear
[<] NP_points points=1
[>] NP_newPiece shape=17
[<] NP_boardDump size=40 dump=ef80dfc0dfc07fc07f40fec0efc0efc0fec07fc0fbc0fc4050000000000000000000000000000000
[>] NP_down
[>] NP_right
[>] NP_right
[>] NP_down
[>] NP_rotate
[>] NP_down
[>] NP_right
[>] NP_right
[>] NP_down
[>] NP_drop
[>] NP_newPiece shape=7
[<] NP_boardDump size=40 dump=ef80dfc0dfc07fc07f40fec0efc0efc0fec07fc0fbc0fcc050c00040000000000000000000000000
[>] NP_down
[>] NP_right
[>] NP_rotate
[>] NP_down
[>] NP_rotate
[>] NP_rotate
[>] NP_down
[>] NP_right
[>] NP_drop
[>] NP_clear
[<] NP_points points=1
[>] NP_newPiece shape=7
[<] NP_boardDump size=40 dump=ef80dfc0dfc07fc07f40fec0efc0efc0fec07fc0fbc051c001400000000000000000000000000000
[>] NP_down
[>] NP_down
[>] NP_left
[>] NP_rotate
[>] NP_down
[>] NP_rotate
[>] NP_down
[>] NP_rotate
[>] NP_down
[>] NP_right
[>] NP_down
[>] NP_rotate
[>] NP_down
[>] NP_rotate
[>] NP_down
[>] NP_rotate
[>] NP_down
[>] NP_newPiece shape=11
[<] NP_boardDump size=40 dump=ef80dfc0dfc07fc07f40fec0efc0efc0fec07fc0fbc05fc009400000000000000000000000000000
[>] NP_down
[>] NP_left
[>] NP_rotate
[>] NP_down
[>] NP_left
[>] NP_left
[>] NP_down
[>] NP_left
[>] NP_down
[>] NP_left
[>] NP_down
[>] NP_drop
[>] NP_newPiece shape=17
[<] NP_boardDump size=40 dump=ef80dfc0dfc07fc07f40fec0efc0efc0fec07fc0fbc0dfc0c9408000000000000000000000000000
[>] NP_down
[>] NP_rotate
[>] NP_left
[>] NP_down
[>] NP_left
[>] NP_left
[>] NP_down
[>] NP_right
[>] NP_down
[>] NP_drop
[>] NP_clear
[<] NP_points points=1
[>] NP_newPiece shape=11
[<] NP_boardDump size=40 dump=ef80dfc0dfc07fc07f40fec0efc0efc0fec07fc0fbc0f94090000000000000000000000000000000
[>] NP_down
[>] NP_rotate
[>] NP_down
[>] NP_drop
[>] NP_clear
[<] NP_points points=1
[>] NP_newPiece shape=15
[<] NP_boardDump size=40 dump=ef80dfc0dfc07fc07f40fec0efc0efc0fec07fc0ff40940000000000000000000000000000000000
[>] NP_down
[>] NP_rotate
[>] NP_right
[>] NP_down
[>] NP_right
[>] NP_right
[>] NP_down
[>] NP_left
[>] NP_down
[>] NP_drop
[>] NP_clear
[<] NP_points points=1
[>] NP_newPiece shape=3
[<] NP_boardDump size=40 dump=ef80dfc0dfc07fc07f40fec0efc0efc0fec07fc09580010000000000000000000000000000000000
[>] NP_down
[>] NP_rotate
[>] NP_down
[>] NP_down
[>] NP_left
[>] NP_left
[>] NP_down
[>] NP_left
[>] NP_left
[>] NP_down
[>] NP_drop
[>] NP_newPiece shape=3
[<] NP_boardDump size=40 dump=ef80dfc0dfc07fc07f40fec0efc0efc0fec07fc0f580410040000000000000000000000000000000
[>] NP_down
[>] NP_rotate
[>] NP_down
[>] NP_rotate
[>] NP_down
[>] NP_left
[>] NP_rotate
[>] NP_down
[>] NP_rotate
[>] NP_down
[>] NP_rotate
[>] NP_left
[>] NP_down
[>] NP_left
[>] NP_drop
[>] NP_newPiece shape=3
[<] NP_boardDump size=40 dump=ef80dfc0dfc07fc07f40fec0efc0efc0fec07fc0f580710060002000000000000000000000000000
[>] NP_down
[>] NP_rotate
[>] NP_down
[>] NP_down
[>] NP_rotate
[>] NP_down
[>] NP_down
[>] NP_rotate
[>] NP_rotate
[>] NP_down
[>] NP_drop
[>] NP_newPiece shape=3
[<] NP_boardDump size=40 dump=ef80dfc0dfc07fc07f40fec0efc0efc0fec07fc0fd807f0060002000000000000000000000000000
[>] NP_down
[>] NP_rotate
[>] NP_down
[>] NP_rotate
[>] NP_down
[>] NP_left
[>] NP_down
[>] NP_drop
[>] NP_newPiece shape=15
[<] NP_boardDump size=40 dump=ef80dfc0dfc07fc07f40fec0efc0efc0fec07fc0fd807f007c002400000000000000000000000000
[>] NP_down
[>] NP_rotate
[>] NP_right
[>] NP_down
[>] NP_right
[>] NP_right
[>] NP_down
[>] NP_drop
[>] NP_newPiece shape=17
[<] NP_boardDump size=40 dump=ef80dfc0dfc07fc07f40fec0efc0efc0fec07fc0fdc07fc07c802400000000000000000000000000
[>] NP_down
[>] NP_rotate
[>] NP_down
[>] NP_right
[>] NP_rotate
[>] NP_down
[>] NP_down
[>] NP_right
[>] NP_rotate
[>] NP_down
[>] NP_right
[>] NP_down
[>] NP_drop
[>] NP_newPiece shape=17
[<] NP_boardDump size=40 dump=ef80dfc0dfc07fc07f40fec0efc0efc0fec07fc0fdc07fc07d802580008000000000000000000000
[>] NP_rotate
[>] NP_down
[>] NP_left
[>] NP_down
[>] NP_right
[>] NP_left
[>] NP_down
[>] NP_left
[>] NP_left
[>] NP_down
[>] NP_left
[>] NP_down
[>] NP_drop
[>] NP_newPiece shape=0
[<] NP_boardDump size=40 dump=ef80dfc0dfc07fc07f40fec0efc0efc0fec07fc0fdc07fc0fd80e580408000000000000000000000
[>] NP_down
[>] NP_rotate
[>] NP_right
[>] NP_down
[>] NP_drop
[>] NP_newPiece shape=2
[<] NP_boardDump size=40 dump=ef80dfc0dfc07fc07f40fec0efc0efc0fec07fc0fdc07fc0ff80e780428002000000000000000000
[>] NP_down
[>] NP_left
[>] NP_down
[>] NP_drop
[>] NP_newPiece shape=3
[<] NP_boardDump size=40 dump=ef80dfc0dfc07fc07f40fec0efc0efc0fec07fc0fdc07fc0ff80ff805a8002000000000000000000
[>] NP_down
[>] NP_rotate
[>] NP_down
[>] NP_rotate
[>] NP_rotate
[>] NP_down
[>] NP_right
[>] NP_right
[>] NP_down
[>] NP_right
[>] NP_right
[>] NP_down
[>] NP_down
[>] NP_clear
[<] NP_points points=1
[>] NP_newPiece shape=3
[<] NP_boardDump size=40 dump=ef80dfc0dfc07fc07f40fec0efc0efc0fec07fc0fdc07fc0ff805ac002c000000000000000000000
[>] NP_down
[>] NP_rotate
[>] NP_down
[>] NP_rotate
[>] NP_rotate
[>] NP_down
[>] NP_rotate
[>] NP_right
[>] NP_down
[>] NP_rotate
[>] NP_newPiece shape=7
[<] NP_boardDump size=40 dump=ef80dfc0dfc07fc07f40fec0efc0efc0fec07fc0fdc07fc0ff805ac002c003000200020000000000
[>] NP_rotate
[>] NP_rotate
[>] NP_down
[>] NP_left
[>] NP_down
[>] NP_rotate
[>] NP_down
[>] NP_rotate
[>] NP_down
[>] NP_drop
[>] NP_newPiece shape=11
[<] NP_boardDump size=40 dump=ef80dfc0dfc07fc07f40fec0efc0efc0fec07fc0fdc07fc0ff805ec01ec003000200020000000000
[>] NP_left
[>] NP_down
[>] NP_left
[>] NP_rotate
[>] NP_down
[>] NP_left
[>] NP_left
[>] NP_down
[>] NP_left
[>] NP_down
[>] NP_drop
[>] NP_newPiece shape=17
[<] NP_boardDump size=40 dump=ef80dfc0dfc07fc07f40fec0efc0efc0fec07fc0fdc07fc0ff80dec0dec083000200020000000000
[>] NP_down
[>] NP_rotate
[>] NP_left
[>] NP_down
[>] NP_left
[>] NP_down
[>] NP_drop
[>] NP_newPiece shape=2
[<] NP_boardDump size=40 dump=ef80dfc0dfc07fc07f40fec0efc0efc0fec07fc0fdc07fc0ff80dec0fec0b3001200020000000000
[>] NP_down
[>] NP_rotate
[>] NP_down
[>] NP_drop
[>] NP_newPiece shape=15
[<] NP_boardDump size=40 dump=ef80dfc0dfc07fc07f40fec0efc0efc0fec07fc0fdc07fc0ff80dec0fec0bf001e00020000000000
[>] NP_right
[>] NP_down
[>] NP_right
[>] NP_right
[>] NP_down
[>] NP_rotate
[>] NP_down
[>] NP_newPiece shape=0
[<] NP_boardDump size=40 dump=ef80dfc0dfc07fc07f40fec0efc0efc0fec07fc0fdc07fc0ff80dec0fec0bf401ec0028000000000
[>] NP_left
[>] NP_down
[>] NP_newPiece shape=3
[<] NP_boardDump size=40 dump=ef80dfc0dfc07fc07f40fec0efc0efc0fec07fc0fdc07fc0ff80dec0fec0bf401ec002801e000000
[>] NP_left
[<] NP_endConn
