[+] Game: single player
[<] NP_version
[>] NP_version
[<] NP_startConn
[>] NP_startConn
[<] NP_userName
[>] NP_userName
[>] NP_newPiece shape=11
[<] NP_boardDump size=40 dump=00000000000000000000000000000000000000000000000000000000000000000000000000000000
[>] NP_down
[>] NP_down
[>] NP_down
[>] NP_down
[>] NP_down
[>] NP_down
[>] NP_down
[>] NP_down
[>] NP_rotate
[>] NP_rotate
[>] NP_down
[>] NP_right
[>] NP_right
[>] NP_down
[>] NP_right
[>] NP_down
[>] NP_drop
[>] NP_newPiece shape=15
[<] NP_boardDump size=40 dump=01c00080000000000000000000000000000000000000000000000000000000000000000000000000
[>] NP_down
[>] NP_rotate
[>] NP_down
[>] NP_right
[>] NP_rotate
[>] NP_down
[>] NP_down
[>] NP_drop
[>] NP_newPiece shape=17
[<] NP_boardDump size=40 dump=07c00380000000000000000000000000000000000000000000000000000000000000000000000000
[>] NP_rotate
[>] NP_down
[>] NP_rotate
[>] NP_down
[>] NP_left
[>] NP_right
[>] NP_down
[>] NP_rotate
[>] NP_right
[>] NP_down
[>] NP_drop
[>] NP_left
[>] NP_down
[>] NP_newPiece shape=11
[<] NP_boardDump size=40 dump=0fc00f80040000000000000000000000000000000000000000000000000000000000000000000000
[>] NP_left
[>] NP_rotate
[>] NP_down
[>] NP_rotate
[>] NP_down
[>] NP_left
[>] NP_left
[>] NP_down
[>] NP_drop
[>] NP_newPiece shape=15
[<] NP_boardDump size=40 dump=7fc02f80040000000000000000000000000000000000000000000000000000000000000000000000
[>] NP_rotate
[>] NP_down
[>] NP_left
[>] NP_left
[>] NP_down
[>] NP_drop
[>] NP_newPiece shape=0
[<] NP_boardDump size=40 dump=7fc02f800c0018001000000000000000000000000000000000000000000000000000000000000000
[>] NP_left
[>] NP_down
[>] NP_rotate
[>] NP_left
[>] NP_down
[>] NP_left
[>] NP_left
[>] NP_down
[>] NP_drop
[>] NP_newPiece shape=15
[<] NP_boardDump size=40 dump=7fc06f804c0058005000000000000000000000000000000000000000000000000000000000000000
[>] NP_down
[>] NP_rotate
[>] NP_right
[>] NP_down
[>] NP_right
[>] NP_down
[>] NP_right
[>] NP_down
[>] NP_drop
[>] NP_newPiece shape=7
[<] NP_boardDump size=40 dump=7fc06fc04cc058805000000000000000000000000000000000000000000000000000000000000000
[>] NP_right
[>] NP_down
[>] NP_rotate
[>] NP_down
[>] NP_rotate
[>] NP_rotate
[>] NP_down
[>] NP_drop
[>] NP_right
[>] NP_down
[>] NP_newPiece shape=17
[<] NP_boardDump size=40 dump=7fc06fc04fc059805100000000000000000000000000000000000000000000000000000000000000
[>] NP_rotate
[>] NP_down
[>] NP_down
[>] NP_right
[>] NP_down
[>] NP_left
[>] NP_rotate
[>] NP_down
[>] NP_drop
[>] NP_newPiece shape=11
[<] NP_boardDump size=40 dump=7fc06fc04fc05f805d00000000000000000000000000000000000000000000000000000000000000
[>] NP_down
[>] NP_rotate
[>] NP_rotate
[>] NP_down
[>] NP_rotate
[>] NP_down
[>] NP_right
[>] NP_right
[>] NP_down
[>] NP_right
[>] NP_right
[>] NP_down
[>] NP_drop
[>] NP_newPiece shape=2
[<] NP_boardDump size=40 dump=7fc06fc04fc05fc05dc0004000000000000000000000000000000000000000000000000000000000
[>] NP_down
[>] NP_right
[>] NP_down
[>] NP_right
[>] NP_right
[>] NP_down
[>] NP_drop
[>] NP_newPiece shape=7
[<] NP_boardDump size=40 dump=7fc06fc04fc05fc05dc001c001800000000000000000000000000000000000000000000000000000
[>] NP_down
[>] NP_rotate
[>] NP_rotate
[>] NP_down
[>] NP_rotate
[>] NP_rotate
[>] NP_down
[>] NP_drop
[>] NP_newPiece shape=11
[<] NP_boardDump size=40 dump=7fc06fc04fc05fc05fc00fc001800000000000000000000000000000000000000000000000000000
[>] NP_down
[>] NP_rotate
[>] NP_down
[>] NP_right
[>] NP_down
[>] NP_right
[>] NP_rotate
[>] NP_down
[>] NP_rotate
[>] NP_right
[>] NP_down
[>] NP_right
[>] NP_down
[>] NP_drop
[>] NP_newPiece shape=15
[<] NP_boardDump size=40 dump=7fc06fc04fc05fc05fc00fc001c000c0004000000000000000000000000000000000000000000000
[>] NP_down
[>] NP_rotate
[>] NP_left
[>] NP_down
[>] NP_left
[>] NP_left
[>] NP_down
[>] NP_rotate
[>] NP_down
[>] NP_right
[>] NP_right
[>] NP_down
[>] NP_right
[>] NP_right
[>] NP_down
[>] NP_drop
[>] NP_newPiece shape=11
[<] NP_boardDump size=40 dump=7fc06fc04fc05fc05fc00fc007c003c0004000000000000000000000000000000000000000000000
[>] NP_rotate
[>] NP_down
[>] NP_left
[>] NP_left
[>] NP_down
[>] NP_rotate
[>] NP_down
[>] NP_rotate
[>] NP_down
[>] NP_left
[>] NP_rotate
[>] NP_down
[>] NP_down
[>] NP_drop
[>] NP_newPiece shape=17
[<] NP_boardDump size=40 dump=7fc06fc04fc05fc07fc07fc007c003c0004000000000000000000000000000000000000000000000
[>] NP_down
[>] NP_rotate
[>] NP_left
[>] NP_down
[>] NP_right
[>] NP_down
[>] NP_drop
[>] NP_newPiece shape=15
[<] NP_boardDump size=40 dump=7fc06fc04fc05fc07fc07fc00fc00fc0044000000000000000000000000000000000000000000000
[>] NP_rotate
[>] NP_down
[>] NP_rotate
[>] NP_down
[>] NP_right
[>] NP_down
[>] NP_right
[>] NP_right
[>] NP_down
[>] NP_drop
[>] NP_newPiece shape=2
[<] NP_boardDump size=40 dump=7fc06fc04fc05fc07fc07fc00fc00fc005c000c00000000000000000000000000000000000000000
[>] NP_left
[>] NP_down
[>] NP_left
[>] NP_down
[>] NP_drop
[>] NP_newPiece shape=17
[<] NP_boardDump size=40 dump=7fc06fc04fc05fc07fc07fc03fc03fc005c000c00000000000000000000000000000000000000000
[>] NP_down
[>] NP_rotate
[>] NP_down
[>] NP_right
[>] NP_right
[>] NP_down
[>] NP_right
[>] NP_drop
[>] NP_newPiece shape=2
[<] NP_boardDump size=40 dump=7fc06fc04fc05fc07fc07fc03fc03fc005c001c00180008000000000000000000000000000000000
[>] NP_left
[>] NP_down
[>] NP_left
[>] NP_down
[>] NP_drop
[>] NP_right
[>] NP_newPiece shape=2
[<] NP_boardDump size=40 dump=7fc06fc04fc05fc07fc07fc03fc03fc01dc019c00180008000000000000000000000000000000000
[>] NP_down
[>] NP_down
[>] NP_left
[>] NP_down
[>] NP_left
[>] NP_down
[>] NP_right
[>] NP_drop
[>] NP_newPiece shape=7
[<] NP_boardDump size=40 dump=7fc06fc04fc05fc07fc07fc03fc03fc01dc019c01980188000000000000000000000000000000000
[>] NP_rotate
[>] NP_down
[>] NP_left
[>] NP_left
[>] NP_down
[>] NP_left
[>] NP_left
[>] NP_down
[>] NP_left
[>] NP_down
[>] NP_drop
[>] NP_clear
[<] NP_points points=3
[>] NP_giveJunk count=2
[>] NP_newPiece shape=17
[<] NP_boardDump size=40 dump=7fc06fc04fc05fc03fc01dc019c01980188000000000000000000000000000000000000000000000
[>] NP_down
[>] NP_rotate
[>] NP_left
[>] NP_down
[>] NP_left
[>] NP_left
[>] NP_down
[>] NP_left
[>] NP_down
[>] NP_drop
[>] NP_clear
[<] NP_points points=1
[>] NP_newPiece shape=0
[<] NP_boardDump size=40 dump=7fc06fc04fc0dfc05dc019c019801880000000000000000000000000000000000000000000000000
[>] NP_down
[>] NP_rotate
[>] NP_left
[>] NP_down
[>] NP_left
[>] NP_left
[>] NP_down
[>] NP_drop
[>] NP_clear
[<] NP_points points=1
[>] NP_newPiece shape=2
[<] NP_boardDump size=40 dump=7fc06fc06fc07dc039c0198018800000000000000000000000000000000000000000000000000000
[>] NP_down
[>] NP_down
[>] NP_right
[>] NP_right
[>] NP_down
[>] NP_drop
[>] NP_left
[>] NP_down
[>] NP_down
[>] NP_newPiece shape=11
[<] NP_boardDump size=40 dump=7fc06fc06fc07dc03fc01f8018800000000000000000000000000000000000000000000000000000
[>] NP_down
[>] NP_rotate
[>] NP_left
[>] NP_down
[>] NP_left
[>] NP_down
[>] NP_left
[>] NP_left
[>] NP_down
[>] NP_drop
[>] NP_newPiece shape=2
[<] NP_boardDump size=40 dump=7fc06fc06fc07dc07fc07f8058800000000000000000000000000000000000000000000000000000
[>] NP_right
[>] NP_down
[>] NP_down
[>] NP_drop
[>] NP_newPiece shape=0
[<] NP_boardDump size=40 dump=7fc06fc06fc07dc07fc07f805e800600000000000000000000000000000000000000000000000000
[>] NP_down
[>] NP_rotate
[>] NP_left
[>] NP_down
[>] NP_left
[>] NP_down
[>] NP_left
[>] NP_left
[>] NP_down
[>] NP_left
[>] NP_down
[>] NP_drop
[>] NP_clear
[<] NP_points points=1
[>] NP_newPiece shape=15
[<] NP_boardDump size=40 dump=efc0efc0fdc07fc07f805e8006000000000000000000000000000000000000000000000000000000
[>] NP_down
[>] NP_down
[>] NP_left
[>] NP_rotate
[>] NP_down
[>] NP_right
[>] NP_left
[>] NP_down
[>] NP_left
[>] NP_left
[>] NP_down
[>] NP_left
[>] NP_down
[>] NP_drop
[>] NP_newPiece shape=15
[<] NP_boardDump size=40 dump=efc0efc0fdc07fc07f807e8066004000000000000000000000000000000000000000000000000000
[>] NP_down
[>] NP_rotate
[>] NP_left
[>] NP_down
[>] NP_rotate
[>] NP_right
[>] NP_down
[>] NP_drop
[>] NP_left
[>] NP_down
[>] NP_newPiece shape=11
[<] NP_boardDump size=40 dump=efc0efc0fdc07fc07f807e807e004c00000000000000000000000000000000000000000000000000
[>] NP_right
[>] NP_down
[>] NP_rotate
[>] NP_down
[>] NP_rotate
[>] NP_down
[>] NP_rotate
[>] NP_rotate
[>] NP_down
[>] NP_rotate
[>] NP_right
[>] NP_down
[>] NP_drop
[>] NP_newPiece shape=17
[<] NP_boardDump size=40 dump=efc0efc0fdc07fc07f807f807f804d00000000000000000000000000000000000000000000000000
[>] NP_down
[>] NP_rotate
[>] NP_down
[>] NP_left
[>] NP_down
[>] NP_drop
[>] NP_newPiece shape=7
[<] NP_boardDump size=40 dump=efc0efc0fdc07fc07f807f807f805d00180008000000000000000000000000000000000000000000
[>] NP_down
[>] NP_rotate
[>] NP_down
[>] NP_down
[>] NP_left
[>] NP_left
[>] NP_down
[>] NP_left
[>] NP_left
[>] NP_down
[>] NP_left
[>] NP_drop
[>] NP_newPiece shape=3
[<] NP_boardDump size=40 dump=efc0efc0fdc07fc07f807f80ff80dd00d80008000000000000000000000000000000000000000000
[>] NP_down
[>] NP_rotate
[>] NP_down
[>] NP_rotate
[>] NP_rotate
[>] NP_left
[>] NP_down
[>] NP_left
[>] NP_down
[>] NP_left
[>] NP_drop
[>] NP_newPiece shape=3
[<] NP_boardDump size=40 dump=efc0efc0fdc07fc07f807f80ff80fd00f80068000000000000000000000000000000000000000000
[>] NP_right
[>] NP_down
[>] NP_rotate
[>] NP_down
[>] NP_left
[>] NP_left
[>] NP_down
[>] NP_rotate
[>] NP_down
[>] NP_rotate
[>] NP_left
[>] NP_down
[>] NP_rotate
[>] NP_left
[>] NP_down
[>] NP_left
[>] NP_drop
[>] NP_newPiece shape=7
[<] NP_boardDump size=40 dump=efc0efc0fdc07fc07f807f80ff80fd00f800e800e000000000000000000000000000000000000000
[>] NP_down
[>] NP_rotate
[>] NP_left
[>] NP_down
[>] NP_left
[>] NP_down
[>] NP_rotate
[>] NP_rotate
[>] NP_down
[>] NP_left
[>] NP_rotate
[>] NP_down
[>] NP_rotate
[>] NP_down
[>] NP_rotate
[>] NP_left
[>] NP_down
[>] NP_drop
[>] NP_newPiece shape=11
[<] NP_boardDump size=40 dump=efc0efc0fdc07fc07f807f80ff80fd00f800e800e000e00080000000000000000000000000000000
[>] NP_down
[>] NP_rotate
[>] NP_down
[>] NP_rotate
[>] NP_down
[>] NP_rotate
[>] NP_down
[>] NP_right
[>] NP_drop
[>] NP_newPiece shape=2
[<] NP_boardDump size=40 dump=efc0efc0fdc07fc07f807f80ff80ff00fe00ea00e000e00080000000000000000000000000000000
[>] NP_down
[>] NP_right
[>] NP_down
[>] NP_left
[>] NP_left
[>] NP_down
[>] NP_left
[>] NP_left
[>] NP_down
[>] NP_drop
[>] NP_newPiece shape=3
[<] NP_boardDump size=40 dump=efc0efc0fdc07fc07f807f80ff80ff00fe00ea00e000e000e0006000000000000000000000000000
[>] NP_right
[>] NP_rotate
[>] NP_down
[>] NP_rotate
[>] NP_down
[>] NP_rotate
[>] NP_down
[>] NP_right
[>] NP_down
[>] NP_right
[>] NP_right
[>] NP_down
[>] NP_drop
[>] NP_clear
[<] NP_points points=2
[>] NP_giveJunk count=1
[>] NP_newPiece shape=7
[<] NP_boardDump size=40 dump=efc0efc0fdc07fc07f807fc0fe00ea00e000e000e000600000000000000000000000000000000000
[>] NP_down
[>] NP_right
[>] NP_rotate
[>] NP_down
[>] NP_rotate
[>] NP_right
[>] NP_down
[>] NP_right
[>] NP_down
[>] NP_drop
[>] NP_clear
[<] NP_points points=1
[>] NP_newPiece shape=3
[<] NP_boardDump size=40 dump=efc0efc0fdc07fc07f807fc0eb00e000e000e0006000000000000000000000000000000000000000
[>] NP_down
[>] NP_right
[>] NP_down
[>] NP_rotate
[>] NP_rotate
[>] NP_down
[>] NP_right
[>] NP_down
[>] NP_rotate
[>] NP_rotate
[>] NP_down
[>] NP_rotate
[>] NP_right
[>] NP_down
[>] NP_drop
[>] NP_newPiece shape=2
[<] NP_boardDump size=40 dump=efc0efc0fdc07fc07f807fc0ebc0e080e080e0006000000000000000000000000000000000000000
[>] NP_down
[>] NP_right
[>] NP_down
[>] NP_right
[>] NP_drop
[>] NP_newPiece shape=15
[<] NP_boardDump size=40 dump=efc0efc0fdc07fc07f807fc0ebc0e380e380e0006000000000000000000000000000000000000000
[>] NP_down
[>] NP_rotate
[>] NP_down
[>] NP_left
[>] NP_right
[>] NP_down
[>] NP_left
[>] NP_down
[>] NP_drop
[>] NP_newPiece shape=11
[<] NP_boardDump size=40 dump=efc0efc0fdc07fc07f807fc0efc0ef80eb80e0006000000000000000000000000000000000000000
[>] NP_down
[>] NP_right
[>] NP_rotate
[>] NP_down
[>] NP_left
[>] NP_rotate
[>] NP_down
[>] NP_rotate
[>] NP_down
[>] NP_right
[>] NP_drop
[>] NP_rotate
[>] NP_newPiece shape=3
[<] NP_boardDump size=40 dump=efc0efc0fdc07fc07f807fc0efc0ef80eb80e2006700000000000000000000000000000000000000
[>] NP_left
[>] NP_down
[>] NP_rotate
[>] NP_down
[>] NP_rotate
[>] NP_down
[>] NP_right
[>] NP_down
[>] NP_rotate
[>] NP_right
[>] NP_down
[>] NP_right
[>] NP_right
[>] NP_down
[>] NP_right
[>] NP_drop
[>] NP_newPiece shape=7
[<] NP_boardDump size=40 dump=efc0efc0fdc07fc07f807fc0efc0efc0ebc0e2c06700000000000000000000000000000000000000
[>] NP_down
[>] NP_rotate
[>] NP_left
[>] NP_down
[>] NP_left
[>] NP_down
[>] NP_drop
[>] NP_clear
[<] NP_points points=1
[>] NP_newPiece shape=0
[<] NP_boardDump size=40 dump=efc0efc0fdc07fc07f807fc0efc0fbc0fac067000000000000000000000000000000000000000000
[>] NP_down
[>] NP_rotate
[>] NP_right
[>] NP_down
[>] NP_right
[>] NP_right
[>] NP_down
[>] NP_right
[>] NP_drop
[>] NP_newPiece shape=0
[<] NP_boardDump size=40 dump=efc0efc0fdc07fc07f807fc0efc0fbc0fac067400040004000400000000000000000000000000000
[>] NP_right
[>] NP_rotate
[>] NP_down
[>] NP_right
[>] NP_down
[>] NP_right
[>] NP_drop
[>] NP_newPiece shape=2
[<] NP_boardDump size=40 dump=efc0efc0fdc07fc07f807fc0efc0fbc0fac067c000c000c000c00000000000000000000000000000
[>] NP_down
[>] NP_left
[>] NP_down
[>] NP_drop
[>] NP_newPiece shape=17
[<] NP_boardDump size=40 dump=efc0efc0fdc07fc07f807fc0efc0fbc0fac07fc018c000c000c00000000000000000000000000000
[>] NP_rotate
[>] NP_down
[>] NP_left
[>] NP_left
[>] NP_down
[>] NP_rotate
[>] NP_down
[>] NP_left
[>] NP_rotate
[>] NP_down
[>] NP_left
[>] NP_drop
[>] NP_clear
[<] NP_points points=1
[>] NP_newPiece shape=17
[<] NP_boardDump size=40 dump=efc0efc0fdc07fc07f807fc0efc0fbc0fac0d8c040c000c000000000000000000000000000000000
[>] NP_down
[>] NP_rotate
[>] NP_down
[>] NP_left
[>] NP_left
[>] NP_down
[>] NP_drop
[>] NP_newPiece shape=0
[<] NP_boardDump size=40 dump=efc0efc0fdc07fc07f807fc0efc0fbc0fac0f8c070c010c000000000000000000000000000000000
[>] NP_down
[>] NP_right
[>] NP_rotate
[>] NP_left
[>] NP_down
[>] NP_drop
[>] NP_clear
[<] NP_points points=1
[>] NP_newPiece shape=15
[<] NP_boardDump size=40 dump=efc0efc0fdc07fc07f807fc0efc0fec0fcc074c010c0000000000000000000000000000000000000
[>] NP_down
[>] NP_rotate
[>] NP_down
[>] NP_right
[>] NP_down
[>] NP_drop
[>] NP_clear
[<] NP_points points=2
[>] NP_giveJunk count=1
[>] NP_newPiece shape=2
[<] NP_boardDump size=40 dump=efc0efc0fdc07fc07f807fc0efc076c010c000000000000000000000000000000000000000000000
[>] NP_down
[>] NP_right
[>] NP_down
[>] NP_right
[>] NP_down
[>] NP_right
[>] NP_right
[>] NP_down
[>] NP_drop
[>] NP_newPiece shape=3
[<] NP_boardDump size=40 dump=efc0efc0fdc07fc07f807fc0efc076c010c000c000c0000000000000000000000000000000000000
[>] NP_down
[>] NP_right
[>] NP_rotate
[>] NP_down
[>] NP_rotate
[>] NP_down
[>] NP_rotate
[>] NP_rotate
[>] NP_left
[>] NP_down
[>] NP_drop
[>] NP_newPiece shape=11
[<] NP_boardDump size=40 dump=efc0efc0fdc07fc07f807fc0efc07ec01ec000c000c0000000000000000000000000000000000000
[>] NP_down
[>] NP_rotate
[>] NP_left
[>] NP_down
[>] NP_left
[>] NP_left
[>] NP_down
[>] NP_left
[>] NP_left
[>] NP_down
[>] NP_drop
[>] NP_newPiece shape=0
[<] NP_boardDump size=40 dump=efc0efc0fdc07fc07f807fc0efc0fec0dec080c000c0000000000000000000000000000000000000
[>] NP_rotate
[>] NP_down
[>] NP_left
[>] NP_right
[>] NP_down
[>] NP_right
[>] NP_right
[>] NP_down
[>] NP_drop
[>] NP_clear
[<] NP_points points=1
[>] NP_newPiece shape=7
[<] NP_boardDump size=40 dump=efc0efc0fdc07fc07f807fc0efc0dfc081c001c00000000000000000000000000000000000000000
[>] NP_down
[>] NP_rotate
[>] NP_left
[>] NP_down
[>] NP_rotate
[>] NP_rotate
[>] NP_down
[>] NP_right
[>] NP_down
[>] NP_rotate
[>] NP_down
[>] NP_rotate
[>] NP_rotate
[>] NP_down
[>] NP_down
[>] NP_drop
[>] NP_newPiece shape=0
[<] NP_boardDump size=40 dump=efc0efc0fdc07fc07f807fc0efc0dfc08fc009c00000000000000000000000000000000000000000
[>] NP_left
[>] NP_down
[>] NP_rotate
[>] NP_down
[>] NP_right
[>] NP_right
[>] NP_down
[>] NP_right
[>] NP_right
[>] NP_down
[>] NP_right
[>] NP_down
[>] NP_drop
[>] NP_newPiece shape=2
[<] NP_boardDump size=40 dump=efc0efc0fdc07fc07f807fc0efc0dfc08fc009c00040004000400040000000000000000000000000
[>] NP_left
[>] NP_down
[>] NP_rotate
[>] NP_down
[>] NP_right
[>] NP_right
[>] NP_down
[>] NP_right
[>] NP_drop
[>] NP_right
[>] NP_newPiece shape=2
[<] NP_boardDump size=40 dump=efc0efc0fdc07fc07f807fc0efc0dfc08fc009c001c001c000400040000000000000000000000000
[>] NP_down
[>] NP_left
[>] NP_left
[>] NP_down
[>] NP_right
[>] NP_down
[>] NP_drop
[>] NP_right
[>] NP_newPiece shape=17
[<] NP_boardDump size=40 dump=efc0efc0fdc07fc07f807fc0efc0dfc08fc009c00dc00dc000400040000000000000000000000000
[>] NP_down
[>] NP_right
[>] NP_left
[>] NP_down
[>] NP_rotate
[>] NP_down
[>] NP_left
[>] NP_down
[>] NP_left
[>] NP_drop
[>] NP_clear
[<] NP_points points=1
[>] NP_newPiece shape=15
[<] NP_boardDump size=40 dump=efc0efc0fdc07fc07f807fc0efc0bfc019c00dc00dc0004000400000000000000000000000000000
[>] NP_rotate
[>] NP_down
[>] NP_left
[>] NP_left
[>] NP_down
[>] NP_left
[>] NP_left
[>] NP_down
[>] NP_left
[>] NP_drop
[>] NP_clear
[<] NP_points points=1
[>] NP_newPiece shape=17
[<] NP_boardDump size=40 dump=efc0efc0fdc07fc07f807fc0efc0d9c08dc00dc00040004000000000000000000000000000000000
[>] NP_down
[>] NP_rotate
[>] NP_left
[>] NP_left
[>] NP_down
[>] NP_down
[>] NP_drop
[>] NP_newPiece shape=7
[<] NP_boardDump size=40 dump=efc0efc0fdc07fc07f807fc0efc0f9c0bdc01dc00040004000000000000000000000000000000000
[>] NP_rotate
[>] NP_down
[>] NP_left
[>] NP_down
[>] NP_right
[>] NP_down
[>] NP_right
[>] NP_down
[>] NP_drop
[>] NP_newPiece shape=3
[<] NP_boardDump size=40 dump=efc0efc0fdc07fc07f807fc0efc0f9c0bfc01fc00340004000000000000000000000000000000000
[>] NP_down
[>] NP_rotate
[>] NP_down
[>] NP_rotate
[>] NP_down
[>] NP_left
[>] NP_down
[>] NP_left
[>] NP_left
[>] NP_down
[>] NP_left
[>] NP_drop
[>] NP_clear
[<] NP_points points=1
[>] NP_newPiece shape=0
[<] NP_boardDump size=40 dump=efc0efc0fdc07fc07f807fc0efc0f9c0bfc023400040000000000000000000000000000000000000
[>] NP_down
[>] NP_rotate
[>] NP_left
[>] NP_left
[>] NP_down
[>] NP_left
[>] NP_left
[>] NP_down
[>] NP_drop
[>] NP_clear
[<] NP_points points=1
[>] NP_newPiece shape=17
[<] NP_boardDump size=40 dump=efc0efc0fdc07fc07f807fc0efc0f9c0634040404000000000000000000000000000000000000000
[>] NP_down
[>] NP_rotate
[>] NP_down
[>] NP_down
[>] NP_rotate
[>] NP_left
[>] NP_down
[>] NP_left
[>] NP_down
[>] NP_drop
[>] NP_newPiece shape=7
[<] NP_boardDump size=40 dump=efc0efc0fdc07fc07f807fc0efc0f9c07b4070404000000000000000000000000000000000000000
[>] NP_down
[>] NP_rotate
[>] NP_down
[>] NP_drop
[>] NP_newPiece shape=11
[<] NP_boardDump size=40 dump=efc0efc0fdc07fc07f807fc0efc0fdc07f4076404000000000000000000000000000000000000000
[>] NP_right
[>] NP_down
[>] NP_rotate
[>] NP_rotate
[>] NP_down
[>] NP_rotate
[>] NP_right
[>] NP_down
[>] NP_right
[>] NP_down
[>] NP_drop
[>] NP_newPiece shape=17
[<] NP_boardDump size=40 dump=efc0efc0fdc07fc07f807fc0efc0fdc07fc077c04080000000000000000000000000000000000000
[>] NP_down
[>] NP_right
[>] NP_down
[>] NP_rotate
[>] NP_right
[>] NP_down
[>] NP_down
[>] NP_right
[>] NP_down
[>] NP_left
[>] NP_left
[>] NP_down
[>] NP_left
[>] NP_down
[>] NP_drop
[>] NP_newPiece shape=15
[<] NP_boardDump size=40 dump=efc0efc0fdc07fc07f807fc0efc0fdc07fc07fc04c80040000000000000000000000000000000000
[>] NP_down
[>] NP_down
[>] NP_left
[>] NP_left
[>] NP_down
[>] NP_drop
[>] NP_newPiece shape=17
[<] NP_boardDump size=40 dump=efc0efc0fdc07fc07f807fc0efc0fdc07fc07fc07c801c0000000000000000000000000000000000
[>] NP_down
[>] NP_right
[>] NP_down
[>] NP_left
[>] NP_down
[>] NP_rotate
[>] NP_left
[>] NP_left
[>] NP_down
[>] NP_left
[>] NP_down
[>] NP_left
[>] NP_drop
[>] NP_newPiece shape=3
[<] NP_boardDump size=40 dump=efc0efc0fdc07fc07f807fc0efc0fdc07fc07fc0fc80dc0040000000000000000000000000000000
[>] NP_right
[>] NP_down
[>] NP_rotate
[>] NP_rotate
[>] NP_down
[>] NP_right
[>] NP_down
[>] NP_rotate
[>] NP_rotate
[>] NP_down
[>] NP_rotate
[>] NP_down
[>] NP_left
[>] NP_drop
[>] NP_newPiece shape=15
[<] NP_boardDump size=40 dump=efc0efc0fdc07fc07f807fc0efc0fdc07fc07fc0ff80de0042000000000000000000000000000000
[>] NP_right
[>] NP_down
[>] NP_rotate
[>] NP_down
[>] NP_left
[>] NP_left
[>] NP_down
[>] NP_rotate
[>] NP_right
[>] NP_down
[>] NP_right
[>] NP_rotate
[>] NP_down
[>] NP_right
[>] NP_right
[>] NP_down
[>] NP_drop
[>] NP_clear
[<] NP_points points=1
[>] NP_newPiece shape=15
[<] NP_boardDump size=40 dump=efc0efc0fdc07fc07f807fc0efc0fdc07fc07fc0dec0428000000000000000000000000000000000
[>] NP_down
[>] NP_left
[>] NP_rotate
[>] NP_down
[>] NP_right
[>] NP_down
[>] NP_right
[>] NP_right
[>] NP_down
[>] NP_right
[>] NP_drop
[>] NP_newPiece shape=11
[<] NP_boardDump size=40 dump=efc0efc0fdc07fc07f807fc0efc0fdc07fc07fc0dec042c000c00080000000000000000000000000
[>] NP_down
[>] NP_left
[>] NP_down
[>] NP_rotate
[>] NP_down
[>] NP_left
[>] NP_left
[>] NP_down
[>] NP_drop
[>] NP_newPiece shape=2
[<] NP_boardDump size=40 dump=efc0efc0fdc07fc07f807fc0efc0fdc07fc07fc0fec072c020c00080000000000000000000000000
[>] NP_down
[>] NP_right
[>] NP_down
[>] NP_left
[>] NP_down
[>] NP_drop
[>] NP_newPiece shape=17
[<] NP_boardDump size=40 dump=efc0efc0fdc07fc07f807fc0efc0fdc07fc07fc0fec07ec02cc00080000000000000000000000000
[>] NP_down
[>] NP_rotate
[>] NP_left
[>] NP_down
[>] NP_left
[>] NP_down
[>] NP_left
[>] NP_down
[>] NP_left
[>] NP_drop
[>] NP_newPiece shape=15
[<] NP_boardDump size=40 dump=efc0efc0fdc07fc07f807fc0efc0fdc07fc07fc0fec0fec0ecc04080000000000000000000000000
[>] NP_down
[>] NP_rotate
[>] NP_down
[>] NP_left
[>] NP_down
[>] NP_left
[>] NP_left
[>] NP_down
[>] NP_left
[>] NP_drop
[>] NP_right
[>] NP_down
[>] NP_newPiece shape=0
[<] NP_boardDump size=40 dump=efc0efc0fdc07fc07f807fc0efc0fdc07fc07fc0fec0fec0fcc07080200000000000000000000000
[>] NP_down
[>] NP_rotate
[>] NP_right
[>] NP_down
[>] NP_right
[>] NP_right
[>] NP_down
[>] NP_left
[>] NP_down
[>] NP_down
[>] NP_drop
[>] NP_clear
[<] NP_points points=2
[>] NP_giveJunk count=1
[>] NP_newPiece shape=0
[<] NP_boardDump size=40 dump=efc0efc0fdc07fc07f807fc0efc0fdc07fc07fc0fdc0718020000000000000000000000000000000
[>] NP_down
[>] NP_rotate
[>] NP_down
[>] NP_right
[>] NP_drop
[>] NP_clear
[<] NP_points points=1
[>] NP_newPiece shape=3
[<] NP_boardDump size=40 dump=efc0efc0fdc07fc07f807fc0efc0fdc07fc07fc07380220002000000000000000000000000000000
[>] NP_down
[>] NP_rotate
[>] NP_down
[>] NP_left
[>] NP_down
[>] NP_down
[>] NP_drop
[>] NP_newPiece shape=17
[<] NP_boardDump size=40 dump=efc0efc0fdc07fc07f807fc0efc0fdc07fc07fc07f802a000a000000000000000000000000000000
[>] NP_rotate
[>] NP_down
[>] NP_down
[>] NP_left
[>] NP_right
[>] NP_down
[>] NP_right
[>] NP_down
[>] NP_right
[>] NP_rotate
[>] NP_down
[>] NP_right
[>] NP_down
[>] NP_drop
[>] NP_newPiece shape=17
[<] NP_boardDump size=40 dump=efc0efc0fdc07fc07f807fc0efc0fdc07fc07fc07f802ac00b800000000000000000000000000000
[>] NP_left
[>] NP_down
[>] NP_rotate
[>] NP_left
[>] NP_down
[>] NP_left
[>] NP_left
[>] NP_down
[>] NP_drop
[>] NP_newPiece shape=0
[<] NP_boardDump size=40 dump=efc0efc0fdc07fc07f807fc0efc0fdc07fc07fc0ff80eac04b800000000000000000000000000000
[>] NP_down
[>] NP_rotate
[>] NP_right
[>] NP_down
[>] NP_left
[>] NP_down
[>] NP_down
[>] NP_drop
[>] NP_newPiece shape=17
[<] NP_boardDump size=40 dump=efc0efc0fdc07fc07f807fc0efc0fdc07fc07fc0ff80eec04f800400040000000000000000000000
[>] NP_rotate
[>] NP_down
[>] NP_left
[>] NP_down
[>] NP_left
[>] NP_left
[>] NP_down
[>] NP_left
[>] NP_down
[>] NP_drop
[>] NP_newPiece shape=2
[<] NP_boardDump size=40 dump=efc0efc0fdc07fc07f807fc0efc0fdc07fc07fc0ff80eec0cf80c400440000000000000000000000
[>] NP_rotate
[>] NP_down
[>] NP_left
[>] NP_right
[>] NP_down
[>] NP_right
[>] NP_right
[>] NP_down
[>] NP_drop
[>] NP_newPiece shape=7
[<] NP_boardDump size=40 dump=efc0efc0fdc07fc07f807fc0efc0fdc07fc07fc0ff80eec0cf80c700470000000000000000000000
[>] NP_rotate
[>] NP_down
[>] NP_left
[>] NP_down
[>] NP_right
[>] NP_down
[>] NP_left
[>] NP_left
[>] NP_down
[>] NP_rotate
[>] NP_down
[>] NP_rotate
[>] NP_down
[>] NP_rotate
[>] NP_rotate
[>] NP_down
[>] NP_drop
[>] NP_newPiece shape=0
[<] NP_boardDump size=40 dump=efc0efc0fdc07fc07f807fc0efc0fdc07fc07fc0ff80fec0df80df00470000000000000000000000
[>] NP_right
[>] NP_down
[>] NP_rotate
[>] NP_right
[>] NP_down
[>] NP_right
[>] NP_right
[>] NP_down
[>] NP_drop
[>] NP_newPiece shape=7
[<] NP_boardDump size=40 dump=efc0efc0fdc07fc07f807fc0efc0fdc07fc07fc0ff80fec0dfc0df40474000400000000000000000
[>] NP_down
[>] NP_left
[>] NP_rotate
[>] NP_left
[>] NP_down
[>] NP_left
[>] NP_down
[>] NP_drop
[>] NP_clear
[<] NP_points points=1
[>] NP_newPiece shape=11
[<] NP_boardDump size=40 dump=efc0efc0fdc07fc07f807fc0efc0fdc07fc07fc0ff80fec0ff407740004000000000000000000000
[>] NP_down
[>] NP_left
[>] NP_down
[>] NP_drop
[>] NP_newPiece shape=0
[<] NP_boardDump size=40 dump=efc0efc0fdc07fc07f807fc0efc0fdc07fc07fc0ff80fec0ff407f401c4000000000000000000000
[>] NP_right
[>] NP_rotate
[>] NP_down
[>] NP_right
[>] NP_down
[>] NP_right
[>] NP_drop
[>] NP_clear
[<] NP_points points=1
[>] NP_newPiece shape=11
[<] NP_boardDump size=40 dump=efc0efc0fdc07fc07f807fc0efc0fdc07fc07fc0ff80fec07fc01cc0008000000000000000000000
[>] NP_down
[>] NP_left
[>] NP_down
[>] NP_rotate
[>] NP_left
[>] NP_down
[>] NP_left
[>] NP_left
[>] NP_down
[>] NP_left
[>] NP_drop
[>] NP_clear
[<] NP_points points=1
[>] NP_newPiece shape=3
[<] NP_boardDump size=40 dump=efc0efc0fdc07fc07f807fc0efc0fdc07fc07fc0ff80fec0dcc08080000000000000000000000000
[>] NP_down
[>] NP_left
[>] NP_down
[>] NP_left
[>] NP_drop
[>] NP_newPiece shape=15
[<] NP_boardDump size=40 dump=efc0efc0fdc07fc07f807fc0efc0fdc07fc07fc0ff80fec0fcc0b880000000000000000000000000
[>] NP_down
[>] NP_rotate
[>] NP_down
[>] NP_right
[>] NP_down
[>] NP_drop
[>] NP_clear
[<] NP_points points=2
[>] NP_giveJunk count=1
[>] NP_newPiece shape=3
[<] NP_boardDump size=40 dump=efc0efc0fdc07fc07f807fc0efc0fdc07fc07fc0ff80ba8000000000000000000000000000000000
[>] NP_down
[>] NP_down
[>] NP_rotate
[>] NP_rotate
[>] NP_down
[>] NP_rotate
[>] NP_right
[>] NP_down
[>] NP_right
[>] NP_right
[>] NP_down
[>] NP_right
[>] NP_down
[>] NP_drop
[>] NP_clear
[<] NP_points points=1
[>] NP_newPiece shape=17
[<] NP_boardDump size=40 dump=efc0efc0fdc07fc07f807fc0efc0fdc07fc07fc0bac000c000000000000000000000000000000000
[>] NP_down
[>] NP_rotate
[>] NP_down
[>] NP_right
[>] NP_down
[>] NP_left
[>] NP_down
[>] NP_left
[>] NP_left
[>] NP_down
[>] NP_left
[>] NP_down
[>] NP_drop
[>] NP_newPiece shape=15
[<] NP_boardDump size=40 dump=efc0efc0fdc07fc07f807fc0efc0fdc07fc07fc0fac060c020000000000000000000000000000000
[>] NP_down
[>] NP_rotate
[>] NP_down
[>] NP_left
[>] NP_down
[>] NP_drop
[>] NP_newPiece shape=3
[<] NP_boardDump size=40 dump=efc0efc0fdc07fc07f807fc0efc0fdc07fc07fc0fec06cc028000000000000000000000000000000
[>] NP_down
[>] NP_down
[>] NP_rotate
[>] NP_left
[>] NP_down
[>] NP_rotate
[>] NP_left
[>] NP_down
[>] NP_rotate
[>] NP_left
[>] NP_down
[>] NP_right
[>] NP_down
[>] NP_drop
[>] NP_newPiece shape=11
[<] NP_boardDump size=40 dump=efc0efc0fdc07fc07f807fc0efc0fdc07fc07fc0fec07cc038003000000000000000000000000000
[>] NP_down
[>] NP_right
[>] NP_rotate
[>] NP_down
[>] NP_rotate
[>] NP_rotate
[>] NP_down
[>] NP_right
[>] NP_down
[>] NP_drop
[>] NP_clear
[<] NP_points points=1
[>] NP_newPiece shape=3
[<] NP_boardDump size=40 dump=efc0efc0fdc07fc07f807fc0efc0fdc07fc07fc07fc0390030000000000000000000000000000000
[>] NP_down
[>] NP_down
[>] NP_right
[>] NP_down
[>] NP_rotate
[>] NP_down
[>] NP_left
[>] NP_down
[>] NP_drop
[>] NP_newPiece shape=15
[<] NP_boardDump size=40 dump=efc0efc0fdc07fc07f807fc0efc0fdc07fc07fc07fc03f0034000400000000000000000000000000
[>] NP_down
[>] NP_rotate
[>] NP_left
[>] NP_down
[>] NP_left
[>] NP_right
[>] NP_down
[>] NP_right
[>] NP_down
[>] NP_right
[>] NP_right
[>] NP_down
[>] NP_drop
[>] NP_newPiece shape=7
[<] NP_boardDump size=40 dump=efc0efc0fdc07fc07f807fc0efc0fdc07fc07fc07fc03f8035800500000000000000000000000000
[>] NP_down
[>] NP_rotate
[>] NP_left
[>] NP_left
[>] NP_down
[>] NP_left
[>] NP_down
[>] NP_left
[>] NP_left
[>] NP_down
[>] NP_drop
[>] NP_clear
[<] NP_points points=2
[>] NP_giveJunk count=1
[>] NP_newPiece shape=17
[<] NP_boardDump size=40 dump=efc0efc0fdc07fc07f807fc0efc0fdc07fc0ff803580050000000000000000000000000000000000
[>] NP_down
[>] NP_down
[>] NP_left
[>] NP_rotate
[>] NP_down
[>] NP_left
[>] NP_left
[>] NP_down
[>] NP_drop
[>] NP_newPiece shape=15
[<] NP_boardDump size=40 dump=efc0efc0fdc07fc07f807fc0efc0fdc07fc0ff807580650020000000000000000000000000000000
[>] NP_down
[>] NP_rotate
[>] NP_down
[>] NP_left
[>] NP_left
[>] NP_down
[>] NP_drop
[>] NP_newPiece shape=7
[<] NP_boardDump size=40 dump=efc0efc0fdc07fc07f807fc0efc0fdc07fc0ff807d807d0030000000000000000000000000000000
[>] NP_down
[>] NP_rotate
[>] NP_down
[>] NP_right
[>] NP_down
[>] NP_drop
[>] NP_newPiece shape=11
[<] NP_boardDump size=40 dump=efc0efc0fdc07fc07f807fc0efc0fdc07fc0ff807f807f0033000000000000000000000000000000
[>] NP_down
[>] NP_down
[>] NP_rotate
[>] NP_down
[>] NP_rotate
[>] NP_left
[>] NP_down
[>] NP_rotate
[>] NP_down
[>] NP_down
[>] NP_drop
[>] NP_newPiece shape=2
[<] NP_boardDump size=40 dump=efc0efc0fdc07fc07f807fc0efc0fdc07fc0ff807f807f003b001800080000000000000000000000
[>] NP_right
[>] NP_rotate
[>] NP_down
[>] NP_right
[>] NP_down
[>] NP_right
[>] NP_right
[>] NP_down
[>] NP_drop
[>] NP_newPiece shape=0
[<] NP_boardDump size=40 dump=efc0efc0fdc07fc07f807fc0efc0fdc07fc0ff807f807fc03bc01800080000000000000000000000
[>] NP_down
[>] NP_rotate
[>] NP_left
[>] NP_left
[>] NP_down
[>] NP_left
[>] NP_left
[>] NP_down
[>] NP_left
[>] NP_drop
[>] NP_clear
[<] NP_points points=1
[>] NP_newPiece shape=7
[<] NP_boardDump size=40 dump=efc0efc0fdc07fc07f807fc0efc0fdc07fc0ff80ff80bbc098000800000000000000000000000000
[>] NP_down
[>] NP_right
[>] NP_down
[>] NP_rotate
[>] NP_down
[>] NP_rotate
[>] NP_right
[>] NP_down
[>] NP_rotate
[>] NP_right
[>] NP_down
[>] NP_drop
[>] NP_newPiece shape=2
[<] NP_boardDump size=40 dump=efc0efc0fdc07fc07f807fc0efc0fdc07fc0ff80ff80bbc099800880008000000000000000000000
[>] NP_down
[>] NP_down
[>] NP_left
[>] NP_left
[>] NP_down
[>] NP_left
[>] NP_drop
[>] NP_newPiece shape=11
[<] NP_boardDump size=40 dump=efc0efc0fdc07fc07f807fc0efc0fdc07fc0ff80ff80bbc0f9806880008000000000000000000000
[>] NP_down
[>] NP_rotate
[>] NP_down
[>] NP_drop
[>] NP_newPiece shape=11
[<] NP_boardDump size=40 dump=efc0efc0fdc07fc07f807fc0efc0fdc07fc0ff80ff80bfc0ff806c80008000000000000000000000
[>] NP_down
[>] NP_left
[>] NP_down
[>] NP_left
[>] NP_drop
[>] NP_newPiece shape=0
[<] NP_boardDump size=40 dump=efc0efc0fdc07fc07f807fc0efc0fdc07fc0ff80ff80bfc0ff807c80388000000000000000000000
[>] NP_down
[>] NP_rotate
[>] NP_down
[>] NP_right
[>] NP_right
[>] NP_down
[>] NP_down
[>] NP_newPiece shape=17
[<] NP_boardDump size=40 dump=efc0efc0fdc07fc07f807fc0efc0fdc07fc0ff80ff80bfc0ff807d80398001000100000000000000
[>] NP_down
[>] NP_rotate
[>] NP_down
[>] NP_left
[>] NP_left
[>] NP_down
[>] NP_left
[>] NP_left
[>] NP_down
[>] NP_drop
[>] NP_newPiece shape=3
[<] NP_boardDump size=40 dump=efc0efc0fdc07fc07f807fc0efc0fdc07fc0ff80ff80bfc0ff80fd80f98041000100000000000000
[>] NP_down
[>] NP_down
[>] NP_left
[>] NP_down
[>] NP_rotate
[>] NP_left
[>] NP_rotate
[>] NP_down
[>] NP_down
[>] NP_newPiece shape=17
[<] NP_boardDump size=40 dump=efc0efc0fdc07fc07f807fc0efc0fdc07fc0ff80ff80bfc0ff80fd80f98079000900000000000000
[>] NP_right
[>] NP_down
[>] NP_down
[>] NP_left
[>] NP_rotate
[<] NP_endConn
